15.4036 	WARNING 	ExperimentHandler created with no dataFileName parameter. No data will be saved in the event of a crash
15.4147 	WARNING 	Requested an unavailable screen number - using first available.
15.4160 	WARNING 	User requested fullscreen with size [800 600], but screen is actually [1512, 982]. Using actual size
16.5270 	WARNING 	Couldn't measure a consistent frame rate!
  - Is your graphics card set to sync to vertical blank?
  - Are you running other processes on your computer?

16.5274 	EXP 	Created window1 = Window(allowGUI=True, allowStencil=False, autoLog=True, backendConf=UNKNOWN, backgroundFit=<method-wrapper '__getattribute__' of attributeSetter object at 0x7f9900826160>, backgroundImage=<method-wrapper '__getattribute__' of attributeSetter object at 0x7f9900826100>, bitsMode=UNKNOWN, blendMode='avg', bpc=(8, 8, 8), color=array([-1, -1, -1]), colorSpace='rgb', depthBits=8, fullscr=<method-wrapper '__getattribute__' of attributeSetter object at 0x7f9900354f70>, gamma=None, gammaErrorPolicy='raise', infoMsg=UNKNOWN, lms=UNKNOWN, monitor=<psychopy.monitors.calibTools.Monitor object at 0x7f98f18e7040>, multiSample=False, name='window1', numSamples=2, pos=[378.0, 245.5], screen=1, size=array([3024, 1964]), stencilBits=0, stereo=False, title='PsychoPy', units='deg', useFBO=False, useRetina=True, viewOri=0.0, viewPos=None, viewScale=None, waitBlanking=True, winType='pyglet')
16.5274 	EXP 	window1: backgroundImage = None
16.5274 	EXP 	window1: backgroundFit = 'cover'
16.5278 	EXP 	window1: mouseVisible = <method-wrapper '__getattribute__' of attributeSetter object at 0x7f9900826280>
16.5546 	EXP 	Created unnamed TextStim = TextStim(__class__=<class 'psychopy.visual.text.TextStim'>, alignHoriz=method-wrapper(...), alignText='center', alignVert=method-wrapper(...), anchorHoriz='center', anchorVert='center', antialias=True, autoDraw=False, autoLog=True, bold=True, color=array([1., 1., 1.]), colorSpace='rgb', contrast=1.0, depth=0, draggable=False, flipHoriz=False, flipVert=False, font='Geneva', fontFiles=[], height=0.5, italic=False, languageStyle='LTR', name='unnamed TextStim', opacity=1.0, ori=0.0, pos=array([0., 0.]), rgb=UNKNOWN, text='+', units='deg', win=Window(...), wrapWidth=15.0)
16.5548 	EXP 	window1: mouseVisible = <method-wrapper '__getattribute__' of attributeSetter object at 0x7f9900826280>
16.5602 	EXP 	Created unnamed TextStim = TextStim(__class__=<class 'psychopy.visual.text.TextStim'>, alignHoriz=method-wrapper(...), alignText='center', alignVert=method-wrapper(...), anchorHoriz='center', anchorVert='center', antialias=True, autoDraw=False, autoLog=True, bold=True, color=array([1., 1., 1.]), colorSpace='rgb', contrast=1.0, depth=0, draggable=False, flipHoriz=False, flipVert=False, font='Geneva', fontFiles=[], height=0.4, italic=False, languageStyle='LTR', name='unnamed TextStim', opacity=1.0, ori=0.0, pos=array([0. , 0.7]), rgb=UNKNOWN, text='Hello World', units='deg', win=Window(...), wrapWidth=15.0)
16.5603 	EXP 	window1: mouseVisible = <method-wrapper '__getattribute__' of attributeSetter object at 0x7f9900826280>
16.5653 	EXP 	Created unnamed TextStim = TextStim(__class__=<class 'psychopy.visual.text.TextStim'>, alignHoriz=method-wrapper(...), alignText='center', alignVert=method-wrapper(...), anchorHoriz='center', anchorVert='center', antialias=True, autoDraw=False, autoLog=True, bold=True, color=array([1., 1., 1.]), colorSpace='rgb', contrast=1.0, depth=0, draggable=False, flipHoriz=False, flipVert=False, font='Geneva', fontFiles=[], height=0.7, italic=False, languageStyle='LTR', name='unnamed TextStim', opacity=1.0, ori=0.0, pos=array([0. , 0.7]), rgb=UNKNOWN, text='Hello World', units='deg', win=Window(...), wrapWidth=15.0)
16.5654 	EXP 	window1: mouseVisible = <method-wrapper '__getattribute__' of attributeSetter object at 0x7f9900826280>
16.5671 	EXP 	Created unnamed TextStim = TextStim(__class__=<class 'psychopy.visual.text.TextStim'>, alignHoriz=method-wrapper(...), alignText='center', alignVert=method-wrapper(...), anchorHoriz='center', anchorVert='center', antialias=True, autoDraw=False, autoLog=True, bold=True, color=array([1., 1., 1.]), colorSpace='rgb', contrast=1.0, depth=0, draggable=False, flipHoriz=False, flipVert=False, font='Geneva', fontFiles=[], height=0.7, italic=False, languageStyle='LTR', name='unnamed TextStim', opacity=1.0, ori=0.0, pos=array([ 0. , -0.7]), rgb=UNKNOWN, text='Hello World', units='deg', win=Window(...), wrapWidth=15.0)
16.5684 	EXP 	window1: mouseVisible = False
16.5889 	WARNING 	t of last frame was 61.97ms (=1/16)
16.5889 	EXP 	unnamed TextStim: height = 0.4
16.5889 	EXP 	unnamed TextStim: height = 0.4
16.5889 	EXP 	unnamed TextStim: height = 0.4
16.5889 	EXP 	unnamed TextStim: text = 'Please press right index finger yes \n \nand press right middle finger for no'
25.2653 	DATA 	Keypress: t
25.7935 	WARNING 	t of last frame was 9204.65ms (=1/0)
25.7935 	EXP 	unnamed TextStim: height = 0.7
25.7935 	EXP 	unnamed TextStim: height = 0.7
25.7935 	EXP 	unnamed TextStim: height = 0.7
25.7935 	EXP 	unnamed TextStim: text = 'UPPERCASE'
25.7935 	EXP 	unnamed TextStim: height = 0.7
25.7935 	EXP 	unnamed TextStim: height = 0.7
25.7935 	EXP 	unnamed TextStim: height = 0.7
25.7935 	EXP 	unnamed TextStim: text = 'SELF-CONSCIOUS'
25.7935 	EXP 	unnamed TextStim: autoDraw = True
26.9359 	DATA 	Keypress: r
26.9416 	WARNING 	t of last frame was 1148.10ms (=1/0)
26.9416 	EXP 	unnamed TextStim: autoDraw = True
30.5790 	WARNING 	t of last frame was 3637.41ms (=1/0)
30.5790 	EXP 	unnamed TextStim: text = 'UPPERCASE'
30.5790 	EXP 	unnamed TextStim: height = 0.7
30.5790 	EXP 	unnamed TextStim: height = 0.7
30.5790 	EXP 	unnamed TextStim: height = 0.7
30.5790 	EXP 	unnamed TextStim: text = 'SELF-SATISFIED'
30.5790 	EXP 	unnamed TextStim: autoDraw = True
31.4301 	DATA 	Keypress: r
31.4332 	WARNING 	Multiple dropped frames have occurred - I'll stop bothering you about them!
31.4332 	EXP 	unnamed TextStim: autoDraw = True
35.3814 	EXP 	unnamed TextStim: height = 0.7
35.3814 	EXP 	unnamed TextStim: height = 0.7
35.3814 	EXP 	unnamed TextStim: height = 0.7
35.3814 	EXP 	unnamed TextStim: text = 'SELF'
35.3814 	EXP 	unnamed TextStim: height = 0.7
35.3814 	EXP 	unnamed TextStim: height = 0.7
35.3814 	EXP 	unnamed TextStim: height = 0.7
35.3814 	EXP 	unnamed TextStim: text = 'friendly'
35.3814 	EXP 	unnamed TextStim: autoDraw = True
36.4742 	DATA 	Keypress: g
36.4767 	EXP 	unnamed TextStim: autoDraw = True
37.4697 	EXP 	unnamed TextStim: text = 'SELF'
37.4697 	EXP 	unnamed TextStim: height = 0.7
37.4697 	EXP 	unnamed TextStim: height = 0.7
37.4697 	EXP 	unnamed TextStim: height = 0.7
37.4697 	EXP 	unnamed TextStim: text = 'lifeless'
37.4697 	EXP 	unnamed TextStim: autoDraw = True
38.9235 	DATA 	Keypress: g
38.9385 	EXP 	unnamed TextStim: autoDraw = True
39.7696 	EXP 	unnamed TextStim: height = 0.7
39.7696 	EXP 	unnamed TextStim: height = 0.7
39.7696 	EXP 	unnamed TextStim: height = 0.7
39.7696 	EXP 	unnamed TextStim: text = 'OBAMA'
39.7696 	EXP 	unnamed TextStim: height = 0.7
39.7696 	EXP 	unnamed TextStim: height = 0.7
39.7696 	EXP 	unnamed TextStim: height = 0.7
39.7696 	EXP 	unnamed TextStim: text = 'thoughtless'
39.7696 	EXP 	unnamed TextStim: autoDraw = True
41.3186 	DATA 	Keypress: g
41.3309 	EXP 	unnamed TextStim: autoDraw = True
42.5700 	EXP 	unnamed TextStim: height = 0.7
42.5700 	EXP 	unnamed TextStim: height = 0.7
42.5700 	EXP 	unnamed TextStim: height = 0.7
42.5700 	EXP 	unnamed TextStim: text = 'UPPERCASE'
42.5700 	EXP 	unnamed TextStim: height = 0.7
42.5700 	EXP 	unnamed TextStim: height = 0.7
42.5700 	EXP 	unnamed TextStim: height = 0.7
42.5700 	EXP 	unnamed TextStim: text = 'SELF-CONCERNED'
42.5700 	EXP 	unnamed TextStim: autoDraw = True
43.6922 	DATA 	Keypress: r
43.7024 	EXP 	unnamed TextStim: autoDraw = True
48.3823 	EXP 	unnamed TextStim: height = 0.7
48.3823 	EXP 	unnamed TextStim: height = 0.7
48.3823 	EXP 	unnamed TextStim: height = 0.7
48.3823 	EXP 	unnamed TextStim: text = 'OBAMA'
48.3823 	EXP 	unnamed TextStim: height = 0.7
48.3823 	EXP 	unnamed TextStim: height = 0.7
48.3823 	EXP 	unnamed TextStim: height = 0.7
48.3823 	EXP 	unnamed TextStim: text = 'ambitious'
48.3823 	EXP 	unnamed TextStim: autoDraw = True
49.6781 	DATA 	Keypress: g
49.6886 	EXP 	unnamed TextStim: autoDraw = True
51.7787 	EXP 	unnamed TextStim: height = 0.7
51.7787 	EXP 	unnamed TextStim: height = 0.7
51.7787 	EXP 	unnamed TextStim: height = 0.7
51.7787 	EXP 	unnamed TextStim: text = 'SELF'
51.7787 	EXP 	unnamed TextStim: height = 0.7
51.7787 	EXP 	unnamed TextStim: height = 0.7
51.7787 	EXP 	unnamed TextStim: height = 0.7
51.7787 	EXP 	unnamed TextStim: text = 'consistent'
51.7787 	EXP 	unnamed TextStim: autoDraw = True
52.5426 	DATA 	Keypress: g
52.5450 	EXP 	unnamed TextStim: autoDraw = True
53.8782 	EXP 	unnamed TextStim: height = 0.7
53.8782 	EXP 	unnamed TextStim: height = 0.7
53.8782 	EXP 	unnamed TextStim: height = 0.7
53.8782 	EXP 	unnamed TextStim: text = 'UPPERCASE'
53.8782 	EXP 	unnamed TextStim: height = 0.7
53.8782 	EXP 	unnamed TextStim: height = 0.7
53.8782 	EXP 	unnamed TextStim: height = 0.7
53.8782 	EXP 	unnamed TextStim: text = 'RECKLESS'
53.8782 	EXP 	unnamed TextStim: autoDraw = True
54.7694 	DATA 	Keypress: r
54.7718 	EXP 	unnamed TextStim: autoDraw = True
59.6849 	EXP 	unnamed TextStim: text = 'UPPERCASE'
59.6849 	EXP 	unnamed TextStim: height = 0.7
59.6849 	EXP 	unnamed TextStim: height = 0.7
59.6849 	EXP 	unnamed TextStim: height = 0.7
59.6849 	EXP 	unnamed TextStim: text = 'CRAFTY'
59.6849 	EXP 	unnamed TextStim: autoDraw = True
60.6303 	DATA 	Keypress: r
60.6342 	EXP 	unnamed TextStim: autoDraw = True
66.3836 	EXP 	unnamed TextStim: text = 'UPPERCASE'
66.3836 	EXP 	unnamed TextStim: height = 0.7
66.3836 	EXP 	unnamed TextStim: height = 0.7
66.3836 	EXP 	unnamed TextStim: height = 0.7
66.3836 	EXP 	unnamed TextStim: text = 'self-sufficient'
66.3836 	EXP 	unnamed TextStim: autoDraw = True
67.2891 	DATA 	Keypress: g
67.2916 	EXP 	unnamed TextStim: autoDraw = True
68.4776 	EXP 	unnamed TextStim: text = 'UPPERCASE'
68.4776 	EXP 	unnamed TextStim: height = 0.7
68.4776 	EXP 	unnamed TextStim: height = 0.7
68.4776 	EXP 	unnamed TextStim: height = 0.7
68.4776 	EXP 	unnamed TextStim: text = 'excited'
68.4776 	EXP 	unnamed TextStim: autoDraw = True
69.3322 	DATA 	Keypress: r
69.3347 	EXP 	unnamed TextStim: autoDraw = True
70.8774 	EXP 	unnamed TextStim: height = 0.7
70.8774 	EXP 	unnamed TextStim: height = 0.7
70.8774 	EXP 	unnamed TextStim: height = 0.7
70.8774 	EXP 	unnamed TextStim: text = 'SELF'
70.8774 	EXP 	unnamed TextStim: height = 0.7
70.8774 	EXP 	unnamed TextStim: height = 0.7
70.8774 	EXP 	unnamed TextStim: height = 0.7
70.8774 	EXP 	unnamed TextStim: text = 'neurotic'
70.8774 	EXP 	unnamed TextStim: autoDraw = True
72.4005 	DATA 	Keypress: g
72.4113 	EXP 	unnamed TextStim: autoDraw = True
74.5783 	EXP 	unnamed TextStim: text = 'SELF'
74.5783 	EXP 	unnamed TextStim: height = 0.7
74.5783 	EXP 	unnamed TextStim: height = 0.7
74.5783 	EXP 	unnamed TextStim: height = 0.7
74.5783 	EXP 	unnamed TextStim: text = 'brilliant'
74.5783 	EXP 	unnamed TextStim: autoDraw = True
76.0970 	DATA 	Keypress: r
76.1068 	EXP 	unnamed TextStim: autoDraw = True
76.5703 	EXP 	unnamed TextStim: height = 0.7
76.5703 	EXP 	unnamed TextStim: height = 0.7
76.5703 	EXP 	unnamed TextStim: height = 0.7
76.5703 	EXP 	unnamed TextStim: text = 'OBAMA'
76.5703 	EXP 	unnamed TextStim: height = 0.7
76.5703 	EXP 	unnamed TextStim: height = 0.7
76.5703 	EXP 	unnamed TextStim: height = 0.7
76.5703 	EXP 	unnamed TextStim: text = 'fault-finding'
76.5703 	EXP 	unnamed TextStim: autoDraw = True
77.8809 	DATA 	Keypress: g
77.8933 	EXP 	unnamed TextStim: autoDraw = True
82.7839 	EXP 	unnamed TextStim: height = 0.7
82.7839 	EXP 	unnamed TextStim: height = 0.7
82.7839 	EXP 	unnamed TextStim: height = 0.7
82.7839 	EXP 	unnamed TextStim: text = 'UPPERCASE'
82.7839 	EXP 	unnamed TextStim: height = 0.7
82.7839 	EXP 	unnamed TextStim: height = 0.7
82.7839 	EXP 	unnamed TextStim: height = 0.7
82.7839 	EXP 	unnamed TextStim: text = 'MODEST'
82.7839 	EXP 	unnamed TextStim: autoDraw = True
83.7490 	DATA 	Keypress: r
83.7528 	EXP 	unnamed TextStim: autoDraw = True
86.1834 	EXP 	unnamed TextStim: height = 0.7
86.1834 	EXP 	unnamed TextStim: height = 0.7
86.1834 	EXP 	unnamed TextStim: height = 0.7
86.1834 	EXP 	unnamed TextStim: text = 'SELF'
86.1834 	EXP 	unnamed TextStim: height = 0.7
86.1834 	EXP 	unnamed TextStim: height = 0.7
86.1834 	EXP 	unnamed TextStim: height = 0.7
86.1834 	EXP 	unnamed TextStim: text = 'dominating'
86.1834 	EXP 	unnamed TextStim: autoDraw = True
87.4189 	DATA 	Keypress: g
87.4214 	EXP 	unnamed TextStim: autoDraw = True
91.0793 	EXP 	unnamed TextStim: height = 0.7
91.0793 	EXP 	unnamed TextStim: height = 0.7
91.0793 	EXP 	unnamed TextStim: height = 0.7
91.0793 	EXP 	unnamed TextStim: text = 'OBAMA'
91.0793 	EXP 	unnamed TextStim: height = 0.7
91.0793 	EXP 	unnamed TextStim: height = 0.7
91.0793 	EXP 	unnamed TextStim: height = 0.7
91.0793 	EXP 	unnamed TextStim: text = 'anxious'
91.0793 	EXP 	unnamed TextStim: autoDraw = True
92.7189 	DATA 	Keypress: g
92.7301 	EXP 	unnamed TextStim: autoDraw = True
97.3789 	EXP 	unnamed TextStim: height = 0.7
97.3789 	EXP 	unnamed TextStim: height = 0.7
97.3789 	EXP 	unnamed TextStim: height = 0.7
97.3789 	EXP 	unnamed TextStim: text = 'SELF'
97.3789 	EXP 	unnamed TextStim: height = 0.7
97.3789 	EXP 	unnamed TextStim: height = 0.7
97.3789 	EXP 	unnamed TextStim: height = 0.7
97.3789 	EXP 	unnamed TextStim: text = 'daydreamer'
97.3789 	EXP 	unnamed TextStim: autoDraw = True
98.3507 	DATA 	Keypress: g
98.3533 	EXP 	unnamed TextStim: autoDraw = True
102.9818 	EXP 	unnamed TextStim: height = 0.7
102.9818 	EXP 	unnamed TextStim: height = 0.7
102.9818 	EXP 	unnamed TextStim: height = 0.7
102.9818 	EXP 	unnamed TextStim: text = 'OBAMA'
102.9818 	EXP 	unnamed TextStim: height = 0.7
102.9818 	EXP 	unnamed TextStim: height = 0.7
102.9818 	EXP 	unnamed TextStim: height = 0.7
102.9818 	EXP 	unnamed TextStim: text = 'self-disciplined'
102.9818 	EXP 	unnamed TextStim: autoDraw = True
104.4855 	DATA 	Keypress: r
104.4965 	EXP 	unnamed TextStim: autoDraw = True
108.1801 	EXP 	unnamed TextStim: height = 0.7
108.1801 	EXP 	unnamed TextStim: height = 0.7
108.1801 	EXP 	unnamed TextStim: height = 0.7
108.1801 	EXP 	unnamed TextStim: text = 'SELF'
108.1801 	EXP 	unnamed TextStim: height = 0.7
108.1801 	EXP 	unnamed TextStim: height = 0.7
108.1801 	EXP 	unnamed TextStim: height = 0.7
108.1801 	EXP 	unnamed TextStim: text = 'choosy'
108.1801 	EXP 	unnamed TextStim: autoDraw = True
109.8732 	DATA 	Keypress: g
109.8839 	EXP 	unnamed TextStim: autoDraw = True
113.3814 	EXP 	unnamed TextStim: text = 'SELF'
113.3814 	EXP 	unnamed TextStim: height = 0.7
113.3814 	EXP 	unnamed TextStim: height = 0.7
113.3814 	EXP 	unnamed TextStim: height = 0.7
113.3814 	EXP 	unnamed TextStim: text = 'vigorous'
113.3814 	EXP 	unnamed TextStim: autoDraw = True
114.4573 	DATA 	Keypress: g
114.4600 	EXP 	unnamed TextStim: autoDraw = True
115.5700 	EXP 	unnamed TextStim: height = 0.7
115.5700 	EXP 	unnamed TextStim: height = 0.7
115.5700 	EXP 	unnamed TextStim: height = 0.7
115.5700 	EXP 	unnamed TextStim: text = 'UPPERCASE'
115.5700 	EXP 	unnamed TextStim: height = 0.7
115.5700 	EXP 	unnamed TextStim: height = 0.7
115.5700 	EXP 	unnamed TextStim: height = 0.7
115.5700 	EXP 	unnamed TextStim: text = 'FINICKY'
115.5700 	EXP 	unnamed TextStim: autoDraw = True
116.5410 	DATA 	Keypress: r
116.5431 	EXP 	unnamed TextStim: autoDraw = True
117.5696 	EXP 	unnamed TextStim: height = 0.7
117.5696 	EXP 	unnamed TextStim: height = 0.7
117.5696 	EXP 	unnamed TextStim: height = 0.7
117.5696 	EXP 	unnamed TextStim: text = 'SELF'
117.5696 	EXP 	unnamed TextStim: height = 0.7
117.5696 	EXP 	unnamed TextStim: height = 0.7
117.5696 	EXP 	unnamed TextStim: height = 0.7
117.5696 	EXP 	unnamed TextStim: text = 'understanding'
117.5696 	EXP 	unnamed TextStim: autoDraw = True
118.9680 	DATA 	Keypress: r
118.9782 	EXP 	unnamed TextStim: autoDraw = True
123.7828 	EXP 	unnamed TextStim: height = 0.7
123.7828 	EXP 	unnamed TextStim: height = 0.7
123.7828 	EXP 	unnamed TextStim: height = 0.7
123.7828 	EXP 	unnamed TextStim: text = 'OBAMA'
123.7828 	EXP 	unnamed TextStim: height = 0.7
123.7828 	EXP 	unnamed TextStim: height = 0.7
123.7828 	EXP 	unnamed TextStim: height = 0.7
123.7828 	EXP 	unnamed TextStim: text = 'sincere'
123.7828 	EXP 	unnamed TextStim: autoDraw = True
125.2719 	DATA 	Keypress: r
125.2817 	EXP 	unnamed TextStim: autoDraw = True
130.2819 	EXP 	unnamed TextStim: height = 0.7
130.2819 	EXP 	unnamed TextStim: height = 0.7
130.2819 	EXP 	unnamed TextStim: height = 0.7
130.2819 	EXP 	unnamed TextStim: text = 'SELF'
130.2819 	EXP 	unnamed TextStim: height = 0.7
130.2819 	EXP 	unnamed TextStim: height = 0.7
130.2819 	EXP 	unnamed TextStim: height = 0.7
130.2819 	EXP 	unnamed TextStim: text = 'nonconforming'
130.2819 	EXP 	unnamed TextStim: autoDraw = True
131.6719 	DATA 	Keypress: g
131.6826 	EXP 	unnamed TextStim: autoDraw = True
132.3682 	EXP 	unnamed TextStim: text = 'SELF'
132.3682 	EXP 	unnamed TextStim: height = 0.7
132.3682 	EXP 	unnamed TextStim: height = 0.7
132.3682 	EXP 	unnamed TextStim: height = 0.7
132.3682 	EXP 	unnamed TextStim: text = 'greedy'
132.3682 	EXP 	unnamed TextStim: autoDraw = True
133.7060 	DATA 	Keypress: g
133.7190 	EXP 	unnamed TextStim: autoDraw = True
134.3696 	EXP 	unnamed TextStim: text = 'SELF'
134.3696 	EXP 	unnamed TextStim: height = 0.7
134.3696 	EXP 	unnamed TextStim: height = 0.7
134.3696 	EXP 	unnamed TextStim: height = 0.7
134.3696 	EXP 	unnamed TextStim: text = 'imaginative'
134.3696 	EXP 	unnamed TextStim: autoDraw = True
135.5554 	DATA 	Keypress: r
135.5669 	EXP 	unnamed TextStim: autoDraw = True
140.2842 	EXP 	unnamed TextStim: height = 0.7
140.2842 	EXP 	unnamed TextStim: height = 0.7
140.2842 	EXP 	unnamed TextStim: height = 0.7
140.2842 	EXP 	unnamed TextStim: text = 'UPPERCASE'
140.2842 	EXP 	unnamed TextStim: height = 0.7
140.2842 	EXP 	unnamed TextStim: height = 0.7
140.2842 	EXP 	unnamed TextStim: height = 0.7
140.2842 	EXP 	unnamed TextStim: text = 'TIDY'
140.2842 	EXP 	unnamed TextStim: autoDraw = True
141.1708 	DATA 	Keypress: r
141.1760 	EXP 	unnamed TextStim: autoDraw = True
143.6799 	EXP 	unnamed TextStim: height = 0.7
143.6799 	EXP 	unnamed TextStim: height = 0.7
143.6799 	EXP 	unnamed TextStim: height = 0.7
143.6799 	EXP 	unnamed TextStim: text = 'OBAMA'
143.6799 	EXP 	unnamed TextStim: height = 0.7
143.6799 	EXP 	unnamed TextStim: height = 0.7
143.6799 	EXP 	unnamed TextStim: height = 0.7
143.6799 	EXP 	unnamed TextStim: text = 'precise'
143.6799 	EXP 	unnamed TextStim: autoDraw = True
145.1042 	DATA 	Keypress: r
145.1139 	EXP 	unnamed TextStim: autoDraw = True
145.6702 	EXP 	unnamed TextStim: text = 'OBAMA'
145.6702 	EXP 	unnamed TextStim: height = 0.7
145.6702 	EXP 	unnamed TextStim: height = 0.7
145.6702 	EXP 	unnamed TextStim: height = 0.7
145.6702 	EXP 	unnamed TextStim: text = 'studious'
145.6702 	EXP 	unnamed TextStim: autoDraw = True
146.9213 	DATA 	Keypress: g
146.9332 	EXP 	unnamed TextStim: autoDraw = True
147.6704 	EXP 	unnamed TextStim: text = 'OBAMA'
147.6704 	EXP 	unnamed TextStim: height = 0.7
147.6704 	EXP 	unnamed TextStim: height = 0.7
147.6704 	EXP 	unnamed TextStim: height = 0.7
147.6704 	EXP 	unnamed TextStim: text = 'energetic'
147.6704 	EXP 	unnamed TextStim: autoDraw = True
149.2846 	DATA 	Keypress: r
149.2965 	EXP 	unnamed TextStim: autoDraw = True
153.7782 	EXP 	unnamed TextStim: height = 0.7
153.7782 	EXP 	unnamed TextStim: height = 0.7
153.7782 	EXP 	unnamed TextStim: height = 0.7
153.7782 	EXP 	unnamed TextStim: text = 'SELF'
153.7782 	EXP 	unnamed TextStim: height = 0.7
153.7782 	EXP 	unnamed TextStim: height = 0.7
153.7782 	EXP 	unnamed TextStim: height = 0.7
153.7782 	EXP 	unnamed TextStim: text = 'inattentive'
153.7782 	EXP 	unnamed TextStim: autoDraw = True
155.1954 	DATA 	Keypress: g
155.2055 	EXP 	unnamed TextStim: autoDraw = True
158.7826 	EXP 	unnamed TextStim: text = 'SELF'
158.7826 	EXP 	unnamed TextStim: height = 0.7
158.7826 	EXP 	unnamed TextStim: height = 0.7
158.7826 	EXP 	unnamed TextStim: height = 0.7
158.7826 	EXP 	unnamed TextStim: text = 'pleasant'
158.7826 	EXP 	unnamed TextStim: autoDraw = True
160.2772 	DATA 	Keypress: r
160.2906 	EXP 	unnamed TextStim: autoDraw = True
161.5769 	EXP 	unnamed TextStim: text = 'SELF'
161.5769 	EXP 	unnamed TextStim: height = 0.7
161.5769 	EXP 	unnamed TextStim: height = 0.7
161.5769 	EXP 	unnamed TextStim: height = 0.7
161.5769 	EXP 	unnamed TextStim: text = 'dull'
161.5769 	EXP 	unnamed TextStim: autoDraw = True
162.7081 	DATA 	Keypress: g
162.7116 	EXP 	unnamed TextStim: autoDraw = True
165.9787 	EXP 	unnamed TextStim: height = 0.7
165.9787 	EXP 	unnamed TextStim: height = 0.7
165.9787 	EXP 	unnamed TextStim: height = 0.7
165.9787 	EXP 	unnamed TextStim: text = 'UPPERCASE'
165.9787 	EXP 	unnamed TextStim: height = 0.7
165.9787 	EXP 	unnamed TextStim: height = 0.7
165.9787 	EXP 	unnamed TextStim: height = 0.7
165.9787 	EXP 	unnamed TextStim: text = 'cynical'
165.9787 	EXP 	unnamed TextStim: autoDraw = True
167.0914 	DATA 	Keypress: g
167.0946 	EXP 	unnamed TextStim: autoDraw = True
168.0697 	EXP 	unnamed TextStim: height = 0.7
168.0697 	EXP 	unnamed TextStim: height = 0.7
168.0697 	EXP 	unnamed TextStim: height = 0.7
168.0697 	EXP 	unnamed TextStim: text = 'OBAMA'
168.0697 	EXP 	unnamed TextStim: height = 0.7
168.0697 	EXP 	unnamed TextStim: height = 0.7
168.0697 	EXP 	unnamed TextStim: height = 0.7
168.0697 	EXP 	unnamed TextStim: text = 'skilled'
168.0697 	EXP 	unnamed TextStim: autoDraw = True
169.3669 	DATA 	Keypress: r
169.3792 	EXP 	unnamed TextStim: autoDraw = True
172.0784 	EXP 	unnamed TextStim: height = 0.7
172.0784 	EXP 	unnamed TextStim: height = 0.7
172.0784 	EXP 	unnamed TextStim: height = 0.7
172.0784 	EXP 	unnamed TextStim: text = 'UPPERCASE'
172.0784 	EXP 	unnamed TextStim: height = 0.7
172.0784 	EXP 	unnamed TextStim: height = 0.7
172.0784 	EXP 	unnamed TextStim: height = 0.7
172.0784 	EXP 	unnamed TextStim: text = 'illogical'
172.0784 	EXP 	unnamed TextStim: autoDraw = True
173.1986 	DATA 	Keypress: g
173.2011 	EXP 	unnamed TextStim: autoDraw = True
175.6786 	EXP 	unnamed TextStim: text = 'UPPERCASE'
175.6786 	EXP 	unnamed TextStim: height = 0.7
175.6786 	EXP 	unnamed TextStim: height = 0.7
175.6786 	EXP 	unnamed TextStim: height = 0.7
175.6786 	EXP 	unnamed TextStim: text = 'patient'
175.6786 	EXP 	unnamed TextStim: autoDraw = True
177.4532 	DATA 	Keypress: g
177.4636 	EXP 	unnamed TextStim: autoDraw = True
179.7793 	EXP 	unnamed TextStim: height = 0.7
179.7793 	EXP 	unnamed TextStim: height = 0.7
179.7793 	EXP 	unnamed TextStim: height = 0.7
179.7793 	EXP 	unnamed TextStim: text = 'OBAMA'
179.7793 	EXP 	unnamed TextStim: height = 0.7
179.7793 	EXP 	unnamed TextStim: height = 0.7
179.7793 	EXP 	unnamed TextStim: height = 0.7
179.7793 	EXP 	unnamed TextStim: text = 'generous'
179.7793 	EXP 	unnamed TextStim: autoDraw = True
181.0789 	DATA 	Keypress: r
181.0896 	EXP 	unnamed TextStim: autoDraw = True
183.6775 	EXP 	unnamed TextStim: height = 0.7
183.6775 	EXP 	unnamed TextStim: height = 0.7
183.6775 	EXP 	unnamed TextStim: height = 0.7
183.6775 	EXP 	unnamed TextStim: text = 'SELF'
183.6775 	EXP 	unnamed TextStim: height = 0.7
183.6775 	EXP 	unnamed TextStim: height = 0.7
183.6775 	EXP 	unnamed TextStim: height = 0.7
183.6775 	EXP 	unnamed TextStim: text = 'old-fashioned'
183.6775 	EXP 	unnamed TextStim: autoDraw = True
185.1007 	DATA 	Keypress: g
185.1100 	EXP 	unnamed TextStim: autoDraw = True
187.9793 	EXP 	unnamed TextStim: height = 0.7
187.9793 	EXP 	unnamed TextStim: height = 0.7
187.9793 	EXP 	unnamed TextStim: height = 0.7
187.9793 	EXP 	unnamed TextStim: text = 'OBAMA'
187.9793 	EXP 	unnamed TextStim: height = 0.7
187.9793 	EXP 	unnamed TextStim: height = 0.7
187.9793 	EXP 	unnamed TextStim: height = 0.7
187.9793 	EXP 	unnamed TextStim: text = 'touchy'
187.9793 	EXP 	unnamed TextStim: autoDraw = True
189.2556 	DATA 	Keypress: g
189.2647 	EXP 	unnamed TextStim: autoDraw = True
192.8814 	EXP 	unnamed TextStim: text = 'OBAMA'
192.8814 	EXP 	unnamed TextStim: height = 0.7
192.8814 	EXP 	unnamed TextStim: height = 0.7
192.8814 	EXP 	unnamed TextStim: height = 0.7
192.8814 	EXP 	unnamed TextStim: text = 'clumsy'
192.8814 	EXP 	unnamed TextStim: autoDraw = True
193.9433 	DATA 	Keypress: g
193.9456 	EXP 	unnamed TextStim: autoDraw = True
194.9714 	EXP 	unnamed TextStim: height = 0.7
194.9714 	EXP 	unnamed TextStim: height = 0.7
194.9714 	EXP 	unnamed TextStim: height = 0.7
194.9714 	EXP 	unnamed TextStim: text = 'UPPERCASE'
194.9714 	EXP 	unnamed TextStim: height = 0.7
194.9714 	EXP 	unnamed TextStim: height = 0.7
194.9714 	EXP 	unnamed TextStim: height = 0.7
194.9714 	EXP 	unnamed TextStim: text = 'RESOURCEFUL'
194.9714 	EXP 	unnamed TextStim: autoDraw = True
195.7850 	DATA 	Keypress: r
195.7874 	EXP 	unnamed TextStim: autoDraw = True
200.2818 	EXP 	unnamed TextStim: text = 'UPPERCASE'
200.2818 	EXP 	unnamed TextStim: height = 0.7
200.2818 	EXP 	unnamed TextStim: height = 0.7
200.2818 	EXP 	unnamed TextStim: height = 0.7
200.2818 	EXP 	unnamed TextStim: text = 'UNFAIR'
200.2818 	EXP 	unnamed TextStim: autoDraw = True
201.0213 	DATA 	Keypress: r
201.0256 	EXP 	unnamed TextStim: autoDraw = True
204.2806 	EXP 	unnamed TextStim: height = 0.7
204.2806 	EXP 	unnamed TextStim: height = 0.7
204.2806 	EXP 	unnamed TextStim: height = 0.7
204.2806 	EXP 	unnamed TextStim: text = 'OBAMA'
204.2806 	EXP 	unnamed TextStim: height = 0.7
204.2806 	EXP 	unnamed TextStim: height = 0.7
204.2806 	EXP 	unnamed TextStim: height = 0.7
204.2806 	EXP 	unnamed TextStim: text = 'inaccurate'
204.2806 	EXP 	unnamed TextStim: autoDraw = True
205.6444 	DATA 	Keypress: g
205.6550 	EXP 	unnamed TextStim: autoDraw = True
209.1819 	EXP 	unnamed TextStim: height = 0.7
209.1819 	EXP 	unnamed TextStim: height = 0.7
209.1819 	EXP 	unnamed TextStim: height = 0.7
209.1819 	EXP 	unnamed TextStim: text = 'SELF'
209.1819 	EXP 	unnamed TextStim: height = 0.7
209.1819 	EXP 	unnamed TextStim: height = 0.7
209.1819 	EXP 	unnamed TextStim: height = 0.7
209.1819 	EXP 	unnamed TextStim: text = 'amusing'
209.1819 	EXP 	unnamed TextStim: autoDraw = True
210.0119 	DATA 	Keypress: r
210.0143 	EXP 	unnamed TextStim: autoDraw = True
215.3827 	EXP 	unnamed TextStim: height = 0.7
215.3827 	EXP 	unnamed TextStim: height = 0.7
215.3827 	EXP 	unnamed TextStim: height = 0.7
215.3827 	EXP 	unnamed TextStim: text = 'OBAMA'
215.3827 	EXP 	unnamed TextStim: height = 0.7
215.3827 	EXP 	unnamed TextStim: height = 0.7
215.3827 	EXP 	unnamed TextStim: height = 0.7
215.3827 	EXP 	unnamed TextStim: text = 'skillful'
215.3827 	EXP 	unnamed TextStim: autoDraw = True
216.0614 	DATA 	Keypress: g
216.0638 	EXP 	unnamed TextStim: autoDraw = True
217.6775 	EXP 	unnamed TextStim: height = 0.7
217.6775 	EXP 	unnamed TextStim: height = 0.7
217.6775 	EXP 	unnamed TextStim: height = 0.7
217.6775 	EXP 	unnamed TextStim: text = 'UPPERCASE'
217.6775 	EXP 	unnamed TextStim: height = 0.7
217.6775 	EXP 	unnamed TextStim: height = 0.7
217.6775 	EXP 	unnamed TextStim: height = 0.7
217.6775 	EXP 	unnamed TextStim: text = 'possessive'
217.6775 	EXP 	unnamed TextStim: autoDraw = True
219.5308 	DATA 	Keypress: r
219.5416 	EXP 	unnamed TextStim: autoDraw = True
219.6690 	EXP 	unnamed TextStim: text = 'UPPERCASE'
219.6690 	EXP 	unnamed TextStim: height = 0.7
219.6690 	EXP 	unnamed TextStim: height = 0.7
219.6690 	EXP 	unnamed TextStim: height = 0.7
219.6690 	EXP 	unnamed TextStim: text = 'frivolous'
219.6690 	EXP 	unnamed TextStim: autoDraw = True
220.7688 	DATA 	Keypress: g
220.7810 	EXP 	unnamed TextStim: autoDraw = True
223.1795 	EXP 	unnamed TextStim: height = 0.7
223.1795 	EXP 	unnamed TextStim: height = 0.7
223.1795 	EXP 	unnamed TextStim: height = 0.7
223.1795 	EXP 	unnamed TextStim: text = 'OBAMA'
223.1795 	EXP 	unnamed TextStim: height = 0.7
223.1795 	EXP 	unnamed TextStim: height = 0.7
223.1795 	EXP 	unnamed TextStim: height = 0.7
223.1795 	EXP 	unnamed TextStim: text = 'critical'
223.1795 	EXP 	unnamed TextStim: autoDraw = True
224.7036 	DATA 	Keypress: r
224.7134 	EXP 	unnamed TextStim: autoDraw = True
226.3788 	EXP 	unnamed TextStim: text = 'OBAMA'
226.3788 	EXP 	unnamed TextStim: height = 0.7
226.3788 	EXP 	unnamed TextStim: height = 0.7
226.3788 	EXP 	unnamed TextStim: height = 0.7
226.3788 	EXP 	unnamed TextStim: text = 'skeptical'
226.3788 	EXP 	unnamed TextStim: autoDraw = True
227.9494 	DATA 	Keypress: g
227.9596 	EXP 	unnamed TextStim: autoDraw = True
228.9706 	EXP 	unnamed TextStim: text = 'OBAMA'
228.9706 	EXP 	unnamed TextStim: height = 0.7
228.9706 	EXP 	unnamed TextStim: height = 0.7
228.9706 	EXP 	unnamed TextStim: height = 0.7
228.9706 	EXP 	unnamed TextStim: text = 'vain'
228.9706 	EXP 	unnamed TextStim: autoDraw = True
230.2199 	DATA 	Keypress: g
230.2227 	EXP 	unnamed TextStim: autoDraw = True
235.5799 	EXP 	unnamed TextStim: text = 'OBAMA'
235.5799 	EXP 	unnamed TextStim: height = 0.7
235.5799 	EXP 	unnamed TextStim: height = 0.7
235.5799 	EXP 	unnamed TextStim: height = 0.7
235.5799 	EXP 	unnamed TextStim: text = 'dependent'
235.5799 	EXP 	unnamed TextStim: autoDraw = True
236.9306 	DATA 	Keypress: r
236.9407 	EXP 	unnamed TextStim: autoDraw = True
240.9802 	EXP 	unnamed TextStim: height = 0.7
240.9802 	EXP 	unnamed TextStim: height = 0.7
240.9802 	EXP 	unnamed TextStim: height = 0.7
240.9802 	EXP 	unnamed TextStim: text = 'UPPERCASE'
240.9802 	EXP 	unnamed TextStim: height = 0.7
240.9802 	EXP 	unnamed TextStim: height = 0.7
240.9802 	EXP 	unnamed TextStim: height = 0.7
240.9802 	EXP 	unnamed TextStim: text = 'aimless'
240.9802 	EXP 	unnamed TextStim: autoDraw = True
241.9513 	DATA 	Keypress: g
241.9538 	EXP 	unnamed TextStim: autoDraw = True
247.3825 	EXP 	unnamed TextStim: height = 0.7
247.3825 	EXP 	unnamed TextStim: height = 0.7
247.3825 	EXP 	unnamed TextStim: height = 0.7
247.3825 	EXP 	unnamed TextStim: text = 'SELF'
247.3825 	EXP 	unnamed TextStim: height = 0.7
247.3825 	EXP 	unnamed TextStim: height = 0.7
247.3825 	EXP 	unnamed TextStim: height = 0.7
247.3825 	EXP 	unnamed TextStim: text = 'well-mannered'
247.3825 	EXP 	unnamed TextStim: autoDraw = True
248.8158 	DATA 	Keypress: r
248.8285 	EXP 	unnamed TextStim: autoDraw = True
249.3719 	EXP 	unnamed TextStim: height = 0.7
249.3719 	EXP 	unnamed TextStim: height = 0.7
249.3719 	EXP 	unnamed TextStim: height = 0.7
249.3719 	EXP 	unnamed TextStim: text = 'OBAMA'
249.3719 	EXP 	unnamed TextStim: height = 0.7
249.3719 	EXP 	unnamed TextStim: height = 0.7
249.3719 	EXP 	unnamed TextStim: height = 0.7
249.3719 	EXP 	unnamed TextStim: text = 'vulgar'
249.3719 	EXP 	unnamed TextStim: autoDraw = True
250.9750 	DATA 	Keypress: g
250.9863 	EXP 	unnamed TextStim: autoDraw = True
251.4693 	EXP 	unnamed TextStim: height = 0.7
251.4693 	EXP 	unnamed TextStim: height = 0.7
251.4693 	EXP 	unnamed TextStim: height = 0.7
251.4693 	EXP 	unnamed TextStim: text = 'SELF'
251.4693 	EXP 	unnamed TextStim: height = 0.7
251.4693 	EXP 	unnamed TextStim: height = 0.7
251.4693 	EXP 	unnamed TextStim: height = 0.7
251.4693 	EXP 	unnamed TextStim: text = 'methodical'
251.4693 	EXP 	unnamed TextStim: autoDraw = True
252.7898 	DATA 	Keypress: r
252.8021 	EXP 	unnamed TextStim: autoDraw = True
253.6693 	EXP 	unnamed TextStim: text = 'SELF'
253.6693 	EXP 	unnamed TextStim: height = 0.7
253.6693 	EXP 	unnamed TextStim: height = 0.7
253.6693 	EXP 	unnamed TextStim: height = 0.7
253.6693 	EXP 	unnamed TextStim: text = 'high-spirited'
253.6693 	EXP 	unnamed TextStim: autoDraw = True
255.0431 	DATA 	Keypress: r
255.0547 	EXP 	unnamed TextStim: autoDraw = True
257.4786 	EXP 	unnamed TextStim: text = 'SELF'
257.4786 	EXP 	unnamed TextStim: height = 0.7
257.4786 	EXP 	unnamed TextStim: height = 0.7
257.4786 	EXP 	unnamed TextStim: height = 0.7
257.4786 	EXP 	unnamed TextStim: text = 'optimistic'
257.4786 	EXP 	unnamed TextStim: autoDraw = True
258.7539 	DATA 	Keypress: r
258.7636 	EXP 	unnamed TextStim: autoDraw = True
262.5807 	EXP 	unnamed TextStim: height = 0.7
262.5807 	EXP 	unnamed TextStim: height = 0.7
262.5807 	EXP 	unnamed TextStim: height = 0.7
262.5807 	EXP 	unnamed TextStim: text = 'UPPERCASE'
262.5807 	EXP 	unnamed TextStim: height = 0.7
262.5807 	EXP 	unnamed TextStim: height = 0.7
262.5807 	EXP 	unnamed TextStim: height = 0.7
262.5807 	EXP 	unnamed TextStim: text = 'tolerant'
262.5807 	EXP 	unnamed TextStim: autoDraw = True
264.5468 	DATA 	Keypress: r
264.5606 	EXP 	unnamed TextStim: autoDraw = True
267.6780 	EXP 	unnamed TextStim: height = 0.7
267.6780 	EXP 	unnamed TextStim: height = 0.7
267.6780 	EXP 	unnamed TextStim: height = 0.7
267.6780 	EXP 	unnamed TextStim: text = 'SELF'
267.6780 	EXP 	unnamed TextStim: height = 0.7
267.6780 	EXP 	unnamed TextStim: height = 0.7
267.6780 	EXP 	unnamed TextStim: height = 0.7
267.6780 	EXP 	unnamed TextStim: text = 'bright'
267.6780 	EXP 	unnamed TextStim: autoDraw = True
268.8617 	DATA 	Keypress: r
268.8640 	EXP 	unnamed TextStim: autoDraw = True
272.7791 	EXP 	unnamed TextStim: text = 'SELF'
272.7791 	EXP 	unnamed TextStim: height = 0.7
272.7791 	EXP 	unnamed TextStim: height = 0.7
272.7791 	EXP 	unnamed TextStim: height = 0.7
272.7791 	EXP 	unnamed TextStim: text = 'practical'
272.7791 	EXP 	unnamed TextStim: autoDraw = True
273.9419 	DATA 	Keypress: r
273.9443 	EXP 	unnamed TextStim: autoDraw = True
277.8793 	EXP 	unnamed TextStim: height = 0.7
277.8793 	EXP 	unnamed TextStim: height = 0.7
277.8793 	EXP 	unnamed TextStim: height = 0.7
277.8793 	EXP 	unnamed TextStim: text = 'UPPERCASE'
277.8793 	EXP 	unnamed TextStim: height = 0.7
277.8793 	EXP 	unnamed TextStim: height = 0.7
277.8793 	EXP 	unnamed TextStim: height = 0.7
277.8793 	EXP 	unnamed TextStim: text = 'unromantic'
277.8793 	EXP 	unnamed TextStim: autoDraw = True
279.6975 	DATA 	Keypress: g
279.7099 	EXP 	unnamed TextStim: autoDraw = True
282.8789 	EXP 	unnamed TextStim: text = 'UPPERCASE'
282.8789 	EXP 	unnamed TextStim: height = 0.7
282.8789 	EXP 	unnamed TextStim: height = 0.7
282.8789 	EXP 	unnamed TextStim: height = 0.7
282.8789 	EXP 	unnamed TextStim: text = 'HOT-TEMPERED'
282.8789 	EXP 	unnamed TextStim: autoDraw = True
283.6393 	DATA 	Keypress: r
283.6421 	EXP 	unnamed TextStim: autoDraw = True
288.8788 	EXP 	unnamed TextStim: text = 'UPPERCASE'
288.8788 	EXP 	unnamed TextStim: height = 0.7
288.8788 	EXP 	unnamed TextStim: height = 0.7
288.8788 	EXP 	unnamed TextStim: height = 0.7
288.8788 	EXP 	unnamed TextStim: text = 'UNPOISED'
288.8788 	EXP 	unnamed TextStim: autoDraw = True
289.7871 	DATA 	Keypress: r
289.7902 	EXP 	unnamed TextStim: autoDraw = True
294.9826 	EXP 	unnamed TextStim: text = 'UPPERCASE'
294.9826 	EXP 	unnamed TextStim: height = 0.7
294.9826 	EXP 	unnamed TextStim: height = 0.7
294.9826 	EXP 	unnamed TextStim: height = 0.7
294.9826 	EXP 	unnamed TextStim: text = 'SENSITIVE'
294.9826 	EXP 	unnamed TextStim: autoDraw = True
295.6820 	DATA 	Keypress: r
295.6845 	EXP 	unnamed TextStim: autoDraw = True
300.4831 	EXP 	unnamed TextStim: height = 0.7
300.4831 	EXP 	unnamed TextStim: height = 0.7
300.4831 	EXP 	unnamed TextStim: height = 0.7
300.4831 	EXP 	unnamed TextStim: text = 'OBAMA'
300.4831 	EXP 	unnamed TextStim: height = 0.7
300.4831 	EXP 	unnamed TextStim: height = 0.7
300.4831 	EXP 	unnamed TextStim: height = 0.7
300.4831 	EXP 	unnamed TextStim: text = 'temperamental'
300.4831 	EXP 	unnamed TextStim: autoDraw = True
302.0079 	DATA 	Keypress: g
302.0183 	EXP 	unnamed TextStim: autoDraw = True
302.4714 	EXP 	unnamed TextStim: height = 0.7
302.4714 	EXP 	unnamed TextStim: height = 0.7
302.4714 	EXP 	unnamed TextStim: height = 0.7
302.4714 	EXP 	unnamed TextStim: text = 'SELF'
302.4714 	EXP 	unnamed TextStim: height = 0.7
302.4714 	EXP 	unnamed TextStim: height = 0.7
302.4714 	EXP 	unnamed TextStim: height = 0.7
302.4714 	EXP 	unnamed TextStim: text = 'inefficient'
302.4714 	EXP 	unnamed TextStim: autoDraw = True
303.9407 	DATA 	Keypress: g
303.9533 	EXP 	unnamed TextStim: autoDraw = True
305.1683 	EXP 	unnamed TextStim: height = 0.7
305.1683 	EXP 	unnamed TextStim: height = 0.7
305.1683 	EXP 	unnamed TextStim: height = 0.7
305.1683 	EXP 	unnamed TextStim: text = 'OBAMA'
305.1683 	EXP 	unnamed TextStim: height = 0.7
305.1683 	EXP 	unnamed TextStim: height = 0.7
305.1683 	EXP 	unnamed TextStim: height = 0.7
305.1683 	EXP 	unnamed TextStim: text = 'appreciative'
305.1683 	EXP 	unnamed TextStim: autoDraw = True
306.9217 	DATA 	Keypress: r
306.9312 	EXP 	unnamed TextStim: autoDraw = True
307.8701 	EXP 	unnamed TextStim: height = 0.7
307.8701 	EXP 	unnamed TextStim: height = 0.7
307.8701 	EXP 	unnamed TextStim: height = 0.7
307.8701 	EXP 	unnamed TextStim: text = 'UPPERCASE'
307.8701 	EXP 	unnamed TextStim: height = 0.7
307.8701 	EXP 	unnamed TextStim: height = 0.7
307.8701 	EXP 	unnamed TextStim: height = 0.7
307.8701 	EXP 	unnamed TextStim: text = 'sociable'
307.8701 	EXP 	unnamed TextStim: autoDraw = True
309.7798 	DATA 	Keypress: r
309.7924 	EXP 	unnamed TextStim: autoDraw = True
312.2822 	EXP 	unnamed TextStim: text = 'UPPERCASE'
312.2822 	EXP 	unnamed TextStim: height = 0.7
312.2822 	EXP 	unnamed TextStim: height = 0.7
312.2822 	EXP 	unnamed TextStim: height = 0.7
312.2822 	EXP 	unnamed TextStim: text = 'calm'
312.2822 	EXP 	unnamed TextStim: autoDraw = True
313.4546 	DATA 	Keypress: g
313.4573 	EXP 	unnamed TextStim: autoDraw = True
316.3820 	EXP 	unnamed TextStim: height = 0.7
316.3820 	EXP 	unnamed TextStim: height = 0.7
316.3820 	EXP 	unnamed TextStim: height = 0.7
316.3820 	EXP 	unnamed TextStim: text = 'OBAMA'
316.3820 	EXP 	unnamed TextStim: height = 0.7
316.3820 	EXP 	unnamed TextStim: height = 0.7
316.3820 	EXP 	unnamed TextStim: height = 0.7
316.3820 	EXP 	unnamed TextStim: text = 'able'
316.3820 	EXP 	unnamed TextStim: autoDraw = True
317.6947 	DATA 	Keypress: g
317.7039 	EXP 	unnamed TextStim: autoDraw = True
321.5836 	EXP 	unnamed TextStim: height = 0.7
321.5836 	EXP 	unnamed TextStim: height = 0.7
321.5836 	EXP 	unnamed TextStim: height = 0.7
321.5836 	EXP 	unnamed TextStim: text = 'UPPERCASE'
321.5836 	EXP 	unnamed TextStim: height = 0.7
321.5836 	EXP 	unnamed TextStim: height = 0.7
321.5836 	EXP 	unnamed TextStim: height = 0.7
321.5836 	EXP 	unnamed TextStim: text = 'perceptive'
321.5836 	EXP 	unnamed TextStim: autoDraw = True
322.2075 	DATA 	Keypress: g
322.2117 	EXP 	unnamed TextStim: autoDraw = True
327.5823 	EXP 	unnamed TextStim: height = 0.7
327.5823 	EXP 	unnamed TextStim: height = 0.7
327.5823 	EXP 	unnamed TextStim: height = 0.7
327.5823 	EXP 	unnamed TextStim: text = 'SELF'
327.5823 	EXP 	unnamed TextStim: height = 0.7
327.5823 	EXP 	unnamed TextStim: height = 0.7
327.5823 	EXP 	unnamed TextStim: height = 0.7
327.5823 	EXP 	unnamed TextStim: text = 'self-assured'
327.5823 	EXP 	unnamed TextStim: autoDraw = True
328.0706 	DATA 	Keypress: g
328.0739 	EXP 	unnamed TextStim: autoDraw = True
330.6799 	EXP 	unnamed TextStim: text = 'SELF'
330.6799 	EXP 	unnamed TextStim: height = 0.7
330.6799 	EXP 	unnamed TextStim: height = 0.7
330.6799 	EXP 	unnamed TextStim: height = 0.7
330.6799 	EXP 	unnamed TextStim: text = 'self-centered'
330.6799 	EXP 	unnamed TextStim: autoDraw = True
331.2096 	DATA 	Keypress: r
331.2119 	EXP 	unnamed TextStim: autoDraw = True
336.6824 	EXP 	unnamed TextStim: height = 0.7
336.6824 	EXP 	unnamed TextStim: height = 0.7
336.6824 	EXP 	unnamed TextStim: height = 0.7
336.6824 	EXP 	unnamed TextStim: text = 'UPPERCASE'
336.6824 	EXP 	unnamed TextStim: height = 0.7
336.6824 	EXP 	unnamed TextStim: height = 0.7
336.6824 	EXP 	unnamed TextStim: height = 0.7
336.6824 	EXP 	unnamed TextStim: text = 'intellectual'
336.6824 	EXP 	unnamed TextStim: autoDraw = True
337.3551 	DATA 	Keypress: r
337.3577 	EXP 	unnamed TextStim: autoDraw = True
339.3815 	EXP 	unnamed TextStim: text = 'UPPERCASE'
339.3815 	EXP 	unnamed TextStim: height = 0.7
339.3815 	EXP 	unnamed TextStim: height = 0.7
339.3815 	EXP 	unnamed TextStim: height = 0.7
339.3815 	EXP 	unnamed TextStim: text = 'unpopular'
339.3815 	EXP 	unnamed TextStim: autoDraw = True
339.9269 	DATA 	Keypress: g
339.9300 	EXP 	unnamed TextStim: autoDraw = True
342.9825 	EXP 	unnamed TextStim: height = 0.7
342.9825 	EXP 	unnamed TextStim: height = 0.7
342.9825 	EXP 	unnamed TextStim: height = 0.7
342.9825 	EXP 	unnamed TextStim: text = 'SELF'
342.9825 	EXP 	unnamed TextStim: height = 0.7
342.9825 	EXP 	unnamed TextStim: height = 0.7
342.9825 	EXP 	unnamed TextStim: height = 0.7
342.9825 	EXP 	unnamed TextStim: text = 'tender'
342.9825 	EXP 	unnamed TextStim: autoDraw = True
343.4902 	DATA 	Keypress: g
343.4927 	EXP 	unnamed TextStim: autoDraw = True
346.0792 	EXP 	unnamed TextStim: height = 0.7
346.0792 	EXP 	unnamed TextStim: height = 0.7
346.0792 	EXP 	unnamed TextStim: height = 0.7
346.0792 	EXP 	unnamed TextStim: text = 'OBAMA'
346.0792 	EXP 	unnamed TextStim: height = 0.7
346.0792 	EXP 	unnamed TextStim: height = 0.7
346.0792 	EXP 	unnamed TextStim: height = 0.7
346.0792 	EXP 	unnamed TextStim: text = 'definite'
346.0792 	EXP 	unnamed TextStim: autoDraw = True
346.6467 	DATA 	Keypress: g
346.6490 	EXP 	unnamed TextStim: autoDraw = True
348.5789 	EXP 	unnamed TextStim: text = 'OBAMA'
348.5789 	EXP 	unnamed TextStim: height = 0.7
348.5789 	EXP 	unnamed TextStim: height = 0.7
348.5789 	EXP 	unnamed TextStim: height = 0.7
348.5789 	EXP 	unnamed TextStim: text = 'respectable'
348.5789 	EXP 	unnamed TextStim: autoDraw = True
349.0282 	DATA 	Keypress: r
349.0309 	EXP 	unnamed TextStim: autoDraw = True
354.7827 	EXP 	unnamed TextStim: height = 0.7
354.7827 	EXP 	unnamed TextStim: height = 0.7
354.7827 	EXP 	unnamed TextStim: height = 0.7
354.7827 	EXP 	unnamed TextStim: text = 'SELF'
354.7827 	EXP 	unnamed TextStim: height = 0.7
354.7827 	EXP 	unnamed TextStim: height = 0.7
354.7827 	EXP 	unnamed TextStim: height = 0.7
354.7827 	EXP 	unnamed TextStim: text = 'frustrated'
354.7827 	EXP 	unnamed TextStim: autoDraw = True
355.3859 	DATA 	Keypress: g
355.3884 	EXP 	unnamed TextStim: autoDraw = True
359.0789 	EXP 	unnamed TextStim: height = 0.7
359.0789 	EXP 	unnamed TextStim: height = 0.7
359.0789 	EXP 	unnamed TextStim: height = 0.7
359.0789 	EXP 	unnamed TextStim: text = 'UPPERCASE'
359.0789 	EXP 	unnamed TextStim: height = 0.7
359.0789 	EXP 	unnamed TextStim: height = 0.7
359.0789 	EXP 	unnamed TextStim: height = 0.7
359.0789 	EXP 	unnamed TextStim: text = 'unattentive'
359.0789 	EXP 	unnamed TextStim: autoDraw = True
360.1888 	DATA 	Keypress: g
360.1914 	EXP 	unnamed TextStim: autoDraw = True
364.1807 	EXP 	unnamed TextStim: height = 0.7
364.1807 	EXP 	unnamed TextStim: height = 0.7
364.1807 	EXP 	unnamed TextStim: height = 0.7
364.1807 	EXP 	unnamed TextStim: text = 'OBAMA'
364.1807 	EXP 	unnamed TextStim: height = 0.7
364.1807 	EXP 	unnamed TextStim: height = 0.7
364.1807 	EXP 	unnamed TextStim: height = 0.7
364.1807 	EXP 	unnamed TextStim: text = 'poised'
364.1807 	EXP 	unnamed TextStim: autoDraw = True
365.2335 	DATA 	Keypress: g
365.2365 	EXP 	unnamed TextStim: autoDraw = True
366.1701 	EXP 	unnamed TextStim: height = 0.7
366.1701 	EXP 	unnamed TextStim: height = 0.7
366.1701 	EXP 	unnamed TextStim: height = 0.7
366.1701 	EXP 	unnamed TextStim: text = 'UPPERCASE'
366.1701 	EXP 	unnamed TextStim: height = 0.7
366.1701 	EXP 	unnamed TextStim: height = 0.7
366.1701 	EXP 	unnamed TextStim: height = 0.7
366.1701 	EXP 	unnamed TextStim: text = 'mature'
366.1701 	EXP 	unnamed TextStim: autoDraw = True
366.6901 	DATA 	Keypress: g
366.6922 	EXP 	unnamed TextStim: autoDraw = True
368.8802 	EXP 	unnamed TextStim: height = 0.7
368.8802 	EXP 	unnamed TextStim: height = 0.7
368.8802 	EXP 	unnamed TextStim: height = 0.7
368.8802 	EXP 	unnamed TextStim: text = 'OBAMA'
368.8802 	EXP 	unnamed TextStim: height = 0.7
368.8802 	EXP 	unnamed TextStim: height = 0.7
368.8802 	EXP 	unnamed TextStim: height = 0.7
368.8802 	EXP 	unnamed TextStim: text = 'courageous'
368.8802 	EXP 	unnamed TextStim: autoDraw = True
369.8211 	DATA 	Keypress: g
369.8243 	EXP 	unnamed TextStim: autoDraw = True
372.7800 	EXP 	unnamed TextStim: height = 0.7
372.7800 	EXP 	unnamed TextStim: height = 0.7
372.7800 	EXP 	unnamed TextStim: height = 0.7
372.7800 	EXP 	unnamed TextStim: text = 'UPPERCASE'
372.7800 	EXP 	unnamed TextStim: height = 0.7
372.7800 	EXP 	unnamed TextStim: height = 0.7
372.7800 	EXP 	unnamed TextStim: height = 0.7
372.7800 	EXP 	unnamed TextStim: text = 'BOASTFUL'
372.7800 	EXP 	unnamed TextStim: autoDraw = True
373.4474 	DATA 	Keypress: r
373.4508 	EXP 	unnamed TextStim: autoDraw = True
377.2827 	EXP 	unnamed TextStim: height = 0.7
377.2827 	EXP 	unnamed TextStim: height = 0.7
377.2827 	EXP 	unnamed TextStim: height = 0.7
377.2827 	EXP 	unnamed TextStim: text = 'SELF'
377.2827 	EXP 	unnamed TextStim: height = 0.7
377.2827 	EXP 	unnamed TextStim: height = 0.7
377.2827 	EXP 	unnamed TextStim: height = 0.7
377.2827 	EXP 	unnamed TextStim: text = 'frank'
377.2827 	EXP 	unnamed TextStim: autoDraw = True
378.4105 	DATA 	Keypress: g
378.4130 	EXP 	unnamed TextStim: autoDraw = True
379.6790 	EXP 	unnamed TextStim: text = 'SELF'
379.6790 	EXP 	unnamed TextStim: height = 0.7
379.6790 	EXP 	unnamed TextStim: height = 0.7
379.6790 	EXP 	unnamed TextStim: height = 0.7
379.6790 	EXP 	unnamed TextStim: text = 'convincing'
379.6790 	EXP 	unnamed TextStim: autoDraw = True
380.7589 	DATA 	Keypress: g
380.7623 	EXP 	unnamed TextStim: autoDraw = True
384.5811 	EXP 	unnamed TextStim: height = 0.7
384.5811 	EXP 	unnamed TextStim: height = 0.7
384.5811 	EXP 	unnamed TextStim: height = 0.7
384.5811 	EXP 	unnamed TextStim: text = 'OBAMA'
384.5811 	EXP 	unnamed TextStim: height = 0.7
384.5811 	EXP 	unnamed TextStim: height = 0.7
384.5811 	EXP 	unnamed TextStim: height = 0.7
384.5811 	EXP 	unnamed TextStim: text = 'kind-hearted'
384.5811 	EXP 	unnamed TextStim: autoDraw = True
385.7010 	DATA 	Keypress: r
385.7036 	EXP 	unnamed TextStim: autoDraw = True
389.4820 	EXP 	unnamed TextStim: text = 'OBAMA'
389.4820 	EXP 	unnamed TextStim: height = 0.7
389.4820 	EXP 	unnamed TextStim: height = 0.7
389.4820 	EXP 	unnamed TextStim: height = 0.7
389.4820 	EXP 	unnamed TextStim: text = 'impulsive'
389.4820 	EXP 	unnamed TextStim: autoDraw = True
390.0298 	DATA 	Keypress: r
390.0324 	EXP 	unnamed TextStim: autoDraw = True
395.7798 	EXP 	unnamed TextStim: height = 0.7
395.7798 	EXP 	unnamed TextStim: height = 0.7
395.7798 	EXP 	unnamed TextStim: height = 0.7
395.7798 	EXP 	unnamed TextStim: text = 'SELF'
395.7798 	EXP 	unnamed TextStim: height = 0.7
395.7798 	EXP 	unnamed TextStim: height = 0.7
395.7798 	EXP 	unnamed TextStim: height = 0.7
395.7798 	EXP 	unnamed TextStim: text = 'envious'
395.7798 	EXP 	unnamed TextStim: autoDraw = True
396.6169 	DATA 	Keypress: r
396.6199 	EXP 	unnamed TextStim: autoDraw = True
398.3784 	EXP 	unnamed TextStim: text = 'SELF'
398.3784 	EXP 	unnamed TextStim: height = 0.7
398.3784 	EXP 	unnamed TextStim: height = 0.7
398.3784 	EXP 	unnamed TextStim: height = 0.7
398.3784 	EXP 	unnamed TextStim: text = 'silly'
398.3784 	EXP 	unnamed TextStim: autoDraw = True
399.2747 	DATA 	Keypress: g
399.2770 	EXP 	unnamed TextStim: autoDraw = True
403.4831 	EXP 	unnamed TextStim: height = 0.7
403.4831 	EXP 	unnamed TextStim: height = 0.7
403.4831 	EXP 	unnamed TextStim: height = 0.7
403.4831 	EXP 	unnamed TextStim: text = 'OBAMA'
403.4831 	EXP 	unnamed TextStim: height = 0.7
403.4831 	EXP 	unnamed TextStim: height = 0.7
403.4831 	EXP 	unnamed TextStim: height = 0.7
403.4831 	EXP 	unnamed TextStim: text = 'quarrelsome'
403.4831 	EXP 	unnamed TextStim: autoDraw = True
404.6617 	DATA 	Keypress: g
404.6642 	EXP 	unnamed TextStim: autoDraw = True
409.5842 	EXP 	unnamed TextStim: height = 0.7
409.5842 	EXP 	unnamed TextStim: height = 0.7
409.5842 	EXP 	unnamed TextStim: height = 0.7
409.5842 	EXP 	unnamed TextStim: text = 'SELF'
409.5842 	EXP 	unnamed TextStim: height = 0.7
409.5842 	EXP 	unnamed TextStim: height = 0.7
409.5842 	EXP 	unnamed TextStim: height = 0.7
409.5842 	EXP 	unnamed TextStim: text = 'preoccupied'
409.5842 	EXP 	unnamed TextStim: autoDraw = True
410.5074 	DATA 	Keypress: g
410.5099 	EXP 	unnamed TextStim: autoDraw = True
415.3827 	EXP 	unnamed TextStim: text = 'SELF'
415.3827 	EXP 	unnamed TextStim: height = 0.7
415.3827 	EXP 	unnamed TextStim: height = 0.7
415.3827 	EXP 	unnamed TextStim: height = 0.7
415.3827 	EXP 	unnamed TextStim: text = 'jumpy'
415.3827 	EXP 	unnamed TextStim: autoDraw = True
416.3514 	DATA 	Keypress: g
416.3544 	EXP 	unnamed TextStim: autoDraw = True
418.6787 	EXP 	unnamed TextStim: text = 'SELF'
418.6787 	EXP 	unnamed TextStim: height = 0.7
418.6787 	EXP 	unnamed TextStim: height = 0.7
418.6787 	EXP 	unnamed TextStim: height = 0.7
418.6787 	EXP 	unnamed TextStim: text = 'suspicious'
418.6787 	EXP 	unnamed TextStim: autoDraw = True
419.9570 	DATA 	Keypress: r
419.9663 	EXP 	unnamed TextStim: autoDraw = True
420.7709 	EXP 	unnamed TextStim: text = 'SELF'
420.7709 	EXP 	unnamed TextStim: height = 0.7
420.7709 	EXP 	unnamed TextStim: height = 0.7
420.7709 	EXP 	unnamed TextStim: height = 0.7
420.7709 	EXP 	unnamed TextStim: text = 'conceited'
420.7709 	EXP 	unnamed TextStim: autoDraw = True
422.0501 	DATA 	Keypress: g
422.0605 	EXP 	unnamed TextStim: autoDraw = True
424.6786 	EXP 	unnamed TextStim: height = 0.7
424.6786 	EXP 	unnamed TextStim: height = 0.7
424.6786 	EXP 	unnamed TextStim: height = 0.7
424.6786 	EXP 	unnamed TextStim: text = 'OBAMA'
424.6786 	EXP 	unnamed TextStim: height = 0.7
424.6786 	EXP 	unnamed TextStim: height = 0.7
424.6786 	EXP 	unnamed TextStim: height = 0.7
424.6786 	EXP 	unnamed TextStim: text = 'tactless'
424.6786 	EXP 	unnamed TextStim: autoDraw = True
425.6633 	DATA 	Keypress: g
425.6657 	EXP 	unnamed TextStim: autoDraw = True
429.3830 	EXP 	unnamed TextStim: text = 'OBAMA'
429.3830 	EXP 	unnamed TextStim: height = 0.7
429.3830 	EXP 	unnamed TextStim: height = 0.7
429.3830 	EXP 	unnamed TextStim: height = 0.7
429.3830 	EXP 	unnamed TextStim: text = 'inconsistent'
429.3830 	EXP 	unnamed TextStim: autoDraw = True
430.1670 	DATA 	Keypress: g
430.1714 	EXP 	unnamed TextStim: autoDraw = True
435.7804 	EXP 	unnamed TextStim: height = 0.7
435.7804 	EXP 	unnamed TextStim: height = 0.7
435.7804 	EXP 	unnamed TextStim: height = 0.7
435.7804 	EXP 	unnamed TextStim: text = 'UPPERCASE'
435.7804 	EXP 	unnamed TextStim: height = 0.7
435.7804 	EXP 	unnamed TextStim: height = 0.7
435.7804 	EXP 	unnamed TextStim: height = 0.7
435.7804 	EXP 	unnamed TextStim: text = 'SATIRICAL'
435.7804 	EXP 	unnamed TextStim: autoDraw = True
437.4689 	DATA 	Keypress: g
437.4796 	EXP 	unnamed TextStim: autoDraw = True
438.6705 	EXP 	unnamed TextStim: height = 0.7
438.6705 	EXP 	unnamed TextStim: height = 0.7
438.6705 	EXP 	unnamed TextStim: height = 0.7
438.6705 	EXP 	unnamed TextStim: text = 'OBAMA'
438.6705 	EXP 	unnamed TextStim: height = 0.7
438.6705 	EXP 	unnamed TextStim: height = 0.7
438.6705 	EXP 	unnamed TextStim: height = 0.7
438.6705 	EXP 	unnamed TextStim: text = 'complaining'
438.6705 	EXP 	unnamed TextStim: autoDraw = True
439.3930 	DATA 	Keypress: g
439.3955 	EXP 	unnamed TextStim: autoDraw = True
442.5792 	EXP 	unnamed TextStim: text = 'OBAMA'
442.5792 	EXP 	unnamed TextStim: height = 0.7
442.5792 	EXP 	unnamed TextStim: height = 0.7
442.5792 	EXP 	unnamed TextStim: height = 0.7
442.5792 	EXP 	unnamed TextStim: text = 'narrow-minded'
442.5792 	EXP 	unnamed TextStim: autoDraw = True
443.6314 	DATA 	Keypress: g
443.6343 	EXP 	unnamed TextStim: autoDraw = True
444.9780 	EXP 	unnamed TextStim: text = 'OBAMA'
444.9780 	EXP 	unnamed TextStim: height = 0.7
444.9780 	EXP 	unnamed TextStim: height = 0.7
444.9780 	EXP 	unnamed TextStim: height = 0.7
444.9780 	EXP 	unnamed TextStim: text = 'depressed'
444.9780 	EXP 	unnamed TextStim: autoDraw = True
446.1156 	DATA 	Keypress: g
446.1182 	EXP 	unnamed TextStim: autoDraw = True
449.5821 	EXP 	unnamed TextStim: height = 0.7
449.5821 	EXP 	unnamed TextStim: height = 0.7
449.5821 	EXP 	unnamed TextStim: height = 0.7
449.5821 	EXP 	unnamed TextStim: text = 'UPPERCASE'
449.5821 	EXP 	unnamed TextStim: height = 0.7
449.5821 	EXP 	unnamed TextStim: height = 0.7
449.5821 	EXP 	unnamed TextStim: height = 0.7
449.5821 	EXP 	unnamed TextStim: text = 'COLD'
449.5821 	EXP 	unnamed TextStim: autoDraw = True
450.8802 	DATA 	Keypress: r
450.8909 	EXP 	unnamed TextStim: autoDraw = True
455.0784 	EXP 	unnamed TextStim: text = 'UPPERCASE'
455.0784 	EXP 	unnamed TextStim: height = 0.7
455.0784 	EXP 	unnamed TextStim: height = 0.7
455.0784 	EXP 	unnamed TextStim: height = 0.7
455.0784 	EXP 	unnamed TextStim: text = 'KIND'
455.0784 	EXP 	unnamed TextStim: autoDraw = True
455.7765 	DATA 	Keypress: r
455.7793 	EXP 	unnamed TextStim: autoDraw = True
457.0779 	EXP 	unnamed TextStim: text = 'UPPERCASE'
457.0779 	EXP 	unnamed TextStim: height = 0.7
457.0779 	EXP 	unnamed TextStim: height = 0.7
457.0779 	EXP 	unnamed TextStim: height = 0.7
457.0779 	EXP 	unnamed TextStim: text = 'SLOPPY'
457.0779 	EXP 	unnamed TextStim: autoDraw = True
458.3691 	DATA 	Keypress: g
458.3796 	EXP 	unnamed TextStim: autoDraw = True
459.7783 	EXP 	unnamed TextStim: text = 'UPPERCASE'
459.7783 	EXP 	unnamed TextStim: height = 0.7
459.7783 	EXP 	unnamed TextStim: height = 0.7
459.7783 	EXP 	unnamed TextStim: height = 0.7
459.7783 	EXP 	unnamed TextStim: text = 'unproductive'
459.7783 	EXP 	unnamed TextStim: autoDraw = True
461.0872 	DATA 	Keypress: g
461.0978 	EXP 	unnamed TextStim: autoDraw = True
462.0707 	EXP 	unnamed TextStim: text = 'UPPERCASE'
462.0707 	EXP 	unnamed TextStim: height = 0.7
462.0707 	EXP 	unnamed TextStim: height = 0.7
462.0707 	EXP 	unnamed TextStim: height = 0.7
462.0707 	EXP 	unnamed TextStim: text = 'forgetful'
462.0707 	EXP 	unnamed TextStim: autoDraw = True
463.0192 	DATA 	Keypress: r
463.0218 	EXP 	unnamed TextStim: autoDraw = True
464.0708 	EXP 	unnamed TextStim: text = 'UPPERCASE'
464.0708 	EXP 	unnamed TextStim: height = 0.7
464.0708 	EXP 	unnamed TextStim: height = 0.7
464.0708 	EXP 	unnamed TextStim: height = 0.7
464.0708 	EXP 	unnamed TextStim: text = 'PROGRESSIVE'
464.0708 	EXP 	unnamed TextStim: autoDraw = True
465.0449 	DATA 	Keypress: g
465.0470 	EXP 	unnamed TextStim: autoDraw = True
466.3781 	EXP 	unnamed TextStim: height = 0.7
466.3781 	EXP 	unnamed TextStim: height = 0.7
466.3781 	EXP 	unnamed TextStim: height = 0.7
466.3781 	EXP 	unnamed TextStim: text = 'SELF'
466.3781 	EXP 	unnamed TextStim: height = 0.7
466.3781 	EXP 	unnamed TextStim: height = 0.7
466.3781 	EXP 	unnamed TextStim: height = 0.7
466.3781 	EXP 	unnamed TextStim: text = 'likable'
466.3781 	EXP 	unnamed TextStim: autoDraw = True
467.0912 	DATA 	Keypress: r
467.0937 	EXP 	unnamed TextStim: autoDraw = True
471.0845 	EXP 	unnamed TextStim: height = 0.7
471.0845 	EXP 	unnamed TextStim: height = 0.7
471.0845 	EXP 	unnamed TextStim: height = 0.7
471.0845 	EXP 	unnamed TextStim: text = 'UPPERCASE'
471.0845 	EXP 	unnamed TextStim: height = 0.7
471.0845 	EXP 	unnamed TextStim: height = 0.7
471.0845 	EXP 	unnamed TextStim: height = 0.7
471.0845 	EXP 	unnamed TextStim: text = 'conscientious'
471.0845 	EXP 	unnamed TextStim: autoDraw = True
471.9383 	DATA 	Keypress: g
471.9410 	EXP 	unnamed TextStim: autoDraw = True
473.9812 	EXP 	unnamed TextStim: height = 0.7
473.9812 	EXP 	unnamed TextStim: height = 0.7
473.9812 	EXP 	unnamed TextStim: height = 0.7
473.9812 	EXP 	unnamed TextStim: text = 'OBAMA'
473.9812 	EXP 	unnamed TextStim: height = 0.7
473.9812 	EXP 	unnamed TextStim: height = 0.7
473.9812 	EXP 	unnamed TextStim: height = 0.7
473.9812 	EXP 	unnamed TextStim: text = 'unethical'
473.9812 	EXP 	unnamed TextStim: autoDraw = True
474.8291 	DATA 	Keypress: g
474.8315 	EXP 	unnamed TextStim: autoDraw = True
476.2811 	EXP 	unnamed TextStim: height = 0.7
476.2811 	EXP 	unnamed TextStim: height = 0.7
476.2811 	EXP 	unnamed TextStim: height = 0.7
476.2811 	EXP 	unnamed TextStim: text = 'UPPERCASE'
476.2811 	EXP 	unnamed TextStim: height = 0.7
476.2811 	EXP 	unnamed TextStim: height = 0.7
476.2811 	EXP 	unnamed TextStim: height = 0.7
476.2811 	EXP 	unnamed TextStim: text = 'TROUBLED'
476.2811 	EXP 	unnamed TextStim: autoDraw = True
477.0030 	DATA 	Keypress: r
477.0055 	EXP 	unnamed TextStim: autoDraw = True
482.3803 	EXP 	unnamed TextStim: height = 0.7
482.3803 	EXP 	unnamed TextStim: height = 0.7
482.3803 	EXP 	unnamed TextStim: height = 0.7
482.3803 	EXP 	unnamed TextStim: text = 'SELF'
482.3803 	EXP 	unnamed TextStim: height = 0.7
482.3803 	EXP 	unnamed TextStim: height = 0.7
482.3803 	EXP 	unnamed TextStim: height = 0.7
482.3803 	EXP 	unnamed TextStim: text = 'meditative'
482.3803 	EXP 	unnamed TextStim: autoDraw = True
483.2008 	DATA 	Keypress: g
483.2037 	EXP 	unnamed TextStim: autoDraw = True
485.0791 	EXP 	unnamed TextStim: text = 'SELF'
485.0791 	EXP 	unnamed TextStim: height = 0.7
485.0791 	EXP 	unnamed TextStim: height = 0.7
485.0791 	EXP 	unnamed TextStim: height = 0.7
485.0791 	EXP 	unnamed TextStim: text = 'forceful'
485.0791 	EXP 	unnamed TextStim: autoDraw = True
485.8937 	DATA 	Keypress: g
485.8962 	EXP 	unnamed TextStim: autoDraw = True
488.8808 	EXP 	unnamed TextStim: height = 0.7
488.8808 	EXP 	unnamed TextStim: height = 0.7
488.8808 	EXP 	unnamed TextStim: height = 0.7
488.8808 	EXP 	unnamed TextStim: text = 'UPPERCASE'
488.8808 	EXP 	unnamed TextStim: height = 0.7
488.8808 	EXP 	unnamed TextStim: height = 0.7
488.8808 	EXP 	unnamed TextStim: height = 0.7
488.8808 	EXP 	unnamed TextStim: text = 'BOLD'
488.8808 	EXP 	unnamed TextStim: autoDraw = True
489.8594 	DATA 	Keypress: r
489.8627 	EXP 	unnamed TextStim: autoDraw = True
494.8816 	EXP 	unnamed TextStim: height = 0.7
494.8816 	EXP 	unnamed TextStim: height = 0.7
494.8816 	EXP 	unnamed TextStim: height = 0.7
494.8816 	EXP 	unnamed TextStim: text = 'OBAMA'
494.8816 	EXP 	unnamed TextStim: height = 0.7
494.8816 	EXP 	unnamed TextStim: height = 0.7
494.8816 	EXP 	unnamed TextStim: height = 0.7
494.8816 	EXP 	unnamed TextStim: text = 'warm-hearted'
494.8816 	EXP 	unnamed TextStim: autoDraw = True
496.0015 	DATA 	Keypress: r
496.0042 	EXP 	unnamed TextStim: autoDraw = True
498.7789 	EXP 	unnamed TextStim: text = 'OBAMA'
498.7789 	EXP 	unnamed TextStim: height = 0.7
498.7789 	EXP 	unnamed TextStim: height = 0.7
498.7789 	EXP 	unnamed TextStim: height = 0.7
498.7789 	EXP 	unnamed TextStim: text = 'demanding'
498.7789 	EXP 	unnamed TextStim: autoDraw = True
500.1647 	DATA 	Keypress: g
500.1763 	EXP 	unnamed TextStim: autoDraw = True
504.6820 	EXP 	unnamed TextStim: text = 'OBAMA'
504.6820 	EXP 	unnamed TextStim: height = 0.7
504.6820 	EXP 	unnamed TextStim: height = 0.7
504.6820 	EXP 	unnamed TextStim: height = 0.7
504.6820 	EXP 	unnamed TextStim: text = 'sentimental'
504.6820 	EXP 	unnamed TextStim: autoDraw = True
505.6054 	DATA 	Keypress: g
505.6080 	EXP 	unnamed TextStim: autoDraw = True
506.8778 	EXP 	unnamed TextStim: text = 'OBAMA'
506.8778 	EXP 	unnamed TextStim: height = 0.7
506.8778 	EXP 	unnamed TextStim: height = 0.7
506.8778 	EXP 	unnamed TextStim: height = 0.7
506.8778 	EXP 	unnamed TextStim: text = 'good-natured'
506.8778 	EXP 	unnamed TextStim: autoDraw = True
508.1663 	DATA 	Keypress: r
508.1776 	EXP 	unnamed TextStim: autoDraw = True
508.9718 	EXP 	unnamed TextStim: text = 'OBAMA'
508.9718 	EXP 	unnamed TextStim: height = 0.7
508.9718 	EXP 	unnamed TextStim: height = 0.7
508.9718 	EXP 	unnamed TextStim: height = 0.7
508.9718 	EXP 	unnamed TextStim: text = 'reserved'
508.9718 	EXP 	unnamed TextStim: autoDraw = True
510.2531 	DATA 	Keypress: r
510.2652 	EXP 	unnamed TextStim: autoDraw = True
512.1783 	EXP 	unnamed TextStim: height = 0.7
512.1783 	EXP 	unnamed TextStim: height = 0.7
512.1783 	EXP 	unnamed TextStim: height = 0.7
512.1783 	EXP 	unnamed TextStim: text = 'SELF'
512.1783 	EXP 	unnamed TextStim: height = 0.7
512.1783 	EXP 	unnamed TextStim: height = 0.7
512.1783 	EXP 	unnamed TextStim: height = 0.7
512.1783 	EXP 	unnamed TextStim: text = 'submissive'
512.1783 	EXP 	unnamed TextStim: autoDraw = True
512.8722 	DATA 	Keypress: g
512.8747 	EXP 	unnamed TextStim: autoDraw = True
515.4819 	EXP 	unnamed TextStim: height = 0.7
515.4819 	EXP 	unnamed TextStim: height = 0.7
515.4819 	EXP 	unnamed TextStim: height = 0.7
515.4819 	EXP 	unnamed TextStim: text = 'OBAMA'
515.4819 	EXP 	unnamed TextStim: height = 0.7
515.4819 	EXP 	unnamed TextStim: height = 0.7
515.4819 	EXP 	unnamed TextStim: height = 0.7
515.4819 	EXP 	unnamed TextStim: text = 'good-humored'
515.4819 	EXP 	unnamed TextStim: autoDraw = True
516.1764 	DATA 	Keypress: g
516.1787 	EXP 	unnamed TextStim: autoDraw = True
520.8825 	EXP 	unnamed TextStim: height = 0.7
520.8825 	EXP 	unnamed TextStim: height = 0.7
520.8825 	EXP 	unnamed TextStim: height = 0.7
520.8825 	EXP 	unnamed TextStim: text = 'UPPERCASE'
520.8825 	EXP 	unnamed TextStim: height = 0.7
520.8825 	EXP 	unnamed TextStim: height = 0.7
520.8825 	EXP 	unnamed TextStim: height = 0.7
520.8825 	EXP 	unnamed TextStim: text = 'SENSIBLE'
520.8825 	EXP 	unnamed TextStim: autoDraw = True
521.5824 	DATA 	Keypress: r
521.5848 	EXP 	unnamed TextStim: autoDraw = True
524.2808 	EXP 	unnamed TextStim: height = 0.7
524.2808 	EXP 	unnamed TextStim: height = 0.7
524.2808 	EXP 	unnamed TextStim: height = 0.7
524.2808 	EXP 	unnamed TextStim: text = 'OBAMA'
524.2808 	EXP 	unnamed TextStim: height = 0.7
524.2808 	EXP 	unnamed TextStim: height = 0.7
524.2808 	EXP 	unnamed TextStim: height = 0.7
524.2808 	EXP 	unnamed TextStim: text = 'timid'
524.2808 	EXP 	unnamed TextStim: autoDraw = True
524.8986 	DATA 	Keypress: g
524.9012 	EXP 	unnamed TextStim: autoDraw = True
527.4778 	EXP 	unnamed TextStim: height = 0.7
527.4778 	EXP 	unnamed TextStim: height = 0.7
527.4778 	EXP 	unnamed TextStim: height = 0.7
527.4778 	EXP 	unnamed TextStim: text = 'SELF'
527.4778 	EXP 	unnamed TextStim: height = 0.7
527.4778 	EXP 	unnamed TextStim: height = 0.7
527.4778 	EXP 	unnamed TextStim: height = 0.7
527.4778 	EXP 	unnamed TextStim: text = 'naive'
527.4778 	EXP 	unnamed TextStim: autoDraw = True
528.4958 	DATA 	Keypress: g
528.4982 	EXP 	unnamed TextStim: autoDraw = True
531.6795 	EXP 	unnamed TextStim: height = 0.7
531.6795 	EXP 	unnamed TextStim: height = 0.7
531.6795 	EXP 	unnamed TextStim: height = 0.7
531.6795 	EXP 	unnamed TextStim: text = 'UPPERCASE'
531.6795 	EXP 	unnamed TextStim: height = 0.7
531.6795 	EXP 	unnamed TextStim: height = 0.7
531.6795 	EXP 	unnamed TextStim: height = 0.7
531.6795 	EXP 	unnamed TextStim: text = 'antisocial'
531.6795 	EXP 	unnamed TextStim: autoDraw = True
532.5780 	DATA 	Keypress: g
532.5806 	EXP 	unnamed TextStim: autoDraw = True
536.9795 	EXP 	unnamed TextStim: text = 'UPPERCASE'
536.9795 	EXP 	unnamed TextStim: height = 0.7
536.9795 	EXP 	unnamed TextStim: height = 0.7
536.9795 	EXP 	unnamed TextStim: height = 0.7
536.9795 	EXP 	unnamed TextStim: text = 'well-spoken'
536.9795 	EXP 	unnamed TextStim: autoDraw = True
537.7973 	DATA 	Keypress: g
537.7997 	EXP 	unnamed TextStim: autoDraw = True
538.9695 	EXP 	unnamed TextStim: height = 0.7
538.9695 	EXP 	unnamed TextStim: height = 0.7
538.9695 	EXP 	unnamed TextStim: height = 0.7
538.9695 	EXP 	unnamed TextStim: text = 'OBAMA'
538.9695 	EXP 	unnamed TextStim: height = 0.7
538.9695 	EXP 	unnamed TextStim: height = 0.7
538.9695 	EXP 	unnamed TextStim: height = 0.7
538.9695 	EXP 	unnamed TextStim: text = 'normal'
538.9695 	EXP 	unnamed TextStim: autoDraw = True
540.0578 	DATA 	Keypress: g
540.0672 	EXP 	unnamed TextStim: autoDraw = True
541.3784 	EXP 	unnamed TextStim: text = 'OBAMA'
541.3784 	EXP 	unnamed TextStim: height = 0.7
541.3784 	EXP 	unnamed TextStim: height = 0.7
541.3784 	EXP 	unnamed TextStim: height = 0.7
541.3784 	EXP 	unnamed TextStim: text = 'impolite'
541.3784 	EXP 	unnamed TextStim: autoDraw = True
542.4575 	DATA 	Keypress: g
542.4599 	EXP 	unnamed TextStim: autoDraw = True
545.4790 	EXP 	unnamed TextStim: text = 'OBAMA'
545.4790 	EXP 	unnamed TextStim: height = 0.7
545.4790 	EXP 	unnamed TextStim: height = 0.7
545.4790 	EXP 	unnamed TextStim: height = 0.7
545.4790 	EXP 	unnamed TextStim: text = 'mediocre'
545.4790 	EXP 	unnamed TextStim: autoDraw = True
546.3846 	DATA 	Keypress: g
546.3872 	EXP 	unnamed TextStim: autoDraw = True
548.5770 	EXP 	unnamed TextStim: text = 'OBAMA'
548.5770 	EXP 	unnamed TextStim: height = 0.7
548.5770 	EXP 	unnamed TextStim: height = 0.7
548.5770 	EXP 	unnamed TextStim: height = 0.7
548.5770 	EXP 	unnamed TextStim: text = 'gossipy'
548.5770 	EXP 	unnamed TextStim: autoDraw = True
549.4481 	DATA 	Keypress: g
549.4507 	EXP 	unnamed TextStim: autoDraw = True
552.0788 	EXP 	unnamed TextStim: height = 0.7
552.0788 	EXP 	unnamed TextStim: height = 0.7
552.0788 	EXP 	unnamed TextStim: height = 0.7
552.0788 	EXP 	unnamed TextStim: text = 'UPPERCASE'
552.0788 	EXP 	unnamed TextStim: height = 0.7
552.0788 	EXP 	unnamed TextStim: height = 0.7
552.0788 	EXP 	unnamed TextStim: height = 0.7
552.0788 	EXP 	unnamed TextStim: text = 'PASSIVE'
552.0788 	EXP 	unnamed TextStim: autoDraw = True
552.7363 	DATA 	Keypress: r
552.7387 	EXP 	unnamed TextStim: autoDraw = True
557.4840 	EXP 	unnamed TextStim: height = 0.7
557.4840 	EXP 	unnamed TextStim: height = 0.7
557.4840 	EXP 	unnamed TextStim: height = 0.7
557.4840 	EXP 	unnamed TextStim: text = 'SELF'
557.4840 	EXP 	unnamed TextStim: height = 0.7
557.4840 	EXP 	unnamed TextStim: height = 0.7
557.4840 	EXP 	unnamed TextStim: height = 0.7
557.4840 	EXP 	unnamed TextStim: text = 'pessimistic'
557.4840 	EXP 	unnamed TextStim: autoDraw = True
558.0993 	DATA 	Keypress: g
558.1027 	EXP 	unnamed TextStim: autoDraw = True
561.9792 	EXP 	unnamed TextStim: text = 'SELF'
561.9792 	EXP 	unnamed TextStim: height = 0.7
561.9792 	EXP 	unnamed TextStim: height = 0.7
561.9792 	EXP 	unnamed TextStim: height = 0.7
561.9792 	EXP 	unnamed TextStim: text = 'messy'
561.9792 	EXP 	unnamed TextStim: autoDraw = True
562.5495 	DATA 	Keypress: r
562.5521 	EXP 	unnamed TextStim: autoDraw = True
568.4835 	EXP 	unnamed TextStim: height = 0.7
568.4835 	EXP 	unnamed TextStim: height = 0.7
568.4835 	EXP 	unnamed TextStim: height = 0.7
568.4835 	EXP 	unnamed TextStim: text = 'UPPERCASE'
568.4835 	EXP 	unnamed TextStim: height = 0.7
568.4835 	EXP 	unnamed TextStim: height = 0.7
568.4835 	EXP 	unnamed TextStim: height = 0.7
568.4835 	EXP 	unnamed TextStim: text = 'troublesome'
568.4835 	EXP 	unnamed TextStim: autoDraw = True
569.0878 	DATA 	Keypress: g
569.0917 	EXP 	unnamed TextStim: autoDraw = True
572.2834 	EXP 	unnamed TextStim: height = 0.7
572.2834 	EXP 	unnamed TextStim: height = 0.7
572.2834 	EXP 	unnamed TextStim: height = 0.7
572.2834 	EXP 	unnamed TextStim: text = 'SELF'
572.2834 	EXP 	unnamed TextStim: height = 0.7
572.2834 	EXP 	unnamed TextStim: height = 0.7
572.2834 	EXP 	unnamed TextStim: height = 0.7
572.2834 	EXP 	unnamed TextStim: text = 'cultured'
572.2834 	EXP 	unnamed TextStim: autoDraw = True
573.0980 	DATA 	Keypress: r
573.1040 	EXP 	unnamed TextStim: autoDraw = True
577.7845 	EXP 	unnamed TextStim: text = 'SELF'
577.7845 	EXP 	unnamed TextStim: height = 0.7
577.7845 	EXP 	unnamed TextStim: height = 0.7
577.7845 	EXP 	unnamed TextStim: height = 0.7
577.7845 	EXP 	unnamed TextStim: text = 'unwise'
577.7845 	EXP 	unnamed TextStim: autoDraw = True
578.3756 	DATA 	Keypress: r
578.3795 	EXP 	unnamed TextStim: autoDraw = True
582.2817 	EXP 	unnamed TextStim: height = 0.7
582.2817 	EXP 	unnamed TextStim: height = 0.7
582.2817 	EXP 	unnamed TextStim: height = 0.7
582.2817 	EXP 	unnamed TextStim: text = 'UPPERCASE'
582.2817 	EXP 	unnamed TextStim: height = 0.7
582.2817 	EXP 	unnamed TextStim: height = 0.7
582.2817 	EXP 	unnamed TextStim: height = 0.7
582.2817 	EXP 	unnamed TextStim: text = 'DECENT'
582.2817 	EXP 	unnamed TextStim: autoDraw = True
582.8001 	DATA 	Keypress: r
582.8026 	EXP 	unnamed TextStim: autoDraw = True
588.4828 	EXP 	unnamed TextStim: height = 0.7
588.4828 	EXP 	unnamed TextStim: height = 0.7
588.4828 	EXP 	unnamed TextStim: height = 0.7
588.4828 	EXP 	unnamed TextStim: text = 'SELF'
588.4828 	EXP 	unnamed TextStim: height = 0.7
588.4828 	EXP 	unnamed TextStim: height = 0.7
588.4828 	EXP 	unnamed TextStim: height = 0.7
588.4828 	EXP 	unnamed TextStim: text = 'suave'
588.4828 	EXP 	unnamed TextStim: autoDraw = True
589.0673 	DATA 	Keypress: r
589.0714 	EXP 	unnamed TextStim: autoDraw = True
593.6822 	EXP 	unnamed TextStim: height = 0.7
593.6822 	EXP 	unnamed TextStim: height = 0.7
593.6822 	EXP 	unnamed TextStim: height = 0.7
593.6822 	EXP 	unnamed TextStim: text = 'OBAMA'
593.6822 	EXP 	unnamed TextStim: height = 0.7
593.6822 	EXP 	unnamed TextStim: height = 0.7
593.6822 	EXP 	unnamed TextStim: height = 0.7
593.6822 	EXP 	unnamed TextStim: text = 'unkindly'
593.6822 	EXP 	unnamed TextStim: autoDraw = True
594.2536 	DATA 	Keypress: g
594.2582 	EXP 	unnamed TextStim: autoDraw = True
597.8833 	EXP 	unnamed TextStim: height = 0.7
597.8833 	EXP 	unnamed TextStim: height = 0.7
597.8833 	EXP 	unnamed TextStim: height = 0.7
597.8833 	EXP 	unnamed TextStim: text = 'SELF'
597.8833 	EXP 	unnamed TextStim: height = 0.7
597.8833 	EXP 	unnamed TextStim: height = 0.7
597.8833 	EXP 	unnamed TextStim: height = 0.7
597.8833 	EXP 	unnamed TextStim: text = 'indifferent'
597.8833 	EXP 	unnamed TextStim: autoDraw = True
598.5201 	DATA 	Keypress: r
598.5226 	EXP 	unnamed TextStim: autoDraw = True
600.5777 	EXP 	unnamed TextStim: text = 'SELF'
600.5777 	EXP 	unnamed TextStim: height = 0.7
600.5777 	EXP 	unnamed TextStim: height = 0.7
600.5777 	EXP 	unnamed TextStim: height = 0.7
600.5777 	EXP 	unnamed TextStim: text = 'fearful'
600.5777 	EXP 	unnamed TextStim: autoDraw = True
601.1978 	DATA 	Keypress: r
601.2004 	EXP 	unnamed TextStim: autoDraw = True
603.3807 	EXP 	unnamed TextStim: height = 0.7
603.3807 	EXP 	unnamed TextStim: height = 0.7
603.3807 	EXP 	unnamed TextStim: height = 0.7
603.3807 	EXP 	unnamed TextStim: text = 'OBAMA'
603.3807 	EXP 	unnamed TextStim: height = 0.7
603.3807 	EXP 	unnamed TextStim: height = 0.7
603.3807 	EXP 	unnamed TextStim: height = 0.7
603.3807 	EXP 	unnamed TextStim: text = 'meek'
603.3807 	EXP 	unnamed TextStim: autoDraw = True
603.9227 	DATA 	Keypress: r
603.9258 	EXP 	unnamed TextStim: autoDraw = True
605.5786 	EXP 	unnamed TextStim: height = 0.7
605.5786 	EXP 	unnamed TextStim: height = 0.7
605.5786 	EXP 	unnamed TextStim: height = 0.7
605.5786 	EXP 	unnamed TextStim: text = 'SELF'
605.5786 	EXP 	unnamed TextStim: height = 0.7
605.5786 	EXP 	unnamed TextStim: height = 0.7
605.5786 	EXP 	unnamed TextStim: height = 0.7
605.5786 	EXP 	unnamed TextStim: text = 'worrying'
605.5786 	EXP 	unnamed TextStim: autoDraw = True
606.1451 	DATA 	Keypress: r
606.1475 	EXP 	unnamed TextStim: autoDraw = True
610.9813 	EXP 	unnamed TextStim: height = 0.7
610.9813 	EXP 	unnamed TextStim: height = 0.7
610.9813 	EXP 	unnamed TextStim: height = 0.7
610.9813 	EXP 	unnamed TextStim: text = 'UPPERCASE'
610.9813 	EXP 	unnamed TextStim: height = 0.7
610.9813 	EXP 	unnamed TextStim: height = 0.7
610.9813 	EXP 	unnamed TextStim: height = 0.7
610.9813 	EXP 	unnamed TextStim: text = 'abusive'
610.9813 	EXP 	unnamed TextStim: autoDraw = True
611.6061 	DATA 	Keypress: r
611.6116 	EXP 	unnamed TextStim: autoDraw = True
616.3805 	EXP 	unnamed TextStim: text = 'UPPERCASE'
616.3805 	EXP 	unnamed TextStim: height = 0.7
616.3805 	EXP 	unnamed TextStim: height = 0.7
616.3805 	EXP 	unnamed TextStim: height = 0.7
616.3805 	EXP 	unnamed TextStim: text = 'sympathetic'
616.3805 	EXP 	unnamed TextStim: autoDraw = True
617.0328 	DATA 	Keypress: r
617.0369 	EXP 	unnamed TextStim: autoDraw = True
619.6831 	EXP 	unnamed TextStim: height = 0.7
619.6831 	EXP 	unnamed TextStim: height = 0.7
619.6831 	EXP 	unnamed TextStim: height = 0.7
619.6831 	EXP 	unnamed TextStim: text = 'SELF'
619.6831 	EXP 	unnamed TextStim: height = 0.7
619.6831 	EXP 	unnamed TextStim: height = 0.7
619.6831 	EXP 	unnamed TextStim: height = 0.7
619.6831 	EXP 	unnamed TextStim: text = 'agreeable'
619.6831 	EXP 	unnamed TextStim: autoDraw = True
620.5526 	DATA 	Keypress: r
620.5551 	EXP 	unnamed TextStim: autoDraw = True
621.8784 	EXP 	unnamed TextStim: height = 0.7
621.8784 	EXP 	unnamed TextStim: height = 0.7
621.8784 	EXP 	unnamed TextStim: height = 0.7
621.8784 	EXP 	unnamed TextStim: text = 'OBAMA'
621.8784 	EXP 	unnamed TextStim: height = 0.7
621.8784 	EXP 	unnamed TextStim: height = 0.7
621.8784 	EXP 	unnamed TextStim: height = 0.7
621.8784 	EXP 	unnamed TextStim: text = 'excitable'
621.8784 	EXP 	unnamed TextStim: autoDraw = True
622.6658 	DATA 	Keypress: r
622.6681 	EXP 	unnamed TextStim: autoDraw = True
625.1832 	EXP 	unnamed TextStim: height = 0.7
625.1832 	EXP 	unnamed TextStim: height = 0.7
625.1832 	EXP 	unnamed TextStim: height = 0.7
625.1832 	EXP 	unnamed TextStim: text = 'UPPERCASE'
625.1832 	EXP 	unnamed TextStim: height = 0.7
625.1832 	EXP 	unnamed TextStim: height = 0.7
625.1832 	EXP 	unnamed TextStim: height = 0.7
625.1832 	EXP 	unnamed TextStim: text = 'high-strung'
625.1832 	EXP 	unnamed TextStim: autoDraw = True
625.9186 	DATA 	Keypress: r
625.9210 	EXP 	unnamed TextStim: autoDraw = True
630.0785 	EXP 	unnamed TextStim: height = 0.7
630.0785 	EXP 	unnamed TextStim: height = 0.7
630.0785 	EXP 	unnamed TextStim: height = 0.7
630.0785 	EXP 	unnamed TextStim: text = 'OBAMA'
630.0785 	EXP 	unnamed TextStim: height = 0.7
630.0785 	EXP 	unnamed TextStim: height = 0.7
630.0785 	EXP 	unnamed TextStim: height = 0.7
630.0785 	EXP 	unnamed TextStim: text = 'thoughtful'
630.0785 	EXP 	unnamed TextStim: autoDraw = True
630.5790 	DATA 	Keypress: r
630.5823 	EXP 	unnamed TextStim: autoDraw = True
633.7786 	EXP 	unnamed TextStim: height = 0.7
633.7786 	EXP 	unnamed TextStim: height = 0.7
633.7786 	EXP 	unnamed TextStim: height = 0.7
633.7786 	EXP 	unnamed TextStim: text = 'UPPERCASE'
633.7786 	EXP 	unnamed TextStim: height = 0.7
633.7786 	EXP 	unnamed TextStim: height = 0.7
633.7786 	EXP 	unnamed TextStim: height = 0.7
633.7786 	EXP 	unnamed TextStim: text = 'ARTISTIC'
633.7786 	EXP 	unnamed TextStim: autoDraw = True
634.1841 	DATA 	Keypress: r
634.1866 	EXP 	unnamed TextStim: autoDraw = True
642.2905 	EXP 	window1: mouseVisible = True
