11.9204 	WARNING 	ExperimentHandler created with no dataFileName parameter. No data will be saved in the event of a crash
11.9256 	WARNING 	User requested fullscreen with size [800 600], but screen is actually [1512, 982]. Using actual size
13.0259 	WARNING 	Couldn't measure a consistent frame rate!
  - Is your graphics card set to sync to vertical blank?
  - Are you running other processes on your computer?

13.0264 	EXP 	Created window1 = Window(allowGUI=True, allowStencil=False, autoLog=True, backendConf=UNKNOWN, backgroundFit=<method-wrapper '__getattribute__' of attributeSetter object at 0x14ef2f7c0>, backgroundImage=<method-wrapper '__getattribute__' of attributeSetter object at 0x14ef2f760>, bitsMode=UNKNOWN, blendMode='avg', bpc=(8, 8, 8), color=array([-1, -1, -1]), colorSpace='rgb', depthBits=8, fullscr=<method-wrapper '__getattribute__' of attributeSetter object at 0x14ef2f5b0>, gamma=None, gammaErrorPolicy='raise', infoMsg=UNKNOWN, lms=UNKNOWN, monitor=<psychopy.monitors.calibTools.Monitor object at 0x14edd37f0>, multiSample=False, name='window1', numSamples=2, pos=[378.0, 245.5], screen=0, size=array([3024, 1964]), stencilBits=0, stereo=False, title='PsychoPy', units='deg', useFBO=False, useRetina=True, viewOri=0.0, viewPos=None, viewScale=None, waitBlanking=True, winType='pyglet')
13.0266 	EXP 	window1: mouseVisible = True
13.0267 	EXP 	window1: backgroundImage = None
13.0267 	EXP 	window1: backgroundFit = 'cover'
13.0272 	EXP 	window1: mouseVisible = True
13.0505 	EXP 	Created unnamed TextStim = TextStim(__class__=<class 'psychopy.visual.text.TextStim'>, alignHoriz=method-wrapper(...), alignText='center', alignVert=method-wrapper(...), anchorHoriz='center', anchorVert='center', antialias=True, autoDraw=False, autoLog=True, bold=True, color=array([1., 1., 1.]), colorSpace='rgb', contrast=1.0, depth=0, draggable=False, flipHoriz=False, flipVert=False, font='Geneva', fontFiles=[], height=0.5, italic=False, languageStyle='LTR', name='unnamed TextStim', opacity=1.0, ori=0.0, pos=array([0., 0.]), rgb=UNKNOWN, text='+', units='deg', win=Window(...), wrapWidth=15.0)
13.0506 	EXP 	window1: mouseVisible = True
13.0549 	EXP 	Created unnamed TextStim = TextStim(__class__=<class 'psychopy.visual.text.TextStim'>, alignHoriz=method-wrapper(...), alignText='center', alignVert=method-wrapper(...), anchorHoriz='center', anchorVert='center', antialias=True, autoDraw=False, autoLog=True, bold=True, color=array([1., 1., 1.]), colorSpace='rgb', contrast=1.0, depth=0, draggable=False, flipHoriz=False, flipVert=False, font='Geneva', fontFiles=[], height=0.7, italic=False, languageStyle='LTR', name='unnamed TextStim', opacity=1.0, ori=0.0, pos=array([0. , 0.7]), rgb=UNKNOWN, text='Hello World', units='deg', win=Window(...), wrapWidth=15.0)
13.0550 	EXP 	window1: mouseVisible = True
13.0564 	EXP 	Created unnamed TextStim = TextStim(__class__=<class 'psychopy.visual.text.TextStim'>, alignHoriz=method-wrapper(...), alignText='center', alignVert=method-wrapper(...), anchorHoriz='center', anchorVert='center', antialias=True, autoDraw=False, autoLog=True, bold=True, color=array([1., 1., 1.]), colorSpace='rgb', contrast=1.0, depth=0, draggable=False, flipHoriz=False, flipVert=False, font='Geneva', fontFiles=[], height=0.7, italic=False, languageStyle='LTR', name='unnamed TextStim', opacity=1.0, ori=0.0, pos=array([ 0. , -0.7]), rgb=UNKNOWN, text='Hello World', units='deg', win=Window(...), wrapWidth=15.0)
13.0575 	EXP 	window1: mouseVisible = False
13.0851 	WARNING 	t of last frame was 59.48ms (=1/16)
13.0851 	EXP 	unnamed TextStim: height = 0.7
13.0851 	EXP 	unnamed TextStim: height = 0.7
13.0851 	EXP 	unnamed TextStim: height = 0.7
13.0851 	EXP 	unnamed TextStim: text = "\nIN THE FOLLOWING TASK, YOU WILL BE ASKED TO RATE ONE OF THREE TYPES OF JUDGMENTS FOR DIFFERENT WORDS:\n\nSELF: DOES THIS WORD DESCRIBE YOU?\nOBAMA: DOES THIS WORD DESCRIBE FORMER U.S. PRESIDENT BARACK OBAMA?\nUPPERCASE: IS THIS WORD PRINTED IN UPPERCASE LETTERS?\n\nFOR EACH ITEM, PLEASE RESPOND WITH YES [1] OR NO [2] ON YOUR RESPONSE BOX. PLEASE KEEP YOUR EYES ON THE CENTRAL FIXATION POINT DURING THE TASK. IF THE NEXT TRIAL COMES UP AND YOU HAVE NOT YET RESPONDED TO THE PREVIOUS TRIAL, THAT'S OKAY, JUST SKIP IT AND MOVE ONTO THE NEXT ONE. \n\nREADY?"
14.2521 	DATA 	Keypress: 1
14.2615 	WARNING 	t of last frame was 1176.46ms (=1/0)
14.2615 	EXP 	unnamed TextStim: height = 0.7
14.2615 	EXP 	unnamed TextStim: height = 0.7
14.2615 	EXP 	unnamed TextStim: height = 0.7
14.2615 	EXP 	unnamed TextStim: text = 'SELF'
14.2615 	EXP 	unnamed TextStim: height = 0.7
14.2615 	EXP 	unnamed TextStim: height = 0.7
14.2615 	EXP 	unnamed TextStim: height = 0.7
14.2615 	EXP 	unnamed TextStim: text = 'HESITANT'
16.0319 	DATA 	Keypress: 1
16.0440 	WARNING 	t of last frame was 1782.43ms (=1/0)
16.0440 	EXP 	unnamed TextStim: autoDraw = True
16.1458 	WARNING 	t of last frame was 101.87ms (=1/9)
16.1458 	EXP 	unnamed TextStim: autoDraw = False
16.1458 	EXP 	unnamed TextStim: height = 0.7
16.1458 	EXP 	unnamed TextStim: height = 0.7
16.1458 	EXP 	unnamed TextStim: height = 0.7
16.1458 	EXP 	unnamed TextStim: text = ''
16.1458 	EXP 	unnamed TextStim: height = 0.7
16.1458 	EXP 	unnamed TextStim: height = 0.7
16.1458 	EXP 	unnamed TextStim: height = 0.7
16.1458 	EXP 	unnamed TextStim: text = ''
18.6459 	DATA 	No keypress (maxWait exceeded)
18.6561 	WARNING 	Multiple dropped frames have occurred - I'll stop bothering you about them!
18.6561 	EXP 	unnamed TextStim: autoDraw = True
18.7598 	EXP 	unnamed TextStim: autoDraw = False
18.7598 	EXP 	unnamed TextStim: height = 0.7
18.7598 	EXP 	unnamed TextStim: height = 0.7
18.7598 	EXP 	unnamed TextStim: height = 0.7
18.7598 	EXP 	unnamed TextStim: text = 'SELF'
18.7598 	EXP 	unnamed TextStim: height = 0.7
18.7598 	EXP 	unnamed TextStim: height = 0.7
18.7598 	EXP 	unnamed TextStim: height = 0.7
18.7598 	EXP 	unnamed TextStim: text = 'IRRESPONSIBLE'
19.2341 	DATA 	Keypress: 1
19.2366 	EXP 	unnamed TextStim: autoDraw = True
19.3394 	EXP 	unnamed TextStim: autoDraw = False
19.3394 	EXP 	unnamed TextStim: height = 0.7
19.3394 	EXP 	unnamed TextStim: height = 0.7
19.3394 	EXP 	unnamed TextStim: height = 0.7
19.3394 	EXP 	unnamed TextStim: text = 'UPPERCASE'
19.3394 	EXP 	unnamed TextStim: height = 0.7
19.3394 	EXP 	unnamed TextStim: height = 0.7
19.3394 	EXP 	unnamed TextStim: height = 0.7
19.3394 	EXP 	unnamed TextStim: text = 'RATIONAL'
20.8428 	DATA 	Keypress: 1
20.8530 	EXP 	unnamed TextStim: autoDraw = True
20.9559 	EXP 	unnamed TextStim: autoDraw = False
20.9559 	EXP 	unnamed TextStim: height = 0.7
20.9559 	EXP 	unnamed TextStim: height = 0.7
20.9559 	EXP 	unnamed TextStim: height = 0.7
20.9559 	EXP 	unnamed TextStim: text = 'SELF'
20.9559 	EXP 	unnamed TextStim: height = 0.7
20.9559 	EXP 	unnamed TextStim: height = 0.7
20.9559 	EXP 	unnamed TextStim: height = 0.7
20.9559 	EXP 	unnamed TextStim: text = 'TRUTHFUL'
21.6649 	DATA 	Keypress: 1
21.6671 	EXP 	unnamed TextStim: autoDraw = True
21.7692 	EXP 	unnamed TextStim: autoDraw = False
21.7692 	EXP 	unnamed TextStim: height = 0.7
21.7692 	EXP 	unnamed TextStim: height = 0.7
21.7692 	EXP 	unnamed TextStim: height = 0.7
21.7692 	EXP 	unnamed TextStim: text = ''
21.7692 	EXP 	unnamed TextStim: height = 0.7
21.7692 	EXP 	unnamed TextStim: height = 0.7
21.7692 	EXP 	unnamed TextStim: height = 0.7
21.7692 	EXP 	unnamed TextStim: text = ''
22.1236 	DATA 	Keypress: 1
22.1259 	EXP 	unnamed TextStim: autoDraw = True
22.2288 	EXP 	unnamed TextStim: autoDraw = False
22.2288 	EXP 	unnamed TextStim: height = 0.7
22.2288 	EXP 	unnamed TextStim: height = 0.7
22.2288 	EXP 	unnamed TextStim: height = 0.7
22.2288 	EXP 	unnamed TextStim: text = 'OBAMA'
22.2288 	EXP 	unnamed TextStim: height = 0.7
22.2288 	EXP 	unnamed TextStim: height = 0.7
22.2288 	EXP 	unnamed TextStim: height = 0.7
22.2288 	EXP 	unnamed TextStim: text = 'UNAPPRECIATIVE'
22.5744 	DATA 	Keypress: 1
22.5757 	EXP 	unnamed TextStim: autoDraw = True
22.6785 	EXP 	unnamed TextStim: autoDraw = False
22.6785 	EXP 	unnamed TextStim: height = 0.7
22.6785 	EXP 	unnamed TextStim: height = 0.7
22.6785 	EXP 	unnamed TextStim: height = 0.7
22.6785 	EXP 	unnamed TextStim: text = 'SELF'
22.6785 	EXP 	unnamed TextStim: height = 0.7
22.6785 	EXP 	unnamed TextStim: height = 0.7
22.6785 	EXP 	unnamed TextStim: height = 0.7
22.6785 	EXP 	unnamed TextStim: text = 'SUAVE'
22.9404 	DATA 	Keypress: 1
22.9417 	EXP 	unnamed TextStim: autoDraw = True
23.0434 	EXP 	unnamed TextStim: autoDraw = False
23.0434 	EXP 	unnamed TextStim: height = 0.7
23.0434 	EXP 	unnamed TextStim: height = 0.7
23.0434 	EXP 	unnamed TextStim: height = 0.7
23.0434 	EXP 	unnamed TextStim: text = ''
23.0434 	EXP 	unnamed TextStim: height = 0.7
23.0434 	EXP 	unnamed TextStim: height = 0.7
23.0434 	EXP 	unnamed TextStim: height = 0.7
23.0434 	EXP 	unnamed TextStim: text = ''
23.2930 	DATA 	Keypress: 1
23.2946 	EXP 	unnamed TextStim: autoDraw = True
23.3988 	EXP 	unnamed TextStim: autoDraw = False
23.3988 	EXP 	unnamed TextStim: height = 0.7
23.3988 	EXP 	unnamed TextStim: height = 0.7
23.3988 	EXP 	unnamed TextStim: height = 0.7
23.3988 	EXP 	unnamed TextStim: text = 'UPPERCASE'
23.3988 	EXP 	unnamed TextStim: height = 0.7
23.3988 	EXP 	unnamed TextStim: height = 0.7
23.3988 	EXP 	unnamed TextStim: height = 0.7
23.3988 	EXP 	unnamed TextStim: text = 'inconsistent'
23.5487 	DATA 	Keypress: 1
23.5500 	EXP 	unnamed TextStim: autoDraw = True
23.6526 	EXP 	unnamed TextStim: autoDraw = False
23.6526 	EXP 	unnamed TextStim: height = 0.7
23.6526 	EXP 	unnamed TextStim: height = 0.7
23.6526 	EXP 	unnamed TextStim: height = 0.7
23.6526 	EXP 	unnamed TextStim: text = 'OBAMA'
23.6526 	EXP 	unnamed TextStim: height = 0.7
23.6526 	EXP 	unnamed TextStim: height = 0.7
23.6526 	EXP 	unnamed TextStim: height = 0.7
23.6526 	EXP 	unnamed TextStim: text = 'EASYGOING'
23.8095 	DATA 	Keypress: 1
23.8109 	EXP 	unnamed TextStim: autoDraw = True
23.9126 	EXP 	unnamed TextStim: autoDraw = False
23.9126 	EXP 	unnamed TextStim: height = 0.7
23.9126 	EXP 	unnamed TextStim: height = 0.7
23.9126 	EXP 	unnamed TextStim: height = 0.7
23.9126 	EXP 	unnamed TextStim: text = ''
23.9126 	EXP 	unnamed TextStim: height = 0.7
23.9126 	EXP 	unnamed TextStim: height = 0.7
23.9126 	EXP 	unnamed TextStim: height = 0.7
23.9126 	EXP 	unnamed TextStim: text = ''
24.0635 	DATA 	Keypress: 1
24.0647 	EXP 	unnamed TextStim: autoDraw = True
24.1675 	EXP 	unnamed TextStim: autoDraw = False
24.1675 	EXP 	unnamed TextStim: height = 0.7
24.1675 	EXP 	unnamed TextStim: height = 0.7
24.1675 	EXP 	unnamed TextStim: height = 0.7
24.1675 	EXP 	unnamed TextStim: text = 'OBAMA'
24.1675 	EXP 	unnamed TextStim: height = 0.7
24.1675 	EXP 	unnamed TextStim: height = 0.7
24.1675 	EXP 	unnamed TextStim: height = 0.7
24.1675 	EXP 	unnamed TextStim: text = 'JUMPY'
24.2862 	DATA 	Keypress: 1
24.2876 	EXP 	unnamed TextStim: autoDraw = True
24.3901 	EXP 	unnamed TextStim: autoDraw = False
24.3901 	EXP 	unnamed TextStim: height = 0.7
24.3901 	EXP 	unnamed TextStim: height = 0.7
24.3901 	EXP 	unnamed TextStim: height = 0.7
24.3901 	EXP 	unnamed TextStim: text = 'SELF'
24.3901 	EXP 	unnamed TextStim: height = 0.7
24.3901 	EXP 	unnamed TextStim: height = 0.7
24.3901 	EXP 	unnamed TextStim: height = 0.7
24.3901 	EXP 	unnamed TextStim: text = 'MODERATE'
24.5056 	DATA 	Keypress: 1
24.5069 	EXP 	unnamed TextStim: autoDraw = True
24.6090 	EXP 	unnamed TextStim: autoDraw = False
24.6090 	EXP 	unnamed TextStim: text = 'SELF'
24.6090 	EXP 	unnamed TextStim: height = 0.7
24.6090 	EXP 	unnamed TextStim: height = 0.7
24.6090 	EXP 	unnamed TextStim: height = 0.7
24.6090 	EXP 	unnamed TextStim: text = 'OPTIMISTIC'
24.7274 	DATA 	Keypress: 1
24.7287 	EXP 	unnamed TextStim: autoDraw = True
24.8305 	EXP 	unnamed TextStim: autoDraw = False
24.8305 	EXP 	unnamed TextStim: height = 0.7
24.8305 	EXP 	unnamed TextStim: height = 0.7
24.8305 	EXP 	unnamed TextStim: height = 0.7
24.8305 	EXP 	unnamed TextStim: text = ''
24.8305 	EXP 	unnamed TextStim: height = 0.7
24.8305 	EXP 	unnamed TextStim: height = 0.7
24.8305 	EXP 	unnamed TextStim: height = 0.7
24.8305 	EXP 	unnamed TextStim: text = ''
24.9263 	DATA 	Keypress: 1
24.9276 	EXP 	unnamed TextStim: autoDraw = True
25.0309 	EXP 	unnamed TextStim: autoDraw = False
25.0309 	EXP 	unnamed TextStim: height = 0.7
25.0309 	EXP 	unnamed TextStim: height = 0.7
25.0309 	EXP 	unnamed TextStim: height = 0.7
25.0309 	EXP 	unnamed TextStim: text = 'UPPERCASE'
25.0309 	EXP 	unnamed TextStim: height = 0.7
25.0309 	EXP 	unnamed TextStim: height = 0.7
25.0309 	EXP 	unnamed TextStim: height = 0.7
25.0309 	EXP 	unnamed TextStim: text = 'admirable'
25.1342 	DATA 	Keypress: 1
25.1355 	EXP 	unnamed TextStim: autoDraw = True
25.2376 	EXP 	unnamed TextStim: autoDraw = False
25.2376 	EXP 	unnamed TextStim: text = 'UPPERCASE'
25.2376 	EXP 	unnamed TextStim: height = 0.7
25.2376 	EXP 	unnamed TextStim: height = 0.7
25.2376 	EXP 	unnamed TextStim: height = 0.7
25.2376 	EXP 	unnamed TextStim: text = 'critical'
25.3472 	DATA 	Keypress: 1
25.3485 	EXP 	unnamed TextStim: autoDraw = True
25.4513 	EXP 	unnamed TextStim: autoDraw = False
25.4513 	EXP 	unnamed TextStim: height = 0.7
25.4513 	EXP 	unnamed TextStim: height = 0.7
25.4513 	EXP 	unnamed TextStim: height = 0.7
25.4513 	EXP 	unnamed TextStim: text = 'OBAMA'
25.4513 	EXP 	unnamed TextStim: height = 0.7
25.4513 	EXP 	unnamed TextStim: height = 0.7
25.4513 	EXP 	unnamed TextStim: height = 0.7
25.4513 	EXP 	unnamed TextStim: text = 'SOCIABLE'
25.5554 	DATA 	Keypress: 1
25.5566 	EXP 	unnamed TextStim: autoDraw = True
25.6583 	EXP 	unnamed TextStim: autoDraw = False
25.6583 	EXP 	unnamed TextStim: height = 0.7
25.6583 	EXP 	unnamed TextStim: height = 0.7
25.6583 	EXP 	unnamed TextStim: height = 0.7
25.6583 	EXP 	unnamed TextStim: text = ''
25.6583 	EXP 	unnamed TextStim: height = 0.7
25.6583 	EXP 	unnamed TextStim: height = 0.7
25.6583 	EXP 	unnamed TextStim: height = 0.7
25.6583 	EXP 	unnamed TextStim: text = ''
25.7405 	DATA 	Keypress: 1
25.7418 	EXP 	unnamed TextStim: autoDraw = True
25.8443 	EXP 	unnamed TextStim: autoDraw = False
25.8443 	EXP 	unnamed TextStim: height = 0.7
25.8443 	EXP 	unnamed TextStim: height = 0.7
25.8443 	EXP 	unnamed TextStim: height = 0.7
25.8443 	EXP 	unnamed TextStim: text = 'SELF'
25.8443 	EXP 	unnamed TextStim: height = 0.7
25.8443 	EXP 	unnamed TextStim: height = 0.7
25.8443 	EXP 	unnamed TextStim: height = 0.7
25.8443 	EXP 	unnamed TextStim: text = 'OUTSTANDING'
25.9554 	DATA 	Keypress: 1
25.9566 	EXP 	unnamed TextStim: autoDraw = True
26.0592 	EXP 	unnamed TextStim: autoDraw = False
26.0592 	EXP 	unnamed TextStim: height = 0.7
26.0592 	EXP 	unnamed TextStim: height = 0.7
26.0592 	EXP 	unnamed TextStim: height = 0.7
26.0592 	EXP 	unnamed TextStim: text = 'UPPERCASE'
26.0592 	EXP 	unnamed TextStim: height = 0.7
26.0592 	EXP 	unnamed TextStim: height = 0.7
26.0592 	EXP 	unnamed TextStim: height = 0.7
26.0592 	EXP 	unnamed TextStim: text = 'ANNOYING'
26.1875 	DATA 	Keypress: 1
26.1888 	EXP 	unnamed TextStim: autoDraw = True
26.2904 	EXP 	unnamed TextStim: autoDraw = False
26.2904 	EXP 	unnamed TextStim: height = 0.7
26.2904 	EXP 	unnamed TextStim: height = 0.7
26.2904 	EXP 	unnamed TextStim: height = 0.7
26.2904 	EXP 	unnamed TextStim: text = ''
26.2904 	EXP 	unnamed TextStim: height = 0.7
26.2904 	EXP 	unnamed TextStim: height = 0.7
26.2904 	EXP 	unnamed TextStim: height = 0.7
26.2904 	EXP 	unnamed TextStim: text = ''
26.4026 	DATA 	Keypress: 1
26.4039 	EXP 	unnamed TextStim: autoDraw = True
26.5068 	EXP 	unnamed TextStim: autoDraw = False
26.5068 	EXP 	unnamed TextStim: height = 0.7
26.5068 	EXP 	unnamed TextStim: height = 0.7
26.5068 	EXP 	unnamed TextStim: height = 0.7
26.5068 	EXP 	unnamed TextStim: text = 'OBAMA'
26.5068 	EXP 	unnamed TextStim: height = 0.7
26.5068 	EXP 	unnamed TextStim: height = 0.7
26.5068 	EXP 	unnamed TextStim: height = 0.7
26.5068 	EXP 	unnamed TextStim: text = 'BROAD-MINDED'
26.5814 	DATA 	Keypress: 1
26.5827 	EXP 	unnamed TextStim: autoDraw = True
26.6848 	EXP 	unnamed TextStim: autoDraw = False
26.6848 	EXP 	unnamed TextStim: text = 'OBAMA'
26.6848 	EXP 	unnamed TextStim: height = 0.7
26.6848 	EXP 	unnamed TextStim: height = 0.7
26.6848 	EXP 	unnamed TextStim: height = 0.7
26.6848 	EXP 	unnamed TextStim: text = 'UNAGREEABLE'
26.7711 	DATA 	Keypress: 1
26.7724 	EXP 	unnamed TextStim: autoDraw = True
26.8750 	EXP 	unnamed TextStim: autoDraw = False
26.8750 	EXP 	unnamed TextStim: height = 0.7
26.8750 	EXP 	unnamed TextStim: height = 0.7
26.8750 	EXP 	unnamed TextStim: height = 0.7
26.8750 	EXP 	unnamed TextStim: text = 'UPPERCASE'
26.8750 	EXP 	unnamed TextStim: height = 0.7
26.8750 	EXP 	unnamed TextStim: height = 0.7
26.8750 	EXP 	unnamed TextStim: height = 0.7
26.8750 	EXP 	unnamed TextStim: text = 'candid'
26.9592 	DATA 	Keypress: 1
26.9604 	EXP 	unnamed TextStim: autoDraw = True
27.0632 	EXP 	unnamed TextStim: autoDraw = False
27.0632 	EXP 	unnamed TextStim: height = 0.7
27.0632 	EXP 	unnamed TextStim: height = 0.7
27.0632 	EXP 	unnamed TextStim: height = 0.7
27.0632 	EXP 	unnamed TextStim: text = 'SELF'
27.0632 	EXP 	unnamed TextStim: height = 0.7
27.0632 	EXP 	unnamed TextStim: height = 0.7
27.0632 	EXP 	unnamed TextStim: height = 0.7
27.0632 	EXP 	unnamed TextStim: text = 'DISHONORABLE'
27.1533 	DATA 	Keypress: 1
27.1545 	EXP 	unnamed TextStim: autoDraw = True
27.2563 	EXP 	unnamed TextStim: autoDraw = False
27.2563 	EXP 	unnamed TextStim: height = 0.7
27.2563 	EXP 	unnamed TextStim: height = 0.7
27.2563 	EXP 	unnamed TextStim: height = 0.7
27.2563 	EXP 	unnamed TextStim: text = ''
27.2563 	EXP 	unnamed TextStim: height = 0.7
27.2563 	EXP 	unnamed TextStim: height = 0.7
27.2563 	EXP 	unnamed TextStim: height = 0.7
27.2563 	EXP 	unnamed TextStim: text = ''
27.3506 	DATA 	Keypress: 1
27.3519 	EXP 	unnamed TextStim: autoDraw = True
27.4554 	EXP 	unnamed TextStim: autoDraw = False
27.4554 	EXP 	unnamed TextStim: height = 0.7
27.4554 	EXP 	unnamed TextStim: height = 0.7
27.4554 	EXP 	unnamed TextStim: height = 0.7
27.4554 	EXP 	unnamed TextStim: text = 'UPPERCASE'
27.4554 	EXP 	unnamed TextStim: height = 0.7
27.4554 	EXP 	unnamed TextStim: height = 0.7
27.4554 	EXP 	unnamed TextStim: height = 0.7
27.4554 	EXP 	unnamed TextStim: text = 'gentle'
27.5386 	DATA 	Keypress: 1
27.5400 	EXP 	unnamed TextStim: autoDraw = True
27.6418 	EXP 	unnamed TextStim: autoDraw = False
27.6418 	EXP 	unnamed TextStim: height = 0.7
27.6418 	EXP 	unnamed TextStim: height = 0.7
27.6418 	EXP 	unnamed TextStim: height = 0.7
27.6418 	EXP 	unnamed TextStim: text = ''
27.6418 	EXP 	unnamed TextStim: height = 0.7
27.6418 	EXP 	unnamed TextStim: height = 0.7
27.6418 	EXP 	unnamed TextStim: height = 0.7
27.6418 	EXP 	unnamed TextStim: text = ''
27.7194 	DATA 	Keypress: 1
27.7207 	EXP 	unnamed TextStim: autoDraw = True
27.8235 	EXP 	unnamed TextStim: autoDraw = False
27.8235 	EXP 	unnamed TextStim: height = 0.7
27.8235 	EXP 	unnamed TextStim: height = 0.7
27.8235 	EXP 	unnamed TextStim: height = 0.7
27.8235 	EXP 	unnamed TextStim: text = 'UPPERCASE'
27.8235 	EXP 	unnamed TextStim: height = 0.7
27.8235 	EXP 	unnamed TextStim: height = 0.7
27.8235 	EXP 	unnamed TextStim: height = 0.7
27.8235 	EXP 	unnamed TextStim: text = 'comical'
27.9035 	DATA 	Keypress: 1
27.9049 	EXP 	unnamed TextStim: autoDraw = True
28.0071 	EXP 	unnamed TextStim: autoDraw = False
28.0071 	EXP 	unnamed TextStim: text = 'UPPERCASE'
28.0071 	EXP 	unnamed TextStim: height = 0.7
28.0071 	EXP 	unnamed TextStim: height = 0.7
28.0071 	EXP 	unnamed TextStim: height = 0.7
28.0071 	EXP 	unnamed TextStim: text = 'PASSIVE'
28.0963 	DATA 	Keypress: 1
28.0975 	EXP 	unnamed TextStim: autoDraw = True
28.1992 	EXP 	unnamed TextStim: autoDraw = False
28.1992 	EXP 	unnamed TextStim: height = 0.7
28.1992 	EXP 	unnamed TextStim: height = 0.7
28.1992 	EXP 	unnamed TextStim: height = 0.7
28.1992 	EXP 	unnamed TextStim: text = ''
28.1992 	EXP 	unnamed TextStim: height = 0.7
28.1992 	EXP 	unnamed TextStim: height = 0.7
28.1992 	EXP 	unnamed TextStim: height = 0.7
28.1992 	EXP 	unnamed TextStim: text = ''
28.2901 	DATA 	Keypress: 1
28.2914 	EXP 	unnamed TextStim: autoDraw = True
28.3943 	EXP 	unnamed TextStim: autoDraw = False
28.3943 	EXP 	unnamed TextStim: height = 0.7
28.3943 	EXP 	unnamed TextStim: height = 0.7
28.3943 	EXP 	unnamed TextStim: height = 0.7
28.3943 	EXP 	unnamed TextStim: text = 'OBAMA'
28.3943 	EXP 	unnamed TextStim: height = 0.7
28.3943 	EXP 	unnamed TextStim: height = 0.7
28.3943 	EXP 	unnamed TextStim: height = 0.7
28.3943 	EXP 	unnamed TextStim: text = 'HELPFUL'
28.4912 	DATA 	Keypress: 1
28.4924 	EXP 	unnamed TextStim: autoDraw = True
28.5941 	EXP 	unnamed TextStim: autoDraw = False
28.5941 	EXP 	unnamed TextStim: height = 0.7
28.5941 	EXP 	unnamed TextStim: height = 0.7
28.5941 	EXP 	unnamed TextStim: height = 0.7
28.5941 	EXP 	unnamed TextStim: text = ''
28.5941 	EXP 	unnamed TextStim: height = 0.7
28.5941 	EXP 	unnamed TextStim: height = 0.7
28.5941 	EXP 	unnamed TextStim: height = 0.7
28.5941 	EXP 	unnamed TextStim: text = ''
28.6711 	DATA 	Keypress: 1
28.6724 	EXP 	unnamed TextStim: autoDraw = True
28.7751 	EXP 	unnamed TextStim: autoDraw = False
28.7751 	EXP 	unnamed TextStim: height = 0.7
28.7751 	EXP 	unnamed TextStim: height = 0.7
28.7751 	EXP 	unnamed TextStim: height = 0.7
28.7751 	EXP 	unnamed TextStim: text = 'UPPERCASE'
28.7751 	EXP 	unnamed TextStim: height = 0.7
28.7751 	EXP 	unnamed TextStim: height = 0.7
28.7751 	EXP 	unnamed TextStim: height = 0.7
28.7751 	EXP 	unnamed TextStim: text = 'UNTIDY'
28.8643 	DATA 	Keypress: 1
28.8656 	EXP 	unnamed TextStim: autoDraw = True
28.9682 	EXP 	unnamed TextStim: autoDraw = False
28.9682 	EXP 	unnamed TextStim: height = 0.7
28.9682 	EXP 	unnamed TextStim: height = 0.7
28.9682 	EXP 	unnamed TextStim: height = 0.7
28.9682 	EXP 	unnamed TextStim: text = 'OBAMA'
28.9682 	EXP 	unnamed TextStim: height = 0.7
28.9682 	EXP 	unnamed TextStim: height = 0.7
28.9682 	EXP 	unnamed TextStim: height = 0.7
28.9682 	EXP 	unnamed TextStim: text = 'HUMORLESS'
29.0621 	DATA 	Keypress: 1
29.0636 	EXP 	unnamed TextStim: autoDraw = True
29.1652 	EXP 	unnamed TextStim: autoDraw = False
29.1652 	EXP 	unnamed TextStim: height = 0.7
29.1652 	EXP 	unnamed TextStim: height = 0.7
29.1652 	EXP 	unnamed TextStim: height = 0.7
29.1652 	EXP 	unnamed TextStim: text = ''
29.1652 	EXP 	unnamed TextStim: height = 0.7
29.1652 	EXP 	unnamed TextStim: height = 0.7
29.1652 	EXP 	unnamed TextStim: height = 0.7
29.1652 	EXP 	unnamed TextStim: text = ''
29.2529 	DATA 	Keypress: 1
29.2542 	EXP 	unnamed TextStim: autoDraw = True
29.3570 	EXP 	unnamed TextStim: autoDraw = False
29.3570 	EXP 	unnamed TextStim: height = 0.7
29.3570 	EXP 	unnamed TextStim: height = 0.7
29.3570 	EXP 	unnamed TextStim: height = 0.7
29.3570 	EXP 	unnamed TextStim: text = 'UPPERCASE'
29.3570 	EXP 	unnamed TextStim: height = 0.7
29.3570 	EXP 	unnamed TextStim: height = 0.7
29.3570 	EXP 	unnamed TextStim: height = 0.7
29.3570 	EXP 	unnamed TextStim: text = 'IRRATIONAL'
29.4472 	DATA 	Keypress: 1
29.4485 	EXP 	unnamed TextStim: autoDraw = True
29.5502 	EXP 	unnamed TextStim: autoDraw = False
29.5502 	EXP 	unnamed TextStim: height = 0.7
29.5502 	EXP 	unnamed TextStim: height = 0.7
29.5502 	EXP 	unnamed TextStim: height = 0.7
29.5502 	EXP 	unnamed TextStim: text = ''
29.5502 	EXP 	unnamed TextStim: height = 0.7
29.5502 	EXP 	unnamed TextStim: height = 0.7
29.5502 	EXP 	unnamed TextStim: height = 0.7
29.5502 	EXP 	unnamed TextStim: text = ''
29.6310 	DATA 	Keypress: 1
29.6323 	EXP 	unnamed TextStim: autoDraw = True
29.7348 	EXP 	unnamed TextStim: autoDraw = False
29.7348 	EXP 	unnamed TextStim: height = 0.7
29.7348 	EXP 	unnamed TextStim: height = 0.7
29.7348 	EXP 	unnamed TextStim: height = 0.7
29.7348 	EXP 	unnamed TextStim: text = 'SELF'
29.7348 	EXP 	unnamed TextStim: height = 0.7
29.7348 	EXP 	unnamed TextStim: height = 0.7
29.7348 	EXP 	unnamed TextStim: height = 0.7
29.7348 	EXP 	unnamed TextStim: text = 'DISAGREEABLE'
29.8012 	DATA 	Keypress: 1
29.8024 	EXP 	unnamed TextStim: autoDraw = True
29.9057 	EXP 	unnamed TextStim: autoDraw = False
29.9057 	EXP 	unnamed TextStim: height = 0.7
29.9057 	EXP 	unnamed TextStim: height = 0.7
29.9057 	EXP 	unnamed TextStim: height = 0.7
29.9057 	EXP 	unnamed TextStim: text = 'UPPERCASE'
29.9057 	EXP 	unnamed TextStim: height = 0.7
29.9057 	EXP 	unnamed TextStim: height = 0.7
29.9057 	EXP 	unnamed TextStim: height = 0.7
29.9057 	EXP 	unnamed TextStim: text = 'down-hearted'
29.9840 	DATA 	Keypress: 1
29.9853 	EXP 	unnamed TextStim: autoDraw = True
30.0870 	EXP 	unnamed TextStim: autoDraw = False
30.0870 	EXP 	unnamed TextStim: height = 0.7
30.0870 	EXP 	unnamed TextStim: height = 0.7
30.0870 	EXP 	unnamed TextStim: height = 0.7
30.0870 	EXP 	unnamed TextStim: text = ''
30.0870 	EXP 	unnamed TextStim: height = 0.7
30.0870 	EXP 	unnamed TextStim: height = 0.7
30.0870 	EXP 	unnamed TextStim: height = 0.7
30.0870 	EXP 	unnamed TextStim: text = ''
30.4753 	DATA 	Keypress: escape
30.7041 	EXP 	window1: mouseVisible = True
