9.7728 	WARNING 	ExperimentHandler created with no dataFileName parameter. No data will be saved in the event of a crash
9.7827 	WARNING 	Requested an unavailable screen number - using first available.
9.7837 	WARNING 	User requested fullscreen with size [800 600], but screen is actually [1512, 982]. Using actual size
10.8909 	WARNING 	Couldn't measure a consistent frame rate!
  - Is your graphics card set to sync to vertical blank?
  - Are you running other processes on your computer?

10.8913 	EXP 	Created window1 = Window(allowGUI=True, allowStencil=False, autoLog=True, backendConf=UNKNOWN, backgroundFit=<method-wrapper '__getattribute__' of attributeSetter object at 0x7fe3c9efc250>, backgroundImage=<method-wrapper '__getattribute__' of attributeSetter object at 0x7fe3c9efc1f0>, bitsMode=UNKNOWN, blendMode='avg', bpc=(8, 8, 8), color=array([-1, -1, -1]), colorSpace='rgb', depthBits=8, fullscr=<method-wrapper '__getattribute__' of attributeSetter object at 0x7fe3c996d970>, gamma=None, gammaErrorPolicy='raise', infoMsg=UNKNOWN, lms=UNKNOWN, monitor=<psychopy.monitors.calibTools.Monitor object at 0x7fe360bc7a60>, multiSample=False, name='window1', numSamples=2, pos=[378.0, 245.5], screen=1, size=array([3024, 1964]), stencilBits=0, stereo=False, title='PsychoPy', units='deg', useFBO=False, useRetina=True, viewOri=0.0, viewPos=None, viewScale=None, waitBlanking=True, winType='pyglet')
10.8913 	EXP 	window1: backgroundImage = None
10.8913 	EXP 	window1: backgroundFit = 'cover'
10.8917 	EXP 	window1: mouseVisible = <method-wrapper '__getattribute__' of attributeSetter object at 0x7fe3c9efc370>
10.9167 	EXP 	Created unnamed TextStim = TextStim(__class__=<class 'psychopy.visual.text.TextStim'>, alignHoriz=method-wrapper(...), alignText='center', alignVert=method-wrapper(...), anchorHoriz='center', anchorVert='center', antialias=True, autoDraw=False, autoLog=True, bold=True, color=array([1., 1., 1.]), colorSpace='rgb', contrast=1.0, depth=0, draggable=False, flipHoriz=False, flipVert=False, font='Geneva', fontFiles=[], height=0.5, italic=False, languageStyle='LTR', name='unnamed TextStim', opacity=1.0, ori=0.0, pos=array([0., 0.]), rgb=UNKNOWN, text='+', units='deg', win=Window(...), wrapWidth=15.0)
10.9168 	EXP 	window1: mouseVisible = <method-wrapper '__getattribute__' of attributeSetter object at 0x7fe3c9efc370>
10.9225 	EXP 	Created unnamed TextStim = TextStim(__class__=<class 'psychopy.visual.text.TextStim'>, alignHoriz=method-wrapper(...), alignText='center', alignVert=method-wrapper(...), anchorHoriz='center', anchorVert='center', antialias=True, autoDraw=False, autoLog=True, bold=True, color=array([1., 1., 1.]), colorSpace='rgb', contrast=1.0, depth=0, draggable=False, flipHoriz=False, flipVert=False, font='Geneva', fontFiles=[], height=0.4, italic=False, languageStyle='LTR', name='unnamed TextStim', opacity=1.0, ori=0.0, pos=array([0. , 0.7]), rgb=UNKNOWN, text='Hello World', units='deg', win=Window(...), wrapWidth=15.0)
10.9226 	EXP 	window1: mouseVisible = <method-wrapper '__getattribute__' of attributeSetter object at 0x7fe3c9efc370>
10.9275 	EXP 	Created unnamed TextStim = TextStim(__class__=<class 'psychopy.visual.text.TextStim'>, alignHoriz=method-wrapper(...), alignText='center', alignVert=method-wrapper(...), anchorHoriz='center', anchorVert='center', antialias=True, autoDraw=False, autoLog=True, bold=True, color=array([1., 1., 1.]), colorSpace='rgb', contrast=1.0, depth=0, draggable=False, flipHoriz=False, flipVert=False, font='Geneva', fontFiles=[], height=0.7, italic=False, languageStyle='LTR', name='unnamed TextStim', opacity=1.0, ori=0.0, pos=array([0. , 0.7]), rgb=UNKNOWN, text='Hello World', units='deg', win=Window(...), wrapWidth=15.0)
10.9276 	EXP 	window1: mouseVisible = <method-wrapper '__getattribute__' of attributeSetter object at 0x7fe3c9efc370>
10.9295 	EXP 	Created unnamed TextStim = TextStim(__class__=<class 'psychopy.visual.text.TextStim'>, alignHoriz=method-wrapper(...), alignText='center', alignVert=method-wrapper(...), anchorHoriz='center', anchorVert='center', antialias=True, autoDraw=False, autoLog=True, bold=True, color=array([1., 1., 1.]), colorSpace='rgb', contrast=1.0, depth=0, draggable=False, flipHoriz=False, flipVert=False, font='Geneva', fontFiles=[], height=0.7, italic=False, languageStyle='LTR', name='unnamed TextStim', opacity=1.0, ori=0.0, pos=array([ 0. , -0.7]), rgb=UNKNOWN, text='Hello World', units='deg', win=Window(...), wrapWidth=15.0)
10.9306 	EXP 	window1: mouseVisible = False
10.9638 	WARNING 	t of last frame was 72.89ms (=1/13)
10.9638 	EXP 	unnamed TextStim: height = 0.4
10.9638 	EXP 	unnamed TextStim: height = 0.4
10.9638 	EXP 	unnamed TextStim: height = 0.4
10.9638 	EXP 	unnamed TextStim: text = 'IN THE FOLLOWING TASK, YOU WILL BE ASKED TO RATE ONE OF THREE TYPES OF JUDGMENTS FOR DIFFERENT WORDS:\n\nSELF: DOES THIS WORD DESCRIBE YOU? \nOBAMA: DOES THIS WORD DESCRIBE FORMER U.S. PRESIDENT BARACK OBAMA?\nUPPERCASE: IS THIS WORD PRINTED IN UPPERCASE LETTERS?\n\nFOR EACH ITEM, PLEASE RESPOND WITH YES [left pointer finger] OR NO [right pointer finger].\nPLEASE KEEP YOUR EYES ON THE CENTRAL FIXATION POINT DURING THE TASK.\n\nIF THE NEXT TRIAL COMES UP AND YOU HAVE NOT YET RESPONDED TO THE PREVIOUS TRIAL,\nTHAT IS OKAY, JUST SKIP IT AND MOVE ONTO THE NEXT ONE.\n\nREADY?'
12.3023 	DATA 	Keypress: space
12.8250 	WARNING 	t of last frame was 1861.28ms (=1/0)
12.8250 	EXP 	unnamed TextStim: height = 0.7
12.8250 	EXP 	unnamed TextStim: height = 0.7
12.8250 	EXP 	unnamed TextStim: height = 0.7
12.8250 	EXP 	unnamed TextStim: text = 'SELF'
12.8250 	EXP 	unnamed TextStim: height = 0.7
12.8250 	EXP 	unnamed TextStim: height = 0.7
12.8250 	EXP 	unnamed TextStim: height = 0.7
12.8250 	EXP 	unnamed TextStim: text = 'subtle'
12.8250 	EXP 	unnamed TextStim: autoDraw = True
13.7520 	DATA 	Keypress: k
13.7559 	WARNING 	t of last frame was 930.81ms (=1/1)
13.7559 	EXP 	unnamed TextStim: autoDraw = True
15.6155 	WARNING 	t of last frame was 1859.61ms (=1/0)
15.6155 	EXP 	unnamed TextStim: height = 0.7
15.6155 	EXP 	unnamed TextStim: height = 0.7
15.6155 	EXP 	unnamed TextStim: height = 0.7
15.6155 	EXP 	unnamed TextStim: text = 'UPPERCASE'
15.6155 	EXP 	unnamed TextStim: height = 0.7
15.6155 	EXP 	unnamed TextStim: height = 0.7
15.6155 	EXP 	unnamed TextStim: height = 0.7
15.6155 	EXP 	unnamed TextStim: text = 'blunt'
15.6155 	EXP 	unnamed TextStim: autoDraw = True
16.0659 	DATA 	Keypress: j
16.0682 	WARNING 	Multiple dropped frames have occurred - I'll stop bothering you about them!
16.0682 	EXP 	unnamed TextStim: autoDraw = True
19.3184 	EXP 	unnamed TextStim: text = 'UPPERCASE'
19.3184 	EXP 	unnamed TextStim: height = 0.7
19.3184 	EXP 	unnamed TextStim: height = 0.7
19.3184 	EXP 	unnamed TextStim: height = 0.7
19.3184 	EXP 	unnamed TextStim: text = 'refined'
19.3184 	EXP 	unnamed TextStim: autoDraw = True
19.6283 	DATA 	Keypress: k
19.6310 	EXP 	unnamed TextStim: autoDraw = True
23.0204 	EXP 	unnamed TextStim: height = 0.7
23.0204 	EXP 	unnamed TextStim: height = 0.7
23.0204 	EXP 	unnamed TextStim: height = 0.7
23.0204 	EXP 	unnamed TextStim: text = 'OBAMA'
23.0204 	EXP 	unnamed TextStim: height = 0.7
23.0204 	EXP 	unnamed TextStim: height = 0.7
23.0204 	EXP 	unnamed TextStim: height = 0.7
23.0204 	EXP 	unnamed TextStim: text = 'tough'
23.0204 	EXP 	unnamed TextStim: autoDraw = True
23.3550 	DATA 	Keypress: j
23.3576 	EXP 	unnamed TextStim: autoDraw = True
28.3202 	EXP 	unnamed TextStim: height = 0.7
28.3202 	EXP 	unnamed TextStim: height = 0.7
28.3202 	EXP 	unnamed TextStim: height = 0.7
28.3202 	EXP 	unnamed TextStim: text = 'SELF'
28.3202 	EXP 	unnamed TextStim: height = 0.7
28.3202 	EXP 	unnamed TextStim: height = 0.7
28.3202 	EXP 	unnamed TextStim: height = 0.7
28.3202 	EXP 	unnamed TextStim: text = 'nice'
28.3202 	EXP 	unnamed TextStim: autoDraw = True
28.6593 	DATA 	Keypress: k
28.6631 	EXP 	unnamed TextStim: autoDraw = True
30.7160 	EXP 	unnamed TextStim: height = 0.7
30.7160 	EXP 	unnamed TextStim: height = 0.7
30.7160 	EXP 	unnamed TextStim: height = 0.7
30.7160 	EXP 	unnamed TextStim: text = 'UPPERCASE'
30.7160 	EXP 	unnamed TextStim: height = 0.7
30.7160 	EXP 	unnamed TextStim: height = 0.7
30.7160 	EXP 	unnamed TextStim: height = 0.7
30.7160 	EXP 	unnamed TextStim: text = 'CANDID'
30.7160 	EXP 	unnamed TextStim: autoDraw = True
31.1714 	DATA 	Keypress: j
31.1739 	EXP 	unnamed TextStim: autoDraw = True
33.4204 	EXP 	unnamed TextStim: text = 'UPPERCASE'
33.4204 	EXP 	unnamed TextStim: height = 0.7
33.4204 	EXP 	unnamed TextStim: height = 0.7
33.4204 	EXP 	unnamed TextStim: height = 0.7
33.4204 	EXP 	unnamed TextStim: text = 'loyal'
33.4204 	EXP 	unnamed TextStim: autoDraw = True
33.7833 	DATA 	Keypress: k
33.7872 	EXP 	unnamed TextStim: autoDraw = True
35.5176 	EXP 	unnamed TextStim: text = 'UPPERCASE'
35.5176 	EXP 	unnamed TextStim: height = 0.7
35.5176 	EXP 	unnamed TextStim: height = 0.7
35.5176 	EXP 	unnamed TextStim: height = 0.7
35.5176 	EXP 	unnamed TextStim: text = 'ANGRY'
35.5176 	EXP 	unnamed TextStim: autoDraw = True
35.9429 	DATA 	Keypress: j
35.9455 	EXP 	unnamed TextStim: autoDraw = True
39.6193 	EXP 	unnamed TextStim: text = 'UPPERCASE'
39.6193 	EXP 	unnamed TextStim: height = 0.7
39.6193 	EXP 	unnamed TextStim: height = 0.7
39.6193 	EXP 	unnamed TextStim: height = 0.7
39.6193 	EXP 	unnamed TextStim: text = 'SMUG'
39.6193 	EXP 	unnamed TextStim: autoDraw = True
39.9582 	DATA 	Keypress: k
39.9610 	EXP 	unnamed TextStim: autoDraw = True
43.2214 	EXP 	unnamed TextStim: height = 0.7
43.2214 	EXP 	unnamed TextStim: height = 0.7
43.2214 	EXP 	unnamed TextStim: height = 0.7
43.2214 	EXP 	unnamed TextStim: text = 'SELF'
43.2214 	EXP 	unnamed TextStim: height = 0.7
43.2214 	EXP 	unnamed TextStim: height = 0.7
43.2214 	EXP 	unnamed TextStim: height = 0.7
43.2214 	EXP 	unnamed TextStim: text = 'stern'
43.2214 	EXP 	unnamed TextStim: autoDraw = True
43.5296 	DATA 	Keypress: j
43.5339 	EXP 	unnamed TextStim: autoDraw = True
46.8077 	DATA 	Keypress: k
46.8213 	EXP 	unnamed TextStim: height = 0.7
46.8213 	EXP 	unnamed TextStim: height = 0.7
46.8213 	EXP 	unnamed TextStim: height = 0.7
46.8213 	EXP 	unnamed TextStim: text = 'OBAMA'
46.8213 	EXP 	unnamed TextStim: height = 0.7
46.8213 	EXP 	unnamed TextStim: height = 0.7
46.8213 	EXP 	unnamed TextStim: height = 0.7
46.8213 	EXP 	unnamed TextStim: text = 'cheerful'
46.8213 	EXP 	unnamed TextStim: autoDraw = True
47.1172 	DATA 	Keypress: k
47.1212 	EXP 	unnamed TextStim: autoDraw = True
52.9183 	EXP 	unnamed TextStim: height = 0.7
52.9183 	EXP 	unnamed TextStim: height = 0.7
52.9183 	EXP 	unnamed TextStim: height = 0.7
52.9183 	EXP 	unnamed TextStim: text = 'UPPERCASE'
52.9183 	EXP 	unnamed TextStim: height = 0.7
52.9183 	EXP 	unnamed TextStim: height = 0.7
52.9183 	EXP 	unnamed TextStim: height = 0.7
52.9183 	EXP 	unnamed TextStim: text = 'NOISY'
52.9183 	EXP 	unnamed TextStim: autoDraw = True
53.2737 	DATA 	Keypress: k
53.2765 	EXP 	unnamed TextStim: autoDraw = True
57.4197 	EXP 	unnamed TextStim: height = 0.7
57.4197 	EXP 	unnamed TextStim: height = 0.7
57.4197 	EXP 	unnamed TextStim: height = 0.7
57.4197 	EXP 	unnamed TextStim: text = 'SELF'
57.4197 	EXP 	unnamed TextStim: height = 0.7
57.4197 	EXP 	unnamed TextStim: height = 0.7
57.4197 	EXP 	unnamed TextStim: height = 0.7
57.4197 	EXP 	unnamed TextStim: text = 'careless'
57.4197 	EXP 	unnamed TextStim: autoDraw = True
57.7511 	DATA 	Keypress: j
57.7549 	EXP 	unnamed TextStim: autoDraw = True
60.8208 	EXP 	unnamed TextStim: text = 'SELF'
60.8208 	EXP 	unnamed TextStim: height = 0.7
60.8208 	EXP 	unnamed TextStim: height = 0.7
60.8208 	EXP 	unnamed TextStim: height = 0.7
60.8208 	EXP 	unnamed TextStim: text = 'tactful'
60.8208 	EXP 	unnamed TextStim: autoDraw = True
61.1979 	DATA 	Keypress: k
61.2006 	EXP 	unnamed TextStim: autoDraw = True
63.1170 	EXP 	unnamed TextStim: height = 0.7
63.1170 	EXP 	unnamed TextStim: height = 0.7
63.1170 	EXP 	unnamed TextStim: height = 0.7
63.1170 	EXP 	unnamed TextStim: text = 'OBAMA'
63.1170 	EXP 	unnamed TextStim: height = 0.7
63.1170 	EXP 	unnamed TextStim: height = 0.7
63.1170 	EXP 	unnamed TextStim: height = 0.7
63.1170 	EXP 	unnamed TextStim: text = 'spiteful'
63.1170 	EXP 	unnamed TextStim: autoDraw = True
63.5864 	DATA 	Keypress: j
63.5887 	EXP 	unnamed TextStim: autoDraw = True
67.9087 	DATA 	Keypress: k
67.9233 	EXP 	unnamed TextStim: height = 0.7
67.9233 	EXP 	unnamed TextStim: height = 0.7
67.9233 	EXP 	unnamed TextStim: height = 0.7
67.9233 	EXP 	unnamed TextStim: text = 'UPPERCASE'
67.9233 	EXP 	unnamed TextStim: height = 0.7
67.9233 	EXP 	unnamed TextStim: height = 0.7
67.9233 	EXP 	unnamed TextStim: height = 0.7
67.9233 	EXP 	unnamed TextStim: text = 'good'
67.9233 	EXP 	unnamed TextStim: autoDraw = True
68.2297 	DATA 	Keypress: k
68.2335 	EXP 	unnamed TextStim: autoDraw = True
71.4196 	EXP 	unnamed TextStim: text = 'UPPERCASE'
71.4196 	EXP 	unnamed TextStim: height = 0.7
71.4196 	EXP 	unnamed TextStim: height = 0.7
71.4196 	EXP 	unnamed TextStim: height = 0.7
71.4196 	EXP 	unnamed TextStim: text = 'direct'
71.4196 	EXP 	unnamed TextStim: autoDraw = True
71.8214 	DATA 	Keypress: j
71.8240 	EXP 	unnamed TextStim: autoDraw = True
78.0213 	EXP 	unnamed TextStim: height = 0.7
78.0213 	EXP 	unnamed TextStim: height = 0.7
78.0213 	EXP 	unnamed TextStim: height = 0.7
78.0213 	EXP 	unnamed TextStim: text = 'SELF'
78.0213 	EXP 	unnamed TextStim: height = 0.7
78.0213 	EXP 	unnamed TextStim: height = 0.7
78.0213 	EXP 	unnamed TextStim: height = 0.7
78.0213 	EXP 	unnamed TextStim: text = 'clean'
78.0213 	EXP 	unnamed TextStim: autoDraw = True
78.4156 	DATA 	Keypress: k
78.4190 	EXP 	unnamed TextStim: autoDraw = True
80.4204 	EXP 	unnamed TextStim: height = 0.7
80.4204 	EXP 	unnamed TextStim: height = 0.7
80.4204 	EXP 	unnamed TextStim: height = 0.7
80.4204 	EXP 	unnamed TextStim: text = 'OBAMA'
80.4204 	EXP 	unnamed TextStim: height = 0.7
80.4204 	EXP 	unnamed TextStim: height = 0.7
80.4204 	EXP 	unnamed TextStim: height = 0.7
80.4204 	EXP 	unnamed TextStim: text = 'gentle'
80.4204 	EXP 	unnamed TextStim: autoDraw = True
80.8044 	DATA 	Keypress: j
80.8061 	EXP 	unnamed TextStim: autoDraw = True
83.1160 	EXP 	unnamed TextStim: height = 0.7
83.1160 	EXP 	unnamed TextStim: height = 0.7
83.1160 	EXP 	unnamed TextStim: height = 0.7
83.1160 	EXP 	unnamed TextStim: text = 'SELF'
83.1160 	EXP 	unnamed TextStim: height = 0.7
83.1160 	EXP 	unnamed TextStim: height = 0.7
83.1160 	EXP 	unnamed TextStim: height = 0.7
83.1160 	EXP 	unnamed TextStim: text = 'cruel'
83.1160 	EXP 	unnamed TextStim: autoDraw = True
83.4584 	DATA 	Keypress: k
83.4608 	EXP 	unnamed TextStim: autoDraw = True
86.6178 	EXP 	unnamed TextStim: height = 0.7
86.6178 	EXP 	unnamed TextStim: height = 0.7
86.6178 	EXP 	unnamed TextStim: height = 0.7
86.6178 	EXP 	unnamed TextStim: text = 'OBAMA'
86.6178 	EXP 	unnamed TextStim: height = 0.7
86.6178 	EXP 	unnamed TextStim: height = 0.7
86.6178 	EXP 	unnamed TextStim: height = 0.7
86.6178 	EXP 	unnamed TextStim: text = 'weak'
86.6178 	EXP 	unnamed TextStim: autoDraw = True
86.9334 	DATA 	Keypress: j
86.9359 	EXP 	unnamed TextStim: autoDraw = True
89.8154 	EXP 	unnamed TextStim: text = 'OBAMA'
89.8154 	EXP 	unnamed TextStim: height = 0.7
89.8154 	EXP 	unnamed TextStim: height = 0.7
89.8154 	EXP 	unnamed TextStim: height = 0.7
89.8154 	EXP 	unnamed TextStim: text = 'prideful'
89.8154 	EXP 	unnamed TextStim: autoDraw = True
90.1129 	DATA 	Keypress: k
90.1154 	EXP 	unnamed TextStim: autoDraw = True
93.2198 	EXP 	unnamed TextStim: text = 'OBAMA'
93.2198 	EXP 	unnamed TextStim: height = 0.7
93.2198 	EXP 	unnamed TextStim: height = 0.7
93.2198 	EXP 	unnamed TextStim: height = 0.7
93.2198 	EXP 	unnamed TextStim: text = 'quick'
93.2198 	EXP 	unnamed TextStim: autoDraw = True
93.5623 	DATA 	Keypress: j
93.5650 	EXP 	unnamed TextStim: autoDraw = True
99.4218 	EXP 	unnamed TextStim: height = 0.7
99.4218 	EXP 	unnamed TextStim: height = 0.7
99.4218 	EXP 	unnamed TextStim: height = 0.7
99.4218 	EXP 	unnamed TextStim: text = 'SELF'
99.4218 	EXP 	unnamed TextStim: height = 0.7
99.4218 	EXP 	unnamed TextStim: height = 0.7
99.4218 	EXP 	unnamed TextStim: height = 0.7
99.4218 	EXP 	unnamed TextStim: text = 'lucky'
99.4218 	EXP 	unnamed TextStim: autoDraw = True
99.9829 	DATA 	Keypress: k
99.9872 	EXP 	unnamed TextStim: autoDraw = True
103.8187 	EXP 	unnamed TextStim: height = 0.7
103.8187 	EXP 	unnamed TextStim: height = 0.7
103.8187 	EXP 	unnamed TextStim: height = 0.7
103.8187 	EXP 	unnamed TextStim: text = 'OBAMA'
103.8187 	EXP 	unnamed TextStim: height = 0.7
103.8187 	EXP 	unnamed TextStim: height = 0.7
103.8187 	EXP 	unnamed TextStim: height = 0.7
103.8187 	EXP 	unnamed TextStim: text = 'loud-mouthed'
103.8187 	EXP 	unnamed TextStim: autoDraw = True
104.3267 	DATA 	Keypress: k
104.3311 	EXP 	unnamed TextStim: autoDraw = True
109.6209 	EXP 	unnamed TextStim: height = 0.7
109.6209 	EXP 	unnamed TextStim: height = 0.7
109.6209 	EXP 	unnamed TextStim: height = 0.7
109.6209 	EXP 	unnamed TextStim: text = 'SELF'
109.6209 	EXP 	unnamed TextStim: height = 0.7
109.6209 	EXP 	unnamed TextStim: height = 0.7
109.6209 	EXP 	unnamed TextStim: height = 0.7
109.6209 	EXP 	unnamed TextStim: text = 'foolish'
109.6209 	EXP 	unnamed TextStim: autoDraw = True
110.0562 	DATA 	Keypress: k
110.0587 	EXP 	unnamed TextStim: autoDraw = True
112.6183 	EXP 	unnamed TextStim: height = 0.7
112.6183 	EXP 	unnamed TextStim: height = 0.7
112.6183 	EXP 	unnamed TextStim: height = 0.7
112.6183 	EXP 	unnamed TextStim: text = 'OBAMA'
112.6183 	EXP 	unnamed TextStim: height = 0.7
112.6183 	EXP 	unnamed TextStim: height = 0.7
112.6183 	EXP 	unnamed TextStim: height = 0.7
112.6183 	EXP 	unnamed TextStim: text = 'wise'
112.6183 	EXP 	unnamed TextStim: autoDraw = True
113.3473 	DATA 	Keypress: k
113.3501 	EXP 	unnamed TextStim: autoDraw = True
131.1366 	EXP 	window1: mouseVisible = True
