13.0877 	WARNING 	ExperimentHandler created with no dataFileName parameter. No data will be saved in the event of a crash
13.0979 	WARNING 	Requested an unavailable screen number - using first available.
13.0991 	WARNING 	User requested fullscreen with size [800 600], but screen is actually [1512, 982]. Using actual size
14.2107 	WARNING 	Couldn't measure a consistent frame rate!
  - Is your graphics card set to sync to vertical blank?
  - Are you running other processes on your computer?

14.2112 	EXP 	Created window1 = Window(allowGUI=True, allowStencil=False, autoLog=True, backendConf=UNKNOWN, backgroundFit=<method-wrapper '__getattribute__' of attributeSetter object at 0x7f8969e35250>, backgroundImage=<method-wrapper '__getattribute__' of attributeSetter object at 0x7f8969e351f0>, bitsMode=UNKNOWN, blendMode='avg', bpc=(8, 8, 8), color=array([-1, -1, -1]), colorSpace='rgb', depthBits=8, fullscr=<method-wrapper '__getattribute__' of attributeSetter object at 0x7f8969e35040>, gamma=None, gammaErrorPolicy='raise', infoMsg=UNKNOWN, lms=UNKNOWN, monitor=<psychopy.monitors.calibTools.Monitor object at 0x7f89109ffa90>, multiSample=False, name='window1', numSamples=2, pos=[378.0, 245.5], screen=1, size=array([3024, 1964]), stencilBits=0, stereo=False, title='PsychoPy', units='deg', useFBO=False, useRetina=True, viewOri=0.0, viewPos=None, viewScale=None, waitBlanking=True, winType='pyglet')
14.2112 	EXP 	window1: backgroundImage = None
14.2113 	EXP 	window1: backgroundFit = 'cover'
14.2117 	EXP 	window1: mouseVisible = <method-wrapper '__getattribute__' of attributeSetter object at 0x7f8969e35370>
14.2390 	EXP 	Created unnamed TextStim = TextStim(__class__=<class 'psychopy.visual.text.TextStim'>, alignHoriz=method-wrapper(...), alignText='center', alignVert=method-wrapper(...), anchorHoriz='center', anchorVert='center', antialias=True, autoDraw=False, autoLog=True, bold=True, color=array([1., 1., 1.]), colorSpace='rgb', contrast=1.0, depth=0, draggable=False, flipHoriz=False, flipVert=False, font='Geneva', fontFiles=[], height=0.5, italic=False, languageStyle='LTR', name='unnamed TextStim', opacity=1.0, ori=0.0, pos=array([0., 0.]), rgb=UNKNOWN, text='+', units='deg', win=Window(...), wrapWidth=15.0)
14.2392 	EXP 	window1: mouseVisible = <method-wrapper '__getattribute__' of attributeSetter object at 0x7f8969e35370>
14.2450 	EXP 	Created unnamed TextStim = TextStim(__class__=<class 'psychopy.visual.text.TextStim'>, alignHoriz=method-wrapper(...), alignText='center', alignVert=method-wrapper(...), anchorHoriz='center', anchorVert='center', antialias=True, autoDraw=False, autoLog=True, bold=True, color=array([1., 1., 1.]), colorSpace='rgb', contrast=1.0, depth=0, draggable=False, flipHoriz=False, flipVert=False, font='Geneva', fontFiles=[], height=0.4, italic=False, languageStyle='LTR', name='unnamed TextStim', opacity=1.0, ori=0.0, pos=array([0. , 0.7]), rgb=UNKNOWN, text='Hello World', units='deg', win=Window(...), wrapWidth=15.0)
14.2451 	EXP 	window1: mouseVisible = <method-wrapper '__getattribute__' of attributeSetter object at 0x7f8969e35370>
14.2506 	EXP 	Created unnamed TextStim = TextStim(__class__=<class 'psychopy.visual.text.TextStim'>, alignHoriz=method-wrapper(...), alignText='center', alignVert=method-wrapper(...), anchorHoriz='center', anchorVert='center', antialias=True, autoDraw=False, autoLog=True, bold=True, color=array([1., 1., 1.]), colorSpace='rgb', contrast=1.0, depth=0, draggable=False, flipHoriz=False, flipVert=False, font='Geneva', fontFiles=[], height=0.7, italic=False, languageStyle='LTR', name='unnamed TextStim', opacity=1.0, ori=0.0, pos=array([0. , 0.7]), rgb=UNKNOWN, text='Hello World', units='deg', win=Window(...), wrapWidth=15.0)
14.2507 	EXP 	window1: mouseVisible = <method-wrapper '__getattribute__' of attributeSetter object at 0x7f8969e35370>
14.2527 	EXP 	Created unnamed TextStim = TextStim(__class__=<class 'psychopy.visual.text.TextStim'>, alignHoriz=method-wrapper(...), alignText='center', alignVert=method-wrapper(...), anchorHoriz='center', anchorVert='center', antialias=True, autoDraw=False, autoLog=True, bold=True, color=array([1., 1., 1.]), colorSpace='rgb', contrast=1.0, depth=0, draggable=False, flipHoriz=False, flipVert=False, font='Geneva', fontFiles=[], height=0.7, italic=False, languageStyle='LTR', name='unnamed TextStim', opacity=1.0, ori=0.0, pos=array([ 0. , -0.7]), rgb=UNKNOWN, text='Hello World', units='deg', win=Window(...), wrapWidth=15.0)
14.2540 	EXP 	window1: mouseVisible = False
14.2886 	WARNING 	t of last frame was 77.95ms (=1/12)
14.2886 	EXP 	unnamed TextStim: height = 0.4
14.2886 	EXP 	unnamed TextStim: height = 0.4
14.2886 	EXP 	unnamed TextStim: height = 0.4
14.2886 	EXP 	unnamed TextStim: text = 'IN THE FOLLOWING TASK, YOU WILL BE ASKED TO RATE ONE OF THREE TYPES OF JUDGMENTS FOR DIFFERENT WORDS:\n\nSELF: DOES THIS WORD DESCRIBE YOU? \nOBAMA: DOES THIS WORD DESCRIBE FORMER U.S. PRESIDENT BARACK OBAMA?\nUPPERCASE: IS THIS WORD PRINTED IN UPPERCASE LETTERS?\n\nFOR EACH ITEM, PLEASE RESPOND WITH YES [left pointer finger] OR NO [right pointer finger].\nPLEASE KEEP YOUR EYES ON THE CENTRAL FIXATION POINT DURING THE TASK.\n\nIF THE NEXT TRIAL COMES UP AND YOU HAVE NOT YET RESPONDED TO THE PREVIOUS TRIAL,\nTHAT IS OKAY, JUST SKIP IT AND MOVE ONTO THE NEXT ONE.\n\nREADY?'
15.1498 	DATA 	Keypress: space
15.6700 	WARNING 	t of last frame was 1381.41ms (=1/0)
15.6700 	EXP 	unnamed TextStim: height = 0.7
15.6700 	EXP 	unnamed TextStim: height = 0.7
15.6700 	EXP 	unnamed TextStim: height = 0.7
15.6700 	EXP 	unnamed TextStim: text = 'SELF'
15.6700 	EXP 	unnamed TextStim: height = 0.7
15.6700 	EXP 	unnamed TextStim: height = 0.7
15.6700 	EXP 	unnamed TextStim: height = 0.7
15.6700 	EXP 	unnamed TextStim: text = 'stern'
15.6700 	EXP 	unnamed TextStim: autoDraw = True
17.2474 	DATA 	Keypress: k
17.2586 	WARNING 	t of last frame was 1588.62ms (=1/0)
17.2586 	EXP 	unnamed TextStim: autoDraw = True
18.4560 	WARNING 	t of last frame was 1197.40ms (=1/0)
18.4560 	EXP 	unnamed TextStim: height = 0.7
18.4560 	EXP 	unnamed TextStim: height = 0.7
18.4560 	EXP 	unnamed TextStim: height = 0.7
18.4560 	EXP 	unnamed TextStim: text = 'UPPERCASE'
18.4560 	EXP 	unnamed TextStim: height = 0.7
18.4560 	EXP 	unnamed TextStim: height = 0.7
18.4560 	EXP 	unnamed TextStim: height = 0.7
18.4560 	EXP 	unnamed TextStim: text = 'direct'
18.4560 	EXP 	unnamed TextStim: autoDraw = True
20.1471 	DATA 	Keypress: k
20.1582 	WARNING 	Multiple dropped frames have occurred - I'll stop bothering you about them!
20.1582 	EXP 	unnamed TextStim: autoDraw = True
22.1623 	EXP 	unnamed TextStim: text = 'UPPERCASE'
22.1623 	EXP 	unnamed TextStim: height = 0.7
22.1623 	EXP 	unnamed TextStim: height = 0.7
22.1623 	EXP 	unnamed TextStim: height = 0.7
22.1623 	EXP 	unnamed TextStim: text = 'angry'
22.1623 	EXP 	unnamed TextStim: autoDraw = True
23.1972 	DATA 	Keypress: k
23.1997 	EXP 	unnamed TextStim: autoDraw = True
25.8676 	EXP 	unnamed TextStim: height = 0.7
25.8676 	EXP 	unnamed TextStim: height = 0.7
25.8676 	EXP 	unnamed TextStim: height = 0.7
25.8676 	EXP 	unnamed TextStim: text = 'OBAMA'
25.8676 	EXP 	unnamed TextStim: height = 0.7
25.8676 	EXP 	unnamed TextStim: height = 0.7
25.8676 	EXP 	unnamed TextStim: height = 0.7
25.8676 	EXP 	unnamed TextStim: text = 'cheerful'
25.8676 	EXP 	unnamed TextStim: autoDraw = True
26.6952 	DATA 	Keypress: k
26.6980 	EXP 	unnamed TextStim: autoDraw = True
31.1653 	EXP 	unnamed TextStim: height = 0.7
31.1653 	EXP 	unnamed TextStim: height = 0.7
31.1653 	EXP 	unnamed TextStim: height = 0.7
31.1653 	EXP 	unnamed TextStim: text = 'SELF'
31.1653 	EXP 	unnamed TextStim: height = 0.7
31.1653 	EXP 	unnamed TextStim: height = 0.7
31.1653 	EXP 	unnamed TextStim: height = 0.7
31.1653 	EXP 	unnamed TextStim: text = 'foolish'
31.1653 	EXP 	unnamed TextStim: autoDraw = True
32.0933 	DATA 	Keypress: k
32.0965 	EXP 	unnamed TextStim: autoDraw = True
33.5629 	EXP 	unnamed TextStim: height = 0.7
33.5629 	EXP 	unnamed TextStim: height = 0.7
33.5629 	EXP 	unnamed TextStim: height = 0.7
33.5629 	EXP 	unnamed TextStim: text = 'UPPERCASE'
33.5629 	EXP 	unnamed TextStim: height = 0.7
33.5629 	EXP 	unnamed TextStim: height = 0.7
33.5629 	EXP 	unnamed TextStim: height = 0.7
33.5629 	EXP 	unnamed TextStim: text = 'REFINED'
33.5629 	EXP 	unnamed TextStim: autoDraw = True
35.1488 	DATA 	Keypress: j
35.1582 	EXP 	unnamed TextStim: autoDraw = True
36.2548 	EXP 	unnamed TextStim: text = 'UPPERCASE'
36.2548 	EXP 	unnamed TextStim: height = 0.7
36.2548 	EXP 	unnamed TextStim: height = 0.7
36.2548 	EXP 	unnamed TextStim: height = 0.7
36.2548 	EXP 	unnamed TextStim: text = 'CANDID'
36.2548 	EXP 	unnamed TextStim: autoDraw = True
37.9329 	DATA 	Keypress: j
37.9445 	EXP 	unnamed TextStim: autoDraw = True
38.3553 	EXP 	unnamed TextStim: text = 'UPPERCASE'
38.3553 	EXP 	unnamed TextStim: height = 0.7
38.3553 	EXP 	unnamed TextStim: height = 0.7
38.3553 	EXP 	unnamed TextStim: height = 0.7
38.3553 	EXP 	unnamed TextStim: text = 'loyal'
38.3553 	EXP 	unnamed TextStim: autoDraw = True
39.2442 	DATA 	Keypress: k
39.2464 	EXP 	unnamed TextStim: autoDraw = True
42.4664 	EXP 	unnamed TextStim: text = 'UPPERCASE'
42.4664 	EXP 	unnamed TextStim: height = 0.7
42.4664 	EXP 	unnamed TextStim: height = 0.7
42.4664 	EXP 	unnamed TextStim: height = 0.7
42.4664 	EXP 	unnamed TextStim: text = 'blunt'
42.4664 	EXP 	unnamed TextStim: autoDraw = True
43.1788 	DATA 	Keypress: k
43.1818 	EXP 	unnamed TextStim: autoDraw = True
46.0634 	EXP 	unnamed TextStim: height = 0.7
46.0634 	EXP 	unnamed TextStim: height = 0.7
46.0634 	EXP 	unnamed TextStim: height = 0.7
46.0634 	EXP 	unnamed TextStim: text = 'SELF'
46.0634 	EXP 	unnamed TextStim: height = 0.7
46.0634 	EXP 	unnamed TextStim: height = 0.7
46.0634 	EXP 	unnamed TextStim: height = 0.7
46.0634 	EXP 	unnamed TextStim: text = 'tactful'
46.0634 	EXP 	unnamed TextStim: autoDraw = True
46.8366 	DATA 	Keypress: k
46.8392 	EXP 	unnamed TextStim: autoDraw = True
49.6639 	EXP 	unnamed TextStim: height = 0.7
49.6639 	EXP 	unnamed TextStim: height = 0.7
49.6639 	EXP 	unnamed TextStim: height = 0.7
49.6639 	EXP 	unnamed TextStim: text = 'OBAMA'
49.6639 	EXP 	unnamed TextStim: height = 0.7
49.6639 	EXP 	unnamed TextStim: height = 0.7
49.6639 	EXP 	unnamed TextStim: height = 0.7
49.6639 	EXP 	unnamed TextStim: text = 'loud-mouthed'
49.6639 	EXP 	unnamed TextStim: autoDraw = True
50.8105 	DATA 	Keypress: k
50.8137 	EXP 	unnamed TextStim: autoDraw = True
55.7665 	EXP 	unnamed TextStim: height = 0.7
55.7665 	EXP 	unnamed TextStim: height = 0.7
55.7665 	EXP 	unnamed TextStim: height = 0.7
55.7665 	EXP 	unnamed TextStim: text = 'UPPERCASE'
55.7665 	EXP 	unnamed TextStim: height = 0.7
55.7665 	EXP 	unnamed TextStim: height = 0.7
55.7665 	EXP 	unnamed TextStim: height = 0.7
55.7665 	EXP 	unnamed TextStim: text = 'SMUG'
55.7665 	EXP 	unnamed TextStim: autoDraw = True
56.7326 	DATA 	Keypress: j
56.7355 	EXP 	unnamed TextStim: autoDraw = True
60.2655 	EXP 	unnamed TextStim: height = 0.7
60.2655 	EXP 	unnamed TextStim: height = 0.7
60.2655 	EXP 	unnamed TextStim: height = 0.7
60.2655 	EXP 	unnamed TextStim: text = 'SELF'
60.2655 	EXP 	unnamed TextStim: height = 0.7
60.2655 	EXP 	unnamed TextStim: height = 0.7
60.2655 	EXP 	unnamed TextStim: height = 0.7
60.2655 	EXP 	unnamed TextStim: text = 'nice'
60.2655 	EXP 	unnamed TextStim: autoDraw = True
61.6214 	DATA 	Keypress: j
61.6307 	EXP 	unnamed TextStim: autoDraw = True
63.6636 	EXP 	unnamed TextStim: text = 'SELF'
63.6636 	EXP 	unnamed TextStim: height = 0.7
63.6636 	EXP 	unnamed TextStim: height = 0.7
63.6636 	EXP 	unnamed TextStim: height = 0.7
63.6636 	EXP 	unnamed TextStim: text = 'careless'
63.6636 	EXP 	unnamed TextStim: autoDraw = True
64.6861 	DATA 	Keypress: k
64.6887 	EXP 	unnamed TextStim: autoDraw = True
65.9620 	EXP 	unnamed TextStim: height = 0.7
65.9620 	EXP 	unnamed TextStim: height = 0.7
65.9620 	EXP 	unnamed TextStim: height = 0.7
65.9620 	EXP 	unnamed TextStim: text = 'OBAMA'
65.9620 	EXP 	unnamed TextStim: height = 0.7
65.9620 	EXP 	unnamed TextStim: height = 0.7
65.9620 	EXP 	unnamed TextStim: height = 0.7
65.9620 	EXP 	unnamed TextStim: text = 'tough'
65.9620 	EXP 	unnamed TextStim: autoDraw = True
67.4880 	DATA 	Keypress: j
67.4976 	EXP 	unnamed TextStim: autoDraw = True
70.7651 	EXP 	unnamed TextStim: height = 0.7
70.7651 	EXP 	unnamed TextStim: height = 0.7
70.7651 	EXP 	unnamed TextStim: height = 0.7
70.7651 	EXP 	unnamed TextStim: text = 'UPPERCASE'
70.7651 	EXP 	unnamed TextStim: height = 0.7
70.7651 	EXP 	unnamed TextStim: height = 0.7
70.7651 	EXP 	unnamed TextStim: height = 0.7
70.7651 	EXP 	unnamed TextStim: text = 'NOISY'
70.7651 	EXP 	unnamed TextStim: autoDraw = True
71.8343 	DATA 	Keypress: j
71.8368 	EXP 	unnamed TextStim: autoDraw = True
74.2664 	EXP 	unnamed TextStim: text = 'UPPERCASE'
74.2664 	EXP 	unnamed TextStim: height = 0.7
74.2664 	EXP 	unnamed TextStim: height = 0.7
74.2664 	EXP 	unnamed TextStim: height = 0.7
74.2664 	EXP 	unnamed TextStim: text = 'good'
74.2664 	EXP 	unnamed TextStim: autoDraw = True
76.2666 	DATA 	No keypress (maxWait exceeded)
76.2769 	EXP 	unnamed TextStim: autoDraw = True
80.8558 	DATA 	Keypress: k
80.8683 	EXP 	unnamed TextStim: height = 0.7
80.8683 	EXP 	unnamed TextStim: height = 0.7
80.8683 	EXP 	unnamed TextStim: height = 0.7
80.8683 	EXP 	unnamed TextStim: text = 'SELF'
80.8683 	EXP 	unnamed TextStim: height = 0.7
80.8683 	EXP 	unnamed TextStim: height = 0.7
80.8683 	EXP 	unnamed TextStim: height = 0.7
80.8683 	EXP 	unnamed TextStim: text = 'clean'
80.8683 	EXP 	unnamed TextStim: autoDraw = True
81.8005 	DATA 	Keypress: k
81.8047 	EXP 	unnamed TextStim: autoDraw = True
83.2627 	EXP 	unnamed TextStim: height = 0.7
83.2627 	EXP 	unnamed TextStim: height = 0.7
83.2627 	EXP 	unnamed TextStim: height = 0.7
83.2627 	EXP 	unnamed TextStim: text = 'OBAMA'
83.2627 	EXP 	unnamed TextStim: height = 0.7
83.2627 	EXP 	unnamed TextStim: height = 0.7
83.2627 	EXP 	unnamed TextStim: height = 0.7
83.2627 	EXP 	unnamed TextStim: text = 'quick'
83.2627 	EXP 	unnamed TextStim: autoDraw = True
83.9342 	DATA 	Keypress: k
83.9368 	EXP 	unnamed TextStim: autoDraw = True
85.9620 	EXP 	unnamed TextStim: height = 0.7
85.9620 	EXP 	unnamed TextStim: height = 0.7
85.9620 	EXP 	unnamed TextStim: height = 0.7
85.9620 	EXP 	unnamed TextStim: text = 'SELF'
85.9620 	EXP 	unnamed TextStim: height = 0.7
85.9620 	EXP 	unnamed TextStim: height = 0.7
85.9620 	EXP 	unnamed TextStim: height = 0.7
85.9620 	EXP 	unnamed TextStim: text = 'lucky'
85.9620 	EXP 	unnamed TextStim: autoDraw = True
86.8848 	DATA 	Keypress: j
86.8872 	EXP 	unnamed TextStim: autoDraw = True
89.4670 	EXP 	unnamed TextStim: height = 0.7
89.4670 	EXP 	unnamed TextStim: height = 0.7
89.4670 	EXP 	unnamed TextStim: height = 0.7
89.4670 	EXP 	unnamed TextStim: text = 'OBAMA'
89.4670 	EXP 	unnamed TextStim: height = 0.7
89.4670 	EXP 	unnamed TextStim: height = 0.7
89.4670 	EXP 	unnamed TextStim: height = 0.7
89.4670 	EXP 	unnamed TextStim: text = 'weak'
89.4670 	EXP 	unnamed TextStim: autoDraw = True
90.6255 	DATA 	Keypress: k
90.6279 	EXP 	unnamed TextStim: autoDraw = True
92.6622 	EXP 	unnamed TextStim: text = 'OBAMA'
92.6622 	EXP 	unnamed TextStim: height = 0.7
92.6622 	EXP 	unnamed TextStim: height = 0.7
92.6622 	EXP 	unnamed TextStim: height = 0.7
92.6622 	EXP 	unnamed TextStim: text = 'spiteful'
92.6622 	EXP 	unnamed TextStim: autoDraw = True
93.8287 	DATA 	Keypress: k
93.8313 	EXP 	unnamed TextStim: autoDraw = True
96.0640 	EXP 	unnamed TextStim: text = 'OBAMA'
96.0640 	EXP 	unnamed TextStim: height = 0.7
96.0640 	EXP 	unnamed TextStim: height = 0.7
96.0640 	EXP 	unnamed TextStim: height = 0.7
96.0640 	EXP 	unnamed TextStim: text = 'wise'
96.0640 	EXP 	unnamed TextStim: autoDraw = True
96.9011 	DATA 	Keypress: k
96.9034 	EXP 	unnamed TextStim: autoDraw = True
102.2677 	EXP 	unnamed TextStim: height = 0.7
102.2677 	EXP 	unnamed TextStim: height = 0.7
102.2677 	EXP 	unnamed TextStim: height = 0.7
102.2677 	EXP 	unnamed TextStim: text = 'SELF'
102.2677 	EXP 	unnamed TextStim: height = 0.7
102.2677 	EXP 	unnamed TextStim: height = 0.7
102.2677 	EXP 	unnamed TextStim: height = 0.7
102.2677 	EXP 	unnamed TextStim: text = 'subtle'
102.2677 	EXP 	unnamed TextStim: autoDraw = True
103.1408 	DATA 	Keypress: k
103.1432 	EXP 	unnamed TextStim: autoDraw = True
106.6641 	EXP 	unnamed TextStim: height = 0.7
106.6641 	EXP 	unnamed TextStim: height = 0.7
106.6641 	EXP 	unnamed TextStim: height = 0.7
106.6641 	EXP 	unnamed TextStim: text = 'OBAMA'
106.6641 	EXP 	unnamed TextStim: height = 0.7
106.6641 	EXP 	unnamed TextStim: height = 0.7
106.6641 	EXP 	unnamed TextStim: height = 0.7
106.6641 	EXP 	unnamed TextStim: text = 'prideful'
106.6641 	EXP 	unnamed TextStim: autoDraw = True
107.8117 	DATA 	Keypress: j
107.8148 	EXP 	unnamed TextStim: autoDraw = True
112.4660 	EXP 	unnamed TextStim: height = 0.7
112.4660 	EXP 	unnamed TextStim: height = 0.7
112.4660 	EXP 	unnamed TextStim: height = 0.7
112.4660 	EXP 	unnamed TextStim: text = 'SELF'
112.4660 	EXP 	unnamed TextStim: height = 0.7
112.4660 	EXP 	unnamed TextStim: height = 0.7
112.4660 	EXP 	unnamed TextStim: height = 0.7
112.4660 	EXP 	unnamed TextStim: text = 'cruel'
112.4660 	EXP 	unnamed TextStim: autoDraw = True
113.2729 	DATA 	Keypress: k
113.2758 	EXP 	unnamed TextStim: autoDraw = True
115.4644 	EXP 	unnamed TextStim: height = 0.7
115.4644 	EXP 	unnamed TextStim: height = 0.7
115.4644 	EXP 	unnamed TextStim: height = 0.7
115.4644 	EXP 	unnamed TextStim: text = 'OBAMA'
115.4644 	EXP 	unnamed TextStim: height = 0.7
115.4644 	EXP 	unnamed TextStim: height = 0.7
115.4644 	EXP 	unnamed TextStim: height = 0.7
115.4644 	EXP 	unnamed TextStim: text = 'gentle'
115.4644 	EXP 	unnamed TextStim: autoDraw = True
116.3125 	DATA 	Keypress: j
116.3149 	EXP 	unnamed TextStim: autoDraw = True
136.8480 	EXP 	window1: mouseVisible = True
