7.9938 	WARNING 	ExperimentHandler created with no dataFileName parameter. No data will be saved in the event of a crash
8.0035 	WARNING 	Requested an unavailable screen number - using first available.
8.0045 	WARNING 	User requested fullscreen with size [800 600], but screen is actually [1512, 982]. Using actual size
9.1107 	WARNING 	Couldn't measure a consistent frame rate!
  - Is your graphics card set to sync to vertical blank?
  - Are you running other processes on your computer?

9.1112 	EXP 	Created window1 = Window(allowGUI=True, allowStencil=False, autoLog=True, backendConf=UNKNOWN, backgroundFit=<method-wrapper '__getattribute__' of attributeSetter object at 0x7fba71d380a0>, backgroundImage=<method-wrapper '__getattribute__' of attributeSetter object at 0x7fba71d38040>, bitsMode=UNKNOWN, blendMode='avg', bpc=(8, 8, 8), color=array([-1, -1, -1]), colorSpace='rgb', depthBits=8, fullscr=<method-wrapper '__getattribute__' of attributeSetter object at 0x7fba7185ae50>, gamma=None, gammaErrorPolicy='raise', infoMsg=UNKNOWN, lms=UNKNOWN, monitor=<psychopy.monitors.calibTools.Monitor object at 0x7fbad84e68e0>, multiSample=False, name='window1', numSamples=2, pos=[378.0, 245.5], screen=1, size=array([3024, 1964]), stencilBits=0, stereo=False, title='PsychoPy', units='deg', useFBO=False, useRetina=True, viewOri=0.0, viewPos=None, viewScale=None, waitBlanking=True, winType='pyglet')
9.1112 	EXP 	window1: backgroundImage = None
9.1112 	EXP 	window1: backgroundFit = 'cover'
9.1118 	EXP 	window1: mouseVisible = <method-wrapper '__getattribute__' of attributeSetter object at 0x7fba71d38220>
9.1377 	EXP 	Created unnamed TextStim = TextStim(__class__=<class 'psychopy.visual.text.TextStim'>, alignHoriz=method-wrapper(...), alignText='center', alignVert=method-wrapper(...), anchorHoriz='center', anchorVert='center', antialias=True, autoDraw=False, autoLog=True, bold=True, color=array([1., 1., 1.]), colorSpace='rgb', contrast=1.0, depth=0, draggable=False, flipHoriz=False, flipVert=False, font='Geneva', fontFiles=[], height=0.5, italic=False, languageStyle='LTR', name='unnamed TextStim', opacity=1.0, ori=0.0, pos=array([0., 0.]), rgb=UNKNOWN, text='+', units='deg', win=Window(...), wrapWidth=15.0)
9.1378 	EXP 	window1: mouseVisible = <method-wrapper '__getattribute__' of attributeSetter object at 0x7fba71d38220>
9.1438 	EXP 	Created unnamed TextStim = TextStim(__class__=<class 'psychopy.visual.text.TextStim'>, alignHoriz=method-wrapper(...), alignText='center', alignVert=method-wrapper(...), anchorHoriz='center', anchorVert='center', antialias=True, autoDraw=False, autoLog=True, bold=True, color=array([1., 1., 1.]), colorSpace='rgb', contrast=1.0, depth=0, draggable=False, flipHoriz=False, flipVert=False, font='Geneva', fontFiles=[], height=0.4, italic=False, languageStyle='LTR', name='unnamed TextStim', opacity=1.0, ori=0.0, pos=array([0. , 0.7]), rgb=UNKNOWN, text='Hello World', units='deg', win=Window(...), wrapWidth=15.0)
9.1439 	EXP 	window1: mouseVisible = <method-wrapper '__getattribute__' of attributeSetter object at 0x7fba71d38220>
9.1489 	EXP 	Created unnamed TextStim = TextStim(__class__=<class 'psychopy.visual.text.TextStim'>, alignHoriz=method-wrapper(...), alignText='center', alignVert=method-wrapper(...), anchorHoriz='center', anchorVert='center', antialias=True, autoDraw=False, autoLog=True, bold=True, color=array([1., 1., 1.]), colorSpace='rgb', contrast=1.0, depth=0, draggable=False, flipHoriz=False, flipVert=False, font='Geneva', fontFiles=[], height=0.7, italic=False, languageStyle='LTR', name='unnamed TextStim', opacity=1.0, ori=0.0, pos=array([0. , 0.7]), rgb=UNKNOWN, text='Hello World', units='deg', win=Window(...), wrapWidth=15.0)
9.1490 	EXP 	window1: mouseVisible = <method-wrapper '__getattribute__' of attributeSetter object at 0x7fba71d38220>
9.1508 	EXP 	Created unnamed TextStim = TextStim(__class__=<class 'psychopy.visual.text.TextStim'>, alignHoriz=method-wrapper(...), alignText='center', alignVert=method-wrapper(...), anchorHoriz='center', anchorVert='center', antialias=True, autoDraw=False, autoLog=True, bold=True, color=array([1., 1., 1.]), colorSpace='rgb', contrast=1.0, depth=0, draggable=False, flipHoriz=False, flipVert=False, font='Geneva', fontFiles=[], height=0.7, italic=False, languageStyle='LTR', name='unnamed TextStim', opacity=1.0, ori=0.0, pos=array([ 0. , -0.7]), rgb=UNKNOWN, text='Hello World', units='deg', win=Window(...), wrapWidth=15.0)
9.1518 	EXP 	window1: mouseVisible = False
9.1881 	WARNING 	t of last frame was 77.48ms (=1/12)
9.1881 	EXP 	unnamed TextStim: height = 0.4
9.1881 	EXP 	unnamed TextStim: height = 0.4
9.1881 	EXP 	unnamed TextStim: height = 0.4
9.1881 	EXP 	unnamed TextStim: text = 'IN THE FOLLOWING TASK, YOU WILL BE ASKED TO RATE ONE OF THREE TYPES OF JUDGMENTS FOR DIFFERENT WORDS:\n\nSELF: DOES THIS WORD DESCRIBE YOU? \nOBAMA: DOES THIS WORD DESCRIBE FORMER U.S. PRESIDENT BARACK OBAMA?\nUPPERCASE: IS THIS WORD PRINTED IN UPPERCASE LETTERS?\n\nFOR EACH ITEM, PLEASE RESPOND WITH YES [left pointer finger] OR NO [right pointer finger].\nPLEASE KEEP YOUR EYES ON THE CENTRAL FIXATION POINT DURING THE TASK.\n\nIF THE NEXT TRIAL COMES UP AND YOU HAVE NOT YET RESPONDED TO THE PREVIOUS TRIAL,\nTHAT IS OKAY, JUST SKIP IT AND MOVE ONTO THE NEXT ONE.\n\nREADY?'
10.1066 	DATA 	Keypress: space
10.6374 	WARNING 	t of last frame was 1449.26ms (=1/0)
10.6374 	EXP 	unnamed TextStim: height = 0.7
10.6374 	EXP 	unnamed TextStim: height = 0.7
10.6374 	EXP 	unnamed TextStim: height = 0.7
10.6374 	EXP 	unnamed TextStim: text = 'SELF'
10.6374 	EXP 	unnamed TextStim: height = 0.7
10.6374 	EXP 	unnamed TextStim: height = 0.7
10.6374 	EXP 	unnamed TextStim: height = 0.7
10.6374 	EXP 	unnamed TextStim: text = 'careless'
10.6374 	EXP 	unnamed TextStim: autoDraw = True
12.1947 	DATA 	Keypress: k
12.2105 	WARNING 	t of last frame was 1573.10ms (=1/0)
12.2105 	EXP 	unnamed TextStim: autoDraw = True
13.4111 	WARNING 	t of last frame was 1200.61ms (=1/0)
13.4111 	EXP 	unnamed TextStim: height = 0.7
13.4111 	EXP 	unnamed TextStim: height = 0.7
13.4111 	EXP 	unnamed TextStim: height = 0.7
13.4111 	EXP 	unnamed TextStim: text = 'UPPERCASE'
13.4111 	EXP 	unnamed TextStim: height = 0.7
13.4111 	EXP 	unnamed TextStim: height = 0.7
13.4111 	EXP 	unnamed TextStim: height = 0.7
13.4111 	EXP 	unnamed TextStim: text = 'direct'
13.4111 	EXP 	unnamed TextStim: autoDraw = True
13.8664 	DATA 	Keypress: j
13.8688 	WARNING 	Multiple dropped frames have occurred - I'll stop bothering you about them!
13.8688 	EXP 	unnamed TextStim: autoDraw = True
17.1217 	EXP 	unnamed TextStim: text = 'UPPERCASE'
17.1217 	EXP 	unnamed TextStim: height = 0.7
17.1217 	EXP 	unnamed TextStim: height = 0.7
17.1217 	EXP 	unnamed TextStim: height = 0.7
17.1217 	EXP 	unnamed TextStim: text = 'SMUG'
17.1217 	EXP 	unnamed TextStim: autoDraw = True
17.5545 	DATA 	Keypress: k
17.5570 	EXP 	unnamed TextStim: autoDraw = True
20.8232 	EXP 	unnamed TextStim: height = 0.7
20.8232 	EXP 	unnamed TextStim: height = 0.7
20.8232 	EXP 	unnamed TextStim: height = 0.7
20.8232 	EXP 	unnamed TextStim: text = 'OBAMA'
20.8232 	EXP 	unnamed TextStim: height = 0.7
20.8232 	EXP 	unnamed TextStim: height = 0.7
20.8232 	EXP 	unnamed TextStim: height = 0.7
20.8232 	EXP 	unnamed TextStim: text = 'spiteful'
20.8232 	EXP 	unnamed TextStim: autoDraw = True
22.8236 	DATA 	No keypress (maxWait exceeded)
22.8343 	EXP 	unnamed TextStim: autoDraw = True
26.1255 	EXP 	unnamed TextStim: height = 0.7
26.1255 	EXP 	unnamed TextStim: height = 0.7
26.1255 	EXP 	unnamed TextStim: height = 0.7
26.1255 	EXP 	unnamed TextStim: text = 'SELF'
26.1255 	EXP 	unnamed TextStim: height = 0.7
26.1255 	EXP 	unnamed TextStim: height = 0.7
26.1255 	EXP 	unnamed TextStim: height = 0.7
26.1255 	EXP 	unnamed TextStim: text = 'clean'
26.1255 	EXP 	unnamed TextStim: autoDraw = True
28.1258 	DATA 	No keypress (maxWait exceeded)
28.1378 	EXP 	unnamed TextStim: autoDraw = True
28.5108 	EXP 	unnamed TextStim: height = 0.7
28.5108 	EXP 	unnamed TextStim: height = 0.7
28.5108 	EXP 	unnamed TextStim: height = 0.7
28.5108 	EXP 	unnamed TextStim: text = 'UPPERCASE'
28.5108 	EXP 	unnamed TextStim: height = 0.7
28.5108 	EXP 	unnamed TextStim: height = 0.7
28.5108 	EXP 	unnamed TextStim: height = 0.7
28.5108 	EXP 	unnamed TextStim: text = 'LOYAL'
28.5108 	EXP 	unnamed TextStim: autoDraw = True
30.5110 	DATA 	No keypress (maxWait exceeded)
30.5250 	EXP 	unnamed TextStim: autoDraw = True
31.2112 	EXP 	unnamed TextStim: text = 'UPPERCASE'
31.2112 	EXP 	unnamed TextStim: height = 0.7
31.2112 	EXP 	unnamed TextStim: height = 0.7
31.2112 	EXP 	unnamed TextStim: height = 0.7
31.2112 	EXP 	unnamed TextStim: text = 'candid'
31.2112 	EXP 	unnamed TextStim: autoDraw = True
33.2114 	DATA 	No keypress (maxWait exceeded)
33.2214 	EXP 	unnamed TextStim: autoDraw = True
33.3097 	EXP 	unnamed TextStim: text = 'UPPERCASE'
33.3097 	EXP 	unnamed TextStim: height = 0.7
33.3097 	EXP 	unnamed TextStim: height = 0.7
33.3097 	EXP 	unnamed TextStim: height = 0.7
33.3097 	EXP 	unnamed TextStim: text = 'noisy'
33.3097 	EXP 	unnamed TextStim: autoDraw = True
35.3098 	DATA 	No keypress (maxWait exceeded)
35.3202 	EXP 	unnamed TextStim: autoDraw = True
37.4192 	EXP 	unnamed TextStim: text = 'UPPERCASE'
37.4192 	EXP 	unnamed TextStim: height = 0.7
37.4192 	EXP 	unnamed TextStim: height = 0.7
37.4192 	EXP 	unnamed TextStim: height = 0.7
37.4192 	EXP 	unnamed TextStim: text = 'GOOD'
37.4192 	EXP 	unnamed TextStim: autoDraw = True
39.4195 	DATA 	No keypress (maxWait exceeded)
39.4289 	EXP 	unnamed TextStim: autoDraw = True
41.0204 	EXP 	unnamed TextStim: height = 0.7
41.0204 	EXP 	unnamed TextStim: height = 0.7
41.0204 	EXP 	unnamed TextStim: height = 0.7
41.0204 	EXP 	unnamed TextStim: text = 'SELF'
41.0204 	EXP 	unnamed TextStim: height = 0.7
41.0204 	EXP 	unnamed TextStim: height = 0.7
41.0204 	EXP 	unnamed TextStim: height = 0.7
41.0204 	EXP 	unnamed TextStim: text = 'tactful'
41.0204 	EXP 	unnamed TextStim: autoDraw = True
43.0209 	DATA 	No keypress (maxWait exceeded)
43.0320 	EXP 	unnamed TextStim: autoDraw = True
44.6181 	EXP 	unnamed TextStim: height = 0.7
44.6181 	EXP 	unnamed TextStim: height = 0.7
44.6181 	EXP 	unnamed TextStim: height = 0.7
44.6181 	EXP 	unnamed TextStim: text = 'OBAMA'
44.6181 	EXP 	unnamed TextStim: height = 0.7
44.6181 	EXP 	unnamed TextStim: height = 0.7
44.6181 	EXP 	unnamed TextStim: height = 0.7
44.6181 	EXP 	unnamed TextStim: text = 'prideful'
44.6181 	EXP 	unnamed TextStim: autoDraw = True
46.6183 	DATA 	No keypress (maxWait exceeded)
46.6278 	EXP 	unnamed TextStim: autoDraw = True
50.7238 	EXP 	unnamed TextStim: height = 0.7
50.7238 	EXP 	unnamed TextStim: height = 0.7
50.7238 	EXP 	unnamed TextStim: height = 0.7
50.7238 	EXP 	unnamed TextStim: text = 'UPPERCASE'
50.7238 	EXP 	unnamed TextStim: height = 0.7
50.7238 	EXP 	unnamed TextStim: height = 0.7
50.7238 	EXP 	unnamed TextStim: height = 0.7
50.7238 	EXP 	unnamed TextStim: text = 'ANGRY'
50.7238 	EXP 	unnamed TextStim: autoDraw = True
52.7240 	DATA 	No keypress (maxWait exceeded)
52.7350 	EXP 	unnamed TextStim: autoDraw = True
55.2222 	EXP 	unnamed TextStim: height = 0.7
55.2222 	EXP 	unnamed TextStim: height = 0.7
55.2222 	EXP 	unnamed TextStim: height = 0.7
55.2222 	EXP 	unnamed TextStim: text = 'SELF'
55.2222 	EXP 	unnamed TextStim: height = 0.7
55.2222 	EXP 	unnamed TextStim: height = 0.7
55.2222 	EXP 	unnamed TextStim: height = 0.7
55.2222 	EXP 	unnamed TextStim: text = 'lucky'
55.2222 	EXP 	unnamed TextStim: autoDraw = True
57.2224 	DATA 	No keypress (maxWait exceeded)
57.2314 	EXP 	unnamed TextStim: autoDraw = True
58.6175 	EXP 	unnamed TextStim: text = 'SELF'
58.6175 	EXP 	unnamed TextStim: height = 0.7
58.6175 	EXP 	unnamed TextStim: height = 0.7
58.6175 	EXP 	unnamed TextStim: height = 0.7
58.6175 	EXP 	unnamed TextStim: text = 'stern'
58.6175 	EXP 	unnamed TextStim: autoDraw = True
60.6177 	DATA 	No keypress (maxWait exceeded)
60.6314 	EXP 	unnamed TextStim: autoDraw = True
60.9117 	EXP 	unnamed TextStim: height = 0.7
60.9117 	EXP 	unnamed TextStim: height = 0.7
60.9117 	EXP 	unnamed TextStim: height = 0.7
60.9117 	EXP 	unnamed TextStim: text = 'OBAMA'
60.9117 	EXP 	unnamed TextStim: height = 0.7
60.9117 	EXP 	unnamed TextStim: height = 0.7
60.9117 	EXP 	unnamed TextStim: height = 0.7
60.9117 	EXP 	unnamed TextStim: text = 'cheerful'
60.9117 	EXP 	unnamed TextStim: autoDraw = True
62.9119 	DATA 	No keypress (maxWait exceeded)
62.9213 	EXP 	unnamed TextStim: autoDraw = True
65.7184 	EXP 	unnamed TextStim: height = 0.7
65.7184 	EXP 	unnamed TextStim: height = 0.7
65.7184 	EXP 	unnamed TextStim: height = 0.7
65.7184 	EXP 	unnamed TextStim: text = 'UPPERCASE'
65.7184 	EXP 	unnamed TextStim: height = 0.7
65.7184 	EXP 	unnamed TextStim: height = 0.7
65.7184 	EXP 	unnamed TextStim: height = 0.7
65.7184 	EXP 	unnamed TextStim: text = 'blunt'
65.7184 	EXP 	unnamed TextStim: autoDraw = True
67.7186 	DATA 	No keypress (maxWait exceeded)
67.7292 	EXP 	unnamed TextStim: autoDraw = True
69.2182 	EXP 	unnamed TextStim: text = 'UPPERCASE'
69.2182 	EXP 	unnamed TextStim: height = 0.7
69.2182 	EXP 	unnamed TextStim: height = 0.7
69.2182 	EXP 	unnamed TextStim: height = 0.7
69.2182 	EXP 	unnamed TextStim: text = 'refined'
69.2182 	EXP 	unnamed TextStim: autoDraw = True
71.2184 	DATA 	No keypress (maxWait exceeded)
71.2287 	EXP 	unnamed TextStim: autoDraw = True
75.8227 	EXP 	unnamed TextStim: height = 0.7
75.8227 	EXP 	unnamed TextStim: height = 0.7
75.8227 	EXP 	unnamed TextStim: height = 0.7
75.8227 	EXP 	unnamed TextStim: text = 'SELF'
75.8227 	EXP 	unnamed TextStim: height = 0.7
75.8227 	EXP 	unnamed TextStim: height = 0.7
75.8227 	EXP 	unnamed TextStim: height = 0.7
75.8227 	EXP 	unnamed TextStim: text = 'subtle'
75.8227 	EXP 	unnamed TextStim: autoDraw = True
77.8232 	DATA 	No keypress (maxWait exceeded)
77.8323 	EXP 	unnamed TextStim: autoDraw = True
78.2107 	EXP 	unnamed TextStim: height = 0.7
78.2107 	EXP 	unnamed TextStim: height = 0.7
78.2107 	EXP 	unnamed TextStim: height = 0.7
78.2107 	EXP 	unnamed TextStim: text = 'OBAMA'
78.2107 	EXP 	unnamed TextStim: height = 0.7
78.2107 	EXP 	unnamed TextStim: height = 0.7
78.2107 	EXP 	unnamed TextStim: height = 0.7
78.2107 	EXP 	unnamed TextStim: text = 'gentle'
78.2107 	EXP 	unnamed TextStim: autoDraw = True
80.2109 	DATA 	No keypress (maxWait exceeded)
80.2264 	EXP 	unnamed TextStim: autoDraw = True
80.9111 	EXP 	unnamed TextStim: height = 0.7
80.9111 	EXP 	unnamed TextStim: height = 0.7
80.9111 	EXP 	unnamed TextStim: height = 0.7
80.9111 	EXP 	unnamed TextStim: text = 'SELF'
80.9111 	EXP 	unnamed TextStim: height = 0.7
80.9111 	EXP 	unnamed TextStim: height = 0.7
80.9111 	EXP 	unnamed TextStim: height = 0.7
80.9111 	EXP 	unnamed TextStim: text = 'nice'
80.9111 	EXP 	unnamed TextStim: autoDraw = True
82.9113 	DATA 	No keypress (maxWait exceeded)
82.9214 	EXP 	unnamed TextStim: autoDraw = True
84.4193 	EXP 	unnamed TextStim: height = 0.7
84.4193 	EXP 	unnamed TextStim: height = 0.7
84.4193 	EXP 	unnamed TextStim: height = 0.7
84.4193 	EXP 	unnamed TextStim: text = 'OBAMA'
84.4193 	EXP 	unnamed TextStim: height = 0.7
84.4193 	EXP 	unnamed TextStim: height = 0.7
84.4193 	EXP 	unnamed TextStim: height = 0.7
84.4193 	EXP 	unnamed TextStim: text = 'quick'
84.4193 	EXP 	unnamed TextStim: autoDraw = True
86.4196 	DATA 	No keypress (maxWait exceeded)
86.4322 	EXP 	unnamed TextStim: autoDraw = True
87.6116 	EXP 	unnamed TextStim: text = 'OBAMA'
87.6116 	EXP 	unnamed TextStim: height = 0.7
87.6116 	EXP 	unnamed TextStim: height = 0.7
87.6116 	EXP 	unnamed TextStim: height = 0.7
87.6116 	EXP 	unnamed TextStim: text = 'wise'
87.6116 	EXP 	unnamed TextStim: autoDraw = True
89.6117 	DATA 	No keypress (maxWait exceeded)
89.6217 	EXP 	unnamed TextStim: autoDraw = True
91.0186 	EXP 	unnamed TextStim: text = 'OBAMA'
91.0186 	EXP 	unnamed TextStim: height = 0.7
91.0186 	EXP 	unnamed TextStim: height = 0.7
91.0186 	EXP 	unnamed TextStim: height = 0.7
91.0186 	EXP 	unnamed TextStim: text = 'loud-mouthed'
91.0186 	EXP 	unnamed TextStim: autoDraw = True
93.0189 	DATA 	No keypress (maxWait exceeded)
93.0285 	EXP 	unnamed TextStim: autoDraw = True
97.2208 	EXP 	unnamed TextStim: height = 0.7
97.2208 	EXP 	unnamed TextStim: height = 0.7
97.2208 	EXP 	unnamed TextStim: height = 0.7
97.2208 	EXP 	unnamed TextStim: text = 'SELF'
97.2208 	EXP 	unnamed TextStim: height = 0.7
97.2208 	EXP 	unnamed TextStim: height = 0.7
97.2208 	EXP 	unnamed TextStim: height = 0.7
97.2208 	EXP 	unnamed TextStim: text = 'foolish'
97.2208 	EXP 	unnamed TextStim: autoDraw = True
99.2213 	DATA 	No keypress (maxWait exceeded)
99.2313 	EXP 	unnamed TextStim: autoDraw = True
101.6208 	EXP 	unnamed TextStim: height = 0.7
101.6208 	EXP 	unnamed TextStim: height = 0.7
101.6208 	EXP 	unnamed TextStim: height = 0.7
101.6208 	EXP 	unnamed TextStim: text = 'OBAMA'
101.6208 	EXP 	unnamed TextStim: height = 0.7
101.6208 	EXP 	unnamed TextStim: height = 0.7
101.6208 	EXP 	unnamed TextStim: height = 0.7
101.6208 	EXP 	unnamed TextStim: text = 'tough'
101.6208 	EXP 	unnamed TextStim: autoDraw = True
103.6210 	DATA 	No keypress (maxWait exceeded)
103.6311 	EXP 	unnamed TextStim: autoDraw = True
107.4228 	EXP 	unnamed TextStim: height = 0.7
107.4228 	EXP 	unnamed TextStim: height = 0.7
107.4228 	EXP 	unnamed TextStim: height = 0.7
107.4228 	EXP 	unnamed TextStim: text = 'SELF'
107.4228 	EXP 	unnamed TextStim: height = 0.7
107.4228 	EXP 	unnamed TextStim: height = 0.7
107.4228 	EXP 	unnamed TextStim: height = 0.7
107.4228 	EXP 	unnamed TextStim: text = 'cruel'
107.4228 	EXP 	unnamed TextStim: autoDraw = True
109.4233 	DATA 	No keypress (maxWait exceeded)
109.4332 	EXP 	unnamed TextStim: autoDraw = True
110.4114 	EXP 	unnamed TextStim: height = 0.7
110.4114 	EXP 	unnamed TextStim: height = 0.7
110.4114 	EXP 	unnamed TextStim: height = 0.7
110.4114 	EXP 	unnamed TextStim: text = 'OBAMA'
110.4114 	EXP 	unnamed TextStim: height = 0.7
110.4114 	EXP 	unnamed TextStim: height = 0.7
110.4114 	EXP 	unnamed TextStim: height = 0.7
110.4114 	EXP 	unnamed TextStim: text = 'weak'
110.4114 	EXP 	unnamed TextStim: autoDraw = True
112.4115 	DATA 	No keypress (maxWait exceeded)
112.4215 	EXP 	unnamed TextStim: autoDraw = True
