7.3305 	WARNING 	ExperimentHandler created with no dataFileName parameter. No data will be saved in the event of a crash
7.3406 	WARNING 	Requested an unavailable screen number - using first available.
7.3417 	WARNING 	User requested fullscreen with size [800 600], but screen is actually [1512, 982]. Using actual size
8.4531 	WARNING 	Couldn't measure a consistent frame rate!
  - Is your graphics card set to sync to vertical blank?
  - Are you running other processes on your computer?

8.4534 	EXP 	Created window1 = Window(allowGUI=True, allowStencil=False, autoLog=True, backendConf=UNKNOWN, backgroundFit=<method-wrapper '__getattribute__' of attributeSetter object at 0x7fd8b1a44160>, backgroundImage=<method-wrapper '__getattribute__' of attributeSetter object at 0x7fd8b1a44100>, bitsMode=UNKNOWN, blendMode='avg', bpc=(8, 8, 8), color=array([-1, -1, -1]), colorSpace='rgb', depthBits=8, fullscr=<method-wrapper '__getattribute__' of attributeSetter object at 0x7fd8b14f6f70>, gamma=None, gammaErrorPolicy='raise', infoMsg=UNKNOWN, lms=UNKNOWN, monitor=<psychopy.monitors.calibTools.Monitor object at 0x7fd8b16179a0>, multiSample=False, name='window1', numSamples=2, pos=[378.0, 245.5], screen=1, size=array([3024, 1964]), stencilBits=0, stereo=False, title='PsychoPy', units='deg', useFBO=False, useRetina=True, viewOri=0.0, viewPos=None, viewScale=None, waitBlanking=True, winType='pyglet')
8.4535 	EXP 	window1: backgroundImage = None
8.4535 	EXP 	window1: backgroundFit = 'cover'
8.4539 	EXP 	window1: mouseVisible = <method-wrapper '__getattribute__' of attributeSetter object at 0x7fd8b1a44280>
8.4795 	EXP 	Created unnamed TextStim = TextStim(__class__=<class 'psychopy.visual.text.TextStim'>, alignHoriz=method-wrapper(...), alignText='center', alignVert=method-wrapper(...), anchorHoriz='center', anchorVert='center', antialias=True, autoDraw=False, autoLog=True, bold=True, color=array([1., 1., 1.]), colorSpace='rgb', contrast=1.0, depth=0, draggable=False, flipHoriz=False, flipVert=False, font='Geneva', fontFiles=[], height=0.5, italic=False, languageStyle='LTR', name='unnamed TextStim', opacity=1.0, ori=0.0, pos=array([0., 0.]), rgb=UNKNOWN, text='+', units='deg', win=Window(...), wrapWidth=15.0)
8.4796 	EXP 	window1: mouseVisible = <method-wrapper '__getattribute__' of attributeSetter object at 0x7fd8b1a44280>
8.4854 	EXP 	Created unnamed TextStim = TextStim(__class__=<class 'psychopy.visual.text.TextStim'>, alignHoriz=method-wrapper(...), alignText='center', alignVert=method-wrapper(...), anchorHoriz='center', anchorVert='center', antialias=True, autoDraw=False, autoLog=True, bold=True, color=array([1., 1., 1.]), colorSpace='rgb', contrast=1.0, depth=0, draggable=False, flipHoriz=False, flipVert=False, font='Geneva', fontFiles=[], height=0.4, italic=False, languageStyle='LTR', name='unnamed TextStim', opacity=1.0, ori=0.0, pos=array([0. , 0.7]), rgb=UNKNOWN, text='Hello World', units='deg', win=Window(...), wrapWidth=15.0)
8.4855 	EXP 	window1: mouseVisible = <method-wrapper '__getattribute__' of attributeSetter object at 0x7fd8b1a44280>
8.4906 	EXP 	Created unnamed TextStim = TextStim(__class__=<class 'psychopy.visual.text.TextStim'>, alignHoriz=method-wrapper(...), alignText='center', alignVert=method-wrapper(...), anchorHoriz='center', anchorVert='center', antialias=True, autoDraw=False, autoLog=True, bold=True, color=array([1., 1., 1.]), colorSpace='rgb', contrast=1.0, depth=0, draggable=False, flipHoriz=False, flipVert=False, font='Geneva', fontFiles=[], height=0.7, italic=False, languageStyle='LTR', name='unnamed TextStim', opacity=1.0, ori=0.0, pos=array([0. , 0.7]), rgb=UNKNOWN, text='Hello World', units='deg', win=Window(...), wrapWidth=15.0)
8.4907 	EXP 	window1: mouseVisible = <method-wrapper '__getattribute__' of attributeSetter object at 0x7fd8b1a44280>
8.4925 	EXP 	Created unnamed TextStim = TextStim(__class__=<class 'psychopy.visual.text.TextStim'>, alignHoriz=method-wrapper(...), alignText='center', alignVert=method-wrapper(...), anchorHoriz='center', anchorVert='center', antialias=True, autoDraw=False, autoLog=True, bold=True, color=array([1., 1., 1.]), colorSpace='rgb', contrast=1.0, depth=0, draggable=False, flipHoriz=False, flipVert=False, font='Geneva', fontFiles=[], height=0.7, italic=False, languageStyle='LTR', name='unnamed TextStim', opacity=1.0, ori=0.0, pos=array([ 0. , -0.7]), rgb=UNKNOWN, text='Hello World', units='deg', win=Window(...), wrapWidth=15.0)
8.4935 	EXP 	window1: mouseVisible = False
8.5280 	WARNING 	t of last frame was 74.96ms (=1/13)
8.5280 	EXP 	unnamed TextStim: height = 0.4
8.5280 	EXP 	unnamed TextStim: height = 0.4
8.5280 	EXP 	unnamed TextStim: height = 0.4
8.5280 	EXP 	unnamed TextStim: text = 'IN THE FOLLOWING TASK, YOU WILL BE ASKED TO RATE ONE OF THREE TYPES OF JUDGMENTS FOR DIFFERENT WORDS:\n\nSELF: DOES THIS WORD DESCRIBE YOU? \nOBAMA: DOES THIS WORD DESCRIBE FORMER U.S. PRESIDENT BARACK OBAMA?\nUPPERCASE: IS THIS WORD PRINTED IN UPPERCASE LETTERS?\n\nFOR EACH ITEM, PLEASE RESPOND WITH YES [left pointer finger] OR NO [right pointer finger].\nPLEASE KEEP YOUR EYES ON THE CENTRAL FIXATION POINT DURING THE TASK.\n\nIF THE NEXT TRIAL COMES UP AND YOU HAVE NOT YET RESPONDED TO THE PREVIOUS TRIAL,\nTHAT IS OKAY, JUST SKIP IT AND MOVE ONTO THE NEXT ONE.\n\nREADY?'
9.1101 	DATA 	Keypress: space
9.6204 	WARNING 	t of last frame was 1092.47ms (=1/0)
9.6204 	EXP 	unnamed TextStim: height = 0.7
9.6204 	EXP 	unnamed TextStim: height = 0.7
9.6204 	EXP 	unnamed TextStim: height = 0.7
9.6204 	EXP 	unnamed TextStim: text = 'SELF'
9.6204 	EXP 	unnamed TextStim: height = 0.7
9.6204 	EXP 	unnamed TextStim: height = 0.7
9.6204 	EXP 	unnamed TextStim: height = 0.7
9.6204 	EXP 	unnamed TextStim: text = 'careless'
9.6204 	EXP 	unnamed TextStim: autoDraw = True
10.5143 	DATA 	Keypress: k
10.5169 	WARNING 	t of last frame was 896.50ms (=1/1)
10.5169 	EXP 	unnamed TextStim: autoDraw = True
12.4232 	WARNING 	t of last frame was 1906.22ms (=1/0)
12.4232 	EXP 	unnamed TextStim: height = 0.7
12.4232 	EXP 	unnamed TextStim: height = 0.7
12.4232 	EXP 	unnamed TextStim: height = 0.7
12.4232 	EXP 	unnamed TextStim: text = 'UPPERCASE'
12.4232 	EXP 	unnamed TextStim: height = 0.7
12.4232 	EXP 	unnamed TextStim: height = 0.7
12.4232 	EXP 	unnamed TextStim: height = 0.7
12.4232 	EXP 	unnamed TextStim: text = 'good'
12.4232 	EXP 	unnamed TextStim: autoDraw = True
13.9902 	DATA 	Keypress: k
14.0012 	WARNING 	Multiple dropped frames have occurred - I'll stop bothering you about them!
14.0012 	EXP 	unnamed TextStim: autoDraw = True
16.1240 	EXP 	unnamed TextStim: text = 'UPPERCASE'
16.1240 	EXP 	unnamed TextStim: height = 0.7
16.1240 	EXP 	unnamed TextStim: height = 0.7
16.1240 	EXP 	unnamed TextStim: height = 0.7
16.1240 	EXP 	unnamed TextStim: text = 'DIRECT'
16.1240 	EXP 	unnamed TextStim: autoDraw = True
17.0103 	DATA 	Keypress: j
17.0128 	EXP 	unnamed TextStim: autoDraw = True
19.8251 	EXP 	unnamed TextStim: height = 0.7
19.8251 	EXP 	unnamed TextStim: height = 0.7
19.8251 	EXP 	unnamed TextStim: height = 0.7
19.8251 	EXP 	unnamed TextStim: text = 'OBAMA'
19.8251 	EXP 	unnamed TextStim: height = 0.7
19.8251 	EXP 	unnamed TextStim: height = 0.7
19.8251 	EXP 	unnamed TextStim: height = 0.7
19.8251 	EXP 	unnamed TextStim: text = 'loud-mouthed'
19.8251 	EXP 	unnamed TextStim: autoDraw = True
20.4623 	DATA 	Keypress: k
20.4652 	EXP 	unnamed TextStim: autoDraw = True
25.1258 	EXP 	unnamed TextStim: height = 0.7
25.1258 	EXP 	unnamed TextStim: height = 0.7
25.1258 	EXP 	unnamed TextStim: height = 0.7
25.1258 	EXP 	unnamed TextStim: text = 'SELF'
25.1258 	EXP 	unnamed TextStim: height = 0.7
25.1258 	EXP 	unnamed TextStim: height = 0.7
25.1258 	EXP 	unnamed TextStim: height = 0.7
25.1258 	EXP 	unnamed TextStim: text = 'clean'
25.1258 	EXP 	unnamed TextStim: autoDraw = True
25.7989 	DATA 	Keypress: k
25.8015 	EXP 	unnamed TextStim: autoDraw = True
27.5219 	EXP 	unnamed TextStim: height = 0.7
27.5219 	EXP 	unnamed TextStim: height = 0.7
27.5219 	EXP 	unnamed TextStim: height = 0.7
27.5219 	EXP 	unnamed TextStim: text = 'UPPERCASE'
27.5219 	EXP 	unnamed TextStim: height = 0.7
27.5219 	EXP 	unnamed TextStim: height = 0.7
27.5219 	EXP 	unnamed TextStim: height = 0.7
27.5219 	EXP 	unnamed TextStim: text = 'blunt'
27.5219 	EXP 	unnamed TextStim: autoDraw = True
28.1460 	DATA 	Keypress: j
28.1489 	EXP 	unnamed TextStim: autoDraw = True
30.2233 	EXP 	unnamed TextStim: text = 'UPPERCASE'
30.2233 	EXP 	unnamed TextStim: height = 0.7
30.2233 	EXP 	unnamed TextStim: height = 0.7
30.2233 	EXP 	unnamed TextStim: height = 0.7
30.2233 	EXP 	unnamed TextStim: text = 'REFINED'
30.2233 	EXP 	unnamed TextStim: autoDraw = True
30.6589 	DATA 	Keypress: k
30.6613 	EXP 	unnamed TextStim: autoDraw = True
32.3233 	EXP 	unnamed TextStim: text = 'UPPERCASE'
32.3233 	EXP 	unnamed TextStim: height = 0.7
32.3233 	EXP 	unnamed TextStim: height = 0.7
32.3233 	EXP 	unnamed TextStim: height = 0.7
32.3233 	EXP 	unnamed TextStim: text = 'ANGRY'
32.3233 	EXP 	unnamed TextStim: autoDraw = True
32.8125 	DATA 	Keypress: j
32.8150 	EXP 	unnamed TextStim: autoDraw = True
36.4279 	EXP 	unnamed TextStim: text = 'UPPERCASE'
36.4279 	EXP 	unnamed TextStim: height = 0.7
36.4279 	EXP 	unnamed TextStim: height = 0.7
36.4279 	EXP 	unnamed TextStim: height = 0.7
36.4279 	EXP 	unnamed TextStim: text = 'NOISY'
36.4279 	EXP 	unnamed TextStim: autoDraw = True
36.9436 	DATA 	Keypress: k
36.9461 	EXP 	unnamed TextStim: autoDraw = True
40.0274 	EXP 	unnamed TextStim: height = 0.7
40.0274 	EXP 	unnamed TextStim: height = 0.7
40.0274 	EXP 	unnamed TextStim: height = 0.7
40.0274 	EXP 	unnamed TextStim: text = 'SELF'
40.0274 	EXP 	unnamed TextStim: height = 0.7
40.0274 	EXP 	unnamed TextStim: height = 0.7
40.0274 	EXP 	unnamed TextStim: height = 0.7
40.0274 	EXP 	unnamed TextStim: text = 'subtle'
40.0274 	EXP 	unnamed TextStim: autoDraw = True
40.5293 	DATA 	Keypress: k
40.5318 	EXP 	unnamed TextStim: autoDraw = True
43.6246 	EXP 	unnamed TextStim: height = 0.7
43.6246 	EXP 	unnamed TextStim: height = 0.7
43.6246 	EXP 	unnamed TextStim: height = 0.7
43.6246 	EXP 	unnamed TextStim: text = 'OBAMA'
43.6246 	EXP 	unnamed TextStim: height = 0.7
43.6246 	EXP 	unnamed TextStim: height = 0.7
43.6246 	EXP 	unnamed TextStim: height = 0.7
43.6246 	EXP 	unnamed TextStim: text = 'spiteful'
43.6246 	EXP 	unnamed TextStim: autoDraw = True
44.0236 	DATA 	Keypress: k
44.0258 	EXP 	unnamed TextStim: autoDraw = True
49.7266 	EXP 	unnamed TextStim: height = 0.7
49.7266 	EXP 	unnamed TextStim: height = 0.7
49.7266 	EXP 	unnamed TextStim: height = 0.7
49.7266 	EXP 	unnamed TextStim: text = 'UPPERCASE'
49.7266 	EXP 	unnamed TextStim: height = 0.7
49.7266 	EXP 	unnamed TextStim: height = 0.7
49.7266 	EXP 	unnamed TextStim: height = 0.7
49.7266 	EXP 	unnamed TextStim: text = 'candid'
49.7266 	EXP 	unnamed TextStim: autoDraw = True
50.2834 	DATA 	Keypress: k
50.2857 	EXP 	unnamed TextStim: autoDraw = True
54.2280 	EXP 	unnamed TextStim: height = 0.7
54.2280 	EXP 	unnamed TextStim: height = 0.7
54.2280 	EXP 	unnamed TextStim: height = 0.7
54.2280 	EXP 	unnamed TextStim: text = 'SELF'
54.2280 	EXP 	unnamed TextStim: height = 0.7
54.2280 	EXP 	unnamed TextStim: height = 0.7
54.2280 	EXP 	unnamed TextStim: height = 0.7
54.2280 	EXP 	unnamed TextStim: text = 'nice'
54.2280 	EXP 	unnamed TextStim: autoDraw = True
54.6964 	DATA 	Keypress: j
54.6988 	EXP 	unnamed TextStim: autoDraw = True
57.6160 	DATA 	Keypress: j
57.6295 	EXP 	unnamed TextStim: text = 'SELF'
57.6295 	EXP 	unnamed TextStim: height = 0.7
57.6295 	EXP 	unnamed TextStim: height = 0.7
57.6295 	EXP 	unnamed TextStim: height = 0.7
57.6295 	EXP 	unnamed TextStim: text = 'tactful'
57.6295 	EXP 	unnamed TextStim: autoDraw = True
57.9009 	DATA 	Keypress: k
57.9039 	EXP 	unnamed TextStim: autoDraw = True
59.9243 	EXP 	unnamed TextStim: height = 0.7
59.9243 	EXP 	unnamed TextStim: height = 0.7
59.9243 	EXP 	unnamed TextStim: height = 0.7
59.9243 	EXP 	unnamed TextStim: text = 'OBAMA'
59.9243 	EXP 	unnamed TextStim: height = 0.7
59.9243 	EXP 	unnamed TextStim: height = 0.7
59.9243 	EXP 	unnamed TextStim: height = 0.7
59.9243 	EXP 	unnamed TextStim: text = 'cheerful'
59.9243 	EXP 	unnamed TextStim: autoDraw = True
60.2900 	DATA 	Keypress: j
60.2925 	EXP 	unnamed TextStim: autoDraw = True
64.7240 	EXP 	unnamed TextStim: height = 0.7
64.7240 	EXP 	unnamed TextStim: height = 0.7
64.7240 	EXP 	unnamed TextStim: height = 0.7
64.7240 	EXP 	unnamed TextStim: text = 'UPPERCASE'
64.7240 	EXP 	unnamed TextStim: height = 0.7
64.7240 	EXP 	unnamed TextStim: height = 0.7
64.7240 	EXP 	unnamed TextStim: height = 0.7
64.7240 	EXP 	unnamed TextStim: text = 'smug'
64.7240 	EXP 	unnamed TextStim: autoDraw = True
65.1621 	DATA 	Keypress: k
65.1652 	EXP 	unnamed TextStim: autoDraw = True
68.2258 	EXP 	unnamed TextStim: text = 'UPPERCASE'
68.2258 	EXP 	unnamed TextStim: height = 0.7
68.2258 	EXP 	unnamed TextStim: height = 0.7
68.2258 	EXP 	unnamed TextStim: height = 0.7
68.2258 	EXP 	unnamed TextStim: text = 'loyal'
68.2258 	EXP 	unnamed TextStim: autoDraw = True
68.7768 	DATA 	Keypress: k
68.7813 	EXP 	unnamed TextStim: autoDraw = True
74.8273 	EXP 	unnamed TextStim: height = 0.7
74.8273 	EXP 	unnamed TextStim: height = 0.7
74.8273 	EXP 	unnamed TextStim: height = 0.7
74.8273 	EXP 	unnamed TextStim: text = 'SELF'
74.8273 	EXP 	unnamed TextStim: height = 0.7
74.8273 	EXP 	unnamed TextStim: height = 0.7
74.8273 	EXP 	unnamed TextStim: height = 0.7
74.8273 	EXP 	unnamed TextStim: text = 'lucky'
74.8273 	EXP 	unnamed TextStim: autoDraw = True
75.2940 	DATA 	Keypress: j
75.2968 	EXP 	unnamed TextStim: autoDraw = True
77.2254 	EXP 	unnamed TextStim: height = 0.7
77.2254 	EXP 	unnamed TextStim: height = 0.7
77.2254 	EXP 	unnamed TextStim: height = 0.7
77.2254 	EXP 	unnamed TextStim: text = 'OBAMA'
77.2254 	EXP 	unnamed TextStim: height = 0.7
77.2254 	EXP 	unnamed TextStim: height = 0.7
77.2254 	EXP 	unnamed TextStim: height = 0.7
77.2254 	EXP 	unnamed TextStim: text = 'wise'
77.2254 	EXP 	unnamed TextStim: autoDraw = True
77.6469 	DATA 	Keypress: k
77.6502 	EXP 	unnamed TextStim: autoDraw = True
79.9228 	EXP 	unnamed TextStim: height = 0.7
79.9228 	EXP 	unnamed TextStim: height = 0.7
79.9228 	EXP 	unnamed TextStim: height = 0.7
79.9228 	EXP 	unnamed TextStim: text = 'SELF'
79.9228 	EXP 	unnamed TextStim: height = 0.7
79.9228 	EXP 	unnamed TextStim: height = 0.7
79.9228 	EXP 	unnamed TextStim: height = 0.7
79.9228 	EXP 	unnamed TextStim: text = 'cruel'
79.9228 	EXP 	unnamed TextStim: autoDraw = True
80.2698 	DATA 	Keypress: j
80.2726 	EXP 	unnamed TextStim: autoDraw = True
83.4259 	EXP 	unnamed TextStim: height = 0.7
83.4259 	EXP 	unnamed TextStim: height = 0.7
83.4259 	EXP 	unnamed TextStim: height = 0.7
83.4259 	EXP 	unnamed TextStim: text = 'OBAMA'
83.4259 	EXP 	unnamed TextStim: height = 0.7
83.4259 	EXP 	unnamed TextStim: height = 0.7
83.4259 	EXP 	unnamed TextStim: height = 0.7
83.4259 	EXP 	unnamed TextStim: text = 'gentle'
83.4259 	EXP 	unnamed TextStim: autoDraw = True
83.6904 	DATA 	Keypress: k
83.6928 	EXP 	unnamed TextStim: autoDraw = True
86.6249 	EXP 	unnamed TextStim: text = 'OBAMA'
86.6249 	EXP 	unnamed TextStim: height = 0.7
86.6249 	EXP 	unnamed TextStim: height = 0.7
86.6249 	EXP 	unnamed TextStim: height = 0.7
86.6249 	EXP 	unnamed TextStim: text = 'prideful'
86.6249 	EXP 	unnamed TextStim: autoDraw = True
86.9464 	DATA 	Keypress: j
86.9490 	EXP 	unnamed TextStim: autoDraw = True
90.0248 	EXP 	unnamed TextStim: text = 'OBAMA'
90.0248 	EXP 	unnamed TextStim: height = 0.7
90.0248 	EXP 	unnamed TextStim: height = 0.7
90.0248 	EXP 	unnamed TextStim: height = 0.7
90.0248 	EXP 	unnamed TextStim: text = 'tough'
90.0248 	EXP 	unnamed TextStim: autoDraw = True
90.3846 	DATA 	Keypress: j
90.3873 	EXP 	unnamed TextStim: autoDraw = True
96.2258 	EXP 	unnamed TextStim: height = 0.7
96.2258 	EXP 	unnamed TextStim: height = 0.7
96.2258 	EXP 	unnamed TextStim: height = 0.7
96.2258 	EXP 	unnamed TextStim: text = 'SELF'
96.2258 	EXP 	unnamed TextStim: height = 0.7
96.2258 	EXP 	unnamed TextStim: height = 0.7
96.2258 	EXP 	unnamed TextStim: height = 0.7
96.2258 	EXP 	unnamed TextStim: text = 'foolish'
96.2258 	EXP 	unnamed TextStim: autoDraw = True
96.6645 	DATA 	Keypress: k
96.6671 	EXP 	unnamed TextStim: autoDraw = True
100.6259 	EXP 	unnamed TextStim: height = 0.7
100.6259 	EXP 	unnamed TextStim: height = 0.7
100.6259 	EXP 	unnamed TextStim: height = 0.7
100.6259 	EXP 	unnamed TextStim: text = 'OBAMA'
100.6259 	EXP 	unnamed TextStim: height = 0.7
100.6259 	EXP 	unnamed TextStim: height = 0.7
100.6259 	EXP 	unnamed TextStim: height = 0.7
100.6259 	EXP 	unnamed TextStim: text = 'weak'
100.6259 	EXP 	unnamed TextStim: autoDraw = True
100.9527 	DATA 	Keypress: j
100.9554 	EXP 	unnamed TextStim: autoDraw = True
106.4251 	EXP 	unnamed TextStim: height = 0.7
106.4251 	EXP 	unnamed TextStim: height = 0.7
106.4251 	EXP 	unnamed TextStim: height = 0.7
106.4251 	EXP 	unnamed TextStim: text = 'SELF'
106.4251 	EXP 	unnamed TextStim: height = 0.7
106.4251 	EXP 	unnamed TextStim: height = 0.7
106.4251 	EXP 	unnamed TextStim: height = 0.7
106.4251 	EXP 	unnamed TextStim: text = 'stern'
106.4251 	EXP 	unnamed TextStim: autoDraw = True
106.8701 	DATA 	Keypress: k
106.8726 	EXP 	unnamed TextStim: autoDraw = True
109.4245 	EXP 	unnamed TextStim: height = 0.7
109.4245 	EXP 	unnamed TextStim: height = 0.7
109.4245 	EXP 	unnamed TextStim: height = 0.7
109.4245 	EXP 	unnamed TextStim: text = 'OBAMA'
109.4245 	EXP 	unnamed TextStim: height = 0.7
109.4245 	EXP 	unnamed TextStim: height = 0.7
109.4245 	EXP 	unnamed TextStim: height = 0.7
109.4245 	EXP 	unnamed TextStim: text = 'quick'
109.4245 	EXP 	unnamed TextStim: autoDraw = True
109.8468 	DATA 	Keypress: j
109.8492 	EXP 	unnamed TextStim: autoDraw = True
124.7543 	EXP 	window1: mouseVisible = True
