8.8782 	WARNING 	ExperimentHandler created with no dataFileName parameter. No data will be saved in the event of a crash
8.8896 	WARNING 	Requested an unavailable screen number - using first available.
8.8909 	WARNING 	User requested fullscreen with size [800 600], but screen is actually [1512, 982]. Using actual size
10.0072 	WARNING 	Couldn't measure a consistent frame rate!
  - Is your graphics card set to sync to vertical blank?
  - Are you running other processes on your computer?

10.0076 	EXP 	Created window1 = Window(allowGUI=True, allowStencil=False, autoLog=True, backendConf=UNKNOWN, backgroundFit=<method-wrapper '__getattribute__' of attributeSetter object at 0x7fbb5a82a100>, backgroundImage=<method-wrapper '__getattribute__' of attributeSetter object at 0x7fbb5a82a0a0>, bitsMode=UNKNOWN, blendMode='avg', bpc=(8, 8, 8), color=array([-1, -1, -1]), colorSpace='rgb', depthBits=8, fullscr=<method-wrapper '__getattribute__' of attributeSetter object at 0x7fbb5a828e50>, gamma=None, gammaErrorPolicy='raise', infoMsg=UNKNOWN, lms=UNKNOWN, monitor=<psychopy.monitors.calibTools.Monitor object at 0x7fbaf00b6940>, multiSample=False, name='window1', numSamples=2, pos=[378.0, 245.5], screen=1, size=array([3024, 1964]), stencilBits=0, stereo=False, title='PsychoPy', units='deg', useFBO=False, useRetina=True, viewOri=0.0, viewPos=None, viewScale=None, waitBlanking=True, winType='pyglet')
10.0076 	EXP 	window1: backgroundImage = None
10.0076 	EXP 	window1: backgroundFit = 'cover'
10.0081 	EXP 	window1: mouseVisible = <method-wrapper '__getattribute__' of attributeSetter object at 0x7fbb5a82a220>
10.0349 	EXP 	Created unnamed TextStim = TextStim(__class__=<class 'psychopy.visual.text.TextStim'>, alignHoriz=method-wrapper(...), alignText='center', alignVert=method-wrapper(...), anchorHoriz='center', anchorVert='center', antialias=True, autoDraw=False, autoLog=True, bold=True, color=array([1., 1., 1.]), colorSpace='rgb', contrast=1.0, depth=0, draggable=False, flipHoriz=False, flipVert=False, font='Geneva', fontFiles=[], height=0.5, italic=False, languageStyle='LTR', name='unnamed TextStim', opacity=1.0, ori=0.0, pos=array([0., 0.]), rgb=UNKNOWN, text='+', units='deg', win=Window(...), wrapWidth=15.0)
10.0350 	EXP 	window1: mouseVisible = <method-wrapper '__getattribute__' of attributeSetter object at 0x7fbb5a82a220>
10.0409 	EXP 	Created unnamed TextStim = TextStim(__class__=<class 'psychopy.visual.text.TextStim'>, alignHoriz=method-wrapper(...), alignText='center', alignVert=method-wrapper(...), anchorHoriz='center', anchorVert='center', antialias=True, autoDraw=False, autoLog=True, bold=True, color=array([1., 1., 1.]), colorSpace='rgb', contrast=1.0, depth=0, draggable=False, flipHoriz=False, flipVert=False, font='Geneva', fontFiles=[], height=0.4, italic=False, languageStyle='LTR', name='unnamed TextStim', opacity=1.0, ori=0.0, pos=array([0. , 0.7]), rgb=UNKNOWN, text='Hello World', units='deg', win=Window(...), wrapWidth=15.0)
10.0410 	EXP 	window1: mouseVisible = <method-wrapper '__getattribute__' of attributeSetter object at 0x7fbb5a82a220>
10.0458 	EXP 	Created unnamed TextStim = TextStim(__class__=<class 'psychopy.visual.text.TextStim'>, alignHoriz=method-wrapper(...), alignText='center', alignVert=method-wrapper(...), anchorHoriz='center', anchorVert='center', antialias=True, autoDraw=False, autoLog=True, bold=True, color=array([1., 1., 1.]), colorSpace='rgb', contrast=1.0, depth=0, draggable=False, flipHoriz=False, flipVert=False, font='Geneva', fontFiles=[], height=0.7, italic=False, languageStyle='LTR', name='unnamed TextStim', opacity=1.0, ori=0.0, pos=array([0. , 0.7]), rgb=UNKNOWN, text='Hello World', units='deg', win=Window(...), wrapWidth=15.0)
10.0459 	EXP 	window1: mouseVisible = <method-wrapper '__getattribute__' of attributeSetter object at 0x7fbb5a82a220>
10.0477 	EXP 	Created unnamed TextStim = TextStim(__class__=<class 'psychopy.visual.text.TextStim'>, alignHoriz=method-wrapper(...), alignText='center', alignVert=method-wrapper(...), anchorHoriz='center', anchorVert='center', antialias=True, autoDraw=False, autoLog=True, bold=True, color=array([1., 1., 1.]), colorSpace='rgb', contrast=1.0, depth=0, draggable=False, flipHoriz=False, flipVert=False, font='Geneva', fontFiles=[], height=0.7, italic=False, languageStyle='LTR', name='unnamed TextStim', opacity=1.0, ori=0.0, pos=array([ 0. , -0.7]), rgb=UNKNOWN, text='Hello World', units='deg', win=Window(...), wrapWidth=15.0)
10.0493 	EXP 	window1: mouseVisible = False
10.0859 	WARNING 	t of last frame was 78.82ms (=1/12)
10.0859 	EXP 	unnamed TextStim: height = 0.4
10.0859 	EXP 	unnamed TextStim: height = 0.4
10.0859 	EXP 	unnamed TextStim: height = 0.4
10.0859 	EXP 	unnamed TextStim: text = 'IN THE FOLLOWING TASK, YOU WILL BE ASKED TO RATE ONE OF THREE TYPES OF JUDGMENTS FOR DIFFERENT WORDS:\n\nSELF: DOES THIS WORD DESCRIBE YOU? \nOBAMA: DOES THIS WORD DESCRIBE FORMER U.S. PRESIDENT BARACK OBAMA?\nUPPERCASE: IS THIS WORD PRINTED IN UPPERCASE LETTERS?\n\nFOR EACH ITEM, PLEASE RESPOND WITH YES [left pointer finger] OR NO [right pointer finger].\nPLEASE KEEP YOUR EYES ON THE CENTRAL FIXATION POINT DURING THE TASK.\n\nIF THE NEXT TRIAL COMES UP AND YOU HAVE NOT YET RESPONDED TO THE PREVIOUS TRIAL,\nTHAT IS OKAY, JUST SKIP IT AND MOVE ONTO THE NEXT ONE.\n\nREADY?'
10.7393 	DATA 	Keypress: space
11.2671 	WARNING 	t of last frame was 1181.18ms (=1/0)
11.2671 	EXP 	unnamed TextStim: height = 0.7
11.2671 	EXP 	unnamed TextStim: height = 0.7
11.2671 	EXP 	unnamed TextStim: height = 0.7
11.2671 	EXP 	unnamed TextStim: text = 'SELF'
11.2671 	EXP 	unnamed TextStim: height = 0.7
11.2671 	EXP 	unnamed TextStim: height = 0.7
11.2671 	EXP 	unnamed TextStim: height = 0.7
11.2671 	EXP 	unnamed TextStim: text = 'lucky'
11.2671 	EXP 	unnamed TextStim: autoDraw = True
13.2674 	DATA 	No keypress (maxWait exceeded)
13.2773 	WARNING 	t of last frame was 2010.15ms (=1/0)
13.2773 	EXP 	unnamed TextStim: autoDraw = True
14.0442 	WARNING 	t of last frame was 766.90ms (=1/1)
14.0442 	EXP 	unnamed TextStim: height = 0.7
14.0442 	EXP 	unnamed TextStim: height = 0.7
14.0442 	EXP 	unnamed TextStim: height = 0.7
14.0442 	EXP 	unnamed TextStim: text = 'UPPERCASE'
14.0442 	EXP 	unnamed TextStim: height = 0.7
14.0442 	EXP 	unnamed TextStim: height = 0.7
14.0442 	EXP 	unnamed TextStim: height = 0.7
14.0442 	EXP 	unnamed TextStim: text = 'SMUG'
14.0442 	EXP 	unnamed TextStim: autoDraw = True
16.0443 	DATA 	No keypress (maxWait exceeded)
16.0550 	WARNING 	Multiple dropped frames have occurred - I'll stop bothering you about them!
16.0550 	EXP 	unnamed TextStim: autoDraw = True
17.7507 	EXP 	unnamed TextStim: text = 'UPPERCASE'
17.7507 	EXP 	unnamed TextStim: height = 0.7
17.7507 	EXP 	unnamed TextStim: height = 0.7
17.7507 	EXP 	unnamed TextStim: height = 0.7
17.7507 	EXP 	unnamed TextStim: text = 'noisy'
17.7507 	EXP 	unnamed TextStim: autoDraw = True
19.7509 	DATA 	No keypress (maxWait exceeded)
19.7652 	EXP 	unnamed TextStim: autoDraw = True
21.4513 	EXP 	unnamed TextStim: height = 0.7
21.4513 	EXP 	unnamed TextStim: height = 0.7
21.4513 	EXP 	unnamed TextStim: height = 0.7
21.4513 	EXP 	unnamed TextStim: text = 'OBAMA'
21.4513 	EXP 	unnamed TextStim: height = 0.7
21.4513 	EXP 	unnamed TextStim: height = 0.7
21.4513 	EXP 	unnamed TextStim: height = 0.7
21.4513 	EXP 	unnamed TextStim: text = 'spiteful'
21.4513 	EXP 	unnamed TextStim: autoDraw = True
23.4517 	DATA 	No keypress (maxWait exceeded)
23.4617 	EXP 	unnamed TextStim: autoDraw = True
26.7575 	EXP 	unnamed TextStim: height = 0.7
26.7575 	EXP 	unnamed TextStim: height = 0.7
26.7575 	EXP 	unnamed TextStim: height = 0.7
26.7575 	EXP 	unnamed TextStim: text = 'SELF'
26.7575 	EXP 	unnamed TextStim: height = 0.7
26.7575 	EXP 	unnamed TextStim: height = 0.7
26.7575 	EXP 	unnamed TextStim: height = 0.7
26.7575 	EXP 	unnamed TextStim: text = 'foolish'
26.7575 	EXP 	unnamed TextStim: autoDraw = True
28.7577 	DATA 	No keypress (maxWait exceeded)
28.7719 	EXP 	unnamed TextStim: autoDraw = True
29.1432 	EXP 	unnamed TextStim: height = 0.7
29.1432 	EXP 	unnamed TextStim: height = 0.7
29.1432 	EXP 	unnamed TextStim: height = 0.7
29.1432 	EXP 	unnamed TextStim: text = 'UPPERCASE'
29.1432 	EXP 	unnamed TextStim: height = 0.7
29.1432 	EXP 	unnamed TextStim: height = 0.7
29.1432 	EXP 	unnamed TextStim: height = 0.7
29.1432 	EXP 	unnamed TextStim: text = 'loyal'
29.1432 	EXP 	unnamed TextStim: autoDraw = True
31.1434 	DATA 	No keypress (maxWait exceeded)
31.1541 	EXP 	unnamed TextStim: autoDraw = True
31.8439 	EXP 	unnamed TextStim: text = 'UPPERCASE'
31.8439 	EXP 	unnamed TextStim: height = 0.7
31.8439 	EXP 	unnamed TextStim: height = 0.7
31.8439 	EXP 	unnamed TextStim: height = 0.7
31.8439 	EXP 	unnamed TextStim: text = 'candid'
31.8439 	EXP 	unnamed TextStim: autoDraw = True
33.8440 	DATA 	No keypress (maxWait exceeded)
33.8575 	EXP 	unnamed TextStim: autoDraw = True
33.9425 	EXP 	unnamed TextStim: text = 'UPPERCASE'
33.9425 	EXP 	unnamed TextStim: height = 0.7
33.9425 	EXP 	unnamed TextStim: height = 0.7
33.9425 	EXP 	unnamed TextStim: height = 0.7
33.9425 	EXP 	unnamed TextStim: text = 'BLUNT'
33.9425 	EXP 	unnamed TextStim: autoDraw = True
35.9427 	DATA 	No keypress (maxWait exceeded)
35.9534 	EXP 	unnamed TextStim: autoDraw = True
38.0518 	EXP 	unnamed TextStim: text = 'UPPERCASE'
38.0518 	EXP 	unnamed TextStim: height = 0.7
38.0518 	EXP 	unnamed TextStim: height = 0.7
38.0518 	EXP 	unnamed TextStim: height = 0.7
38.0518 	EXP 	unnamed TextStim: text = 'refined'
38.0518 	EXP 	unnamed TextStim: autoDraw = True
40.0521 	DATA 	No keypress (maxWait exceeded)
40.0650 	EXP 	unnamed TextStim: autoDraw = True
41.6515 	EXP 	unnamed TextStim: height = 0.7
41.6515 	EXP 	unnamed TextStim: height = 0.7
41.6515 	EXP 	unnamed TextStim: height = 0.7
41.6515 	EXP 	unnamed TextStim: text = 'SELF'
41.6515 	EXP 	unnamed TextStim: height = 0.7
41.6515 	EXP 	unnamed TextStim: height = 0.7
41.6515 	EXP 	unnamed TextStim: height = 0.7
41.6515 	EXP 	unnamed TextStim: text = 'nice'
41.6515 	EXP 	unnamed TextStim: autoDraw = True
43.6521 	DATA 	No keypress (maxWait exceeded)
43.6653 	EXP 	unnamed TextStim: autoDraw = True
45.2521 	EXP 	unnamed TextStim: height = 0.7
45.2521 	EXP 	unnamed TextStim: height = 0.7
45.2521 	EXP 	unnamed TextStim: height = 0.7
45.2521 	EXP 	unnamed TextStim: text = 'OBAMA'
45.2521 	EXP 	unnamed TextStim: height = 0.7
45.2521 	EXP 	unnamed TextStim: height = 0.7
45.2521 	EXP 	unnamed TextStim: height = 0.7
45.2521 	EXP 	unnamed TextStim: text = 'gentle'
45.2521 	EXP 	unnamed TextStim: autoDraw = True
47.2522 	DATA 	No keypress (maxWait exceeded)
47.2626 	EXP 	unnamed TextStim: autoDraw = True
51.3557 	EXP 	unnamed TextStim: height = 0.7
51.3557 	EXP 	unnamed TextStim: height = 0.7
51.3557 	EXP 	unnamed TextStim: height = 0.7
51.3557 	EXP 	unnamed TextStim: text = 'UPPERCASE'
51.3557 	EXP 	unnamed TextStim: height = 0.7
51.3557 	EXP 	unnamed TextStim: height = 0.7
51.3557 	EXP 	unnamed TextStim: height = 0.7
51.3557 	EXP 	unnamed TextStim: text = 'GOOD'
51.3557 	EXP 	unnamed TextStim: autoDraw = True
53.3562 	DATA 	No keypress (maxWait exceeded)
53.3663 	EXP 	unnamed TextStim: autoDraw = True
55.8569 	EXP 	unnamed TextStim: height = 0.7
55.8569 	EXP 	unnamed TextStim: height = 0.7
55.8569 	EXP 	unnamed TextStim: height = 0.7
55.8569 	EXP 	unnamed TextStim: text = 'SELF'
55.8569 	EXP 	unnamed TextStim: height = 0.7
55.8569 	EXP 	unnamed TextStim: height = 0.7
55.8569 	EXP 	unnamed TextStim: height = 0.7
55.8569 	EXP 	unnamed TextStim: text = 'cruel'
55.8569 	EXP 	unnamed TextStim: autoDraw = True
57.8572 	DATA 	No keypress (maxWait exceeded)
57.8671 	EXP 	unnamed TextStim: autoDraw = True
59.2503 	EXP 	unnamed TextStim: text = 'SELF'
59.2503 	EXP 	unnamed TextStim: height = 0.7
59.2503 	EXP 	unnamed TextStim: height = 0.7
59.2503 	EXP 	unnamed TextStim: height = 0.7
59.2503 	EXP 	unnamed TextStim: text = 'stern'
59.2503 	EXP 	unnamed TextStim: autoDraw = True
61.2506 	DATA 	No keypress (maxWait exceeded)
61.2618 	EXP 	unnamed TextStim: autoDraw = True
61.5432 	EXP 	unnamed TextStim: height = 0.7
61.5432 	EXP 	unnamed TextStim: height = 0.7
61.5432 	EXP 	unnamed TextStim: height = 0.7
61.5432 	EXP 	unnamed TextStim: text = 'OBAMA'
61.5432 	EXP 	unnamed TextStim: height = 0.7
61.5432 	EXP 	unnamed TextStim: height = 0.7
61.5432 	EXP 	unnamed TextStim: height = 0.7
61.5432 	EXP 	unnamed TextStim: text = 'prideful'
61.5432 	EXP 	unnamed TextStim: autoDraw = True
63.5436 	DATA 	No keypress (maxWait exceeded)
63.5535 	EXP 	unnamed TextStim: autoDraw = True
66.3530 	EXP 	unnamed TextStim: height = 0.7
66.3530 	EXP 	unnamed TextStim: height = 0.7
66.3530 	EXP 	unnamed TextStim: height = 0.7
66.3530 	EXP 	unnamed TextStim: text = 'UPPERCASE'
66.3530 	EXP 	unnamed TextStim: height = 0.7
66.3530 	EXP 	unnamed TextStim: height = 0.7
66.3530 	EXP 	unnamed TextStim: height = 0.7
66.3530 	EXP 	unnamed TextStim: text = 'angry'
66.3530 	EXP 	unnamed TextStim: autoDraw = True
68.3532 	DATA 	No keypress (maxWait exceeded)
68.3638 	EXP 	unnamed TextStim: autoDraw = True
69.8511 	EXP 	unnamed TextStim: text = 'UPPERCASE'
69.8511 	EXP 	unnamed TextStim: height = 0.7
69.8511 	EXP 	unnamed TextStim: height = 0.7
69.8511 	EXP 	unnamed TextStim: height = 0.7
69.8511 	EXP 	unnamed TextStim: text = 'DIRECT'
69.8511 	EXP 	unnamed TextStim: autoDraw = True
71.8513 	DATA 	No keypress (maxWait exceeded)
71.8607 	EXP 	unnamed TextStim: autoDraw = True
76.4573 	EXP 	unnamed TextStim: height = 0.7
76.4573 	EXP 	unnamed TextStim: height = 0.7
76.4573 	EXP 	unnamed TextStim: height = 0.7
76.4573 	EXP 	unnamed TextStim: text = 'SELF'
76.4573 	EXP 	unnamed TextStim: height = 0.7
76.4573 	EXP 	unnamed TextStim: height = 0.7
76.4573 	EXP 	unnamed TextStim: height = 0.7
76.4573 	EXP 	unnamed TextStim: text = 'tactful'
76.4573 	EXP 	unnamed TextStim: autoDraw = True
78.4576 	DATA 	No keypress (maxWait exceeded)
78.4680 	EXP 	unnamed TextStim: autoDraw = True
78.8445 	EXP 	unnamed TextStim: height = 0.7
78.8445 	EXP 	unnamed TextStim: height = 0.7
78.8445 	EXP 	unnamed TextStim: height = 0.7
78.8445 	EXP 	unnamed TextStim: text = 'OBAMA'
78.8445 	EXP 	unnamed TextStim: height = 0.7
78.8445 	EXP 	unnamed TextStim: height = 0.7
78.8445 	EXP 	unnamed TextStim: height = 0.7
78.8445 	EXP 	unnamed TextStim: text = 'quick'
78.8445 	EXP 	unnamed TextStim: autoDraw = True
80.8447 	DATA 	No keypress (maxWait exceeded)
80.8588 	EXP 	unnamed TextStim: autoDraw = True
81.5436 	EXP 	unnamed TextStim: height = 0.7
81.5436 	EXP 	unnamed TextStim: height = 0.7
81.5436 	EXP 	unnamed TextStim: height = 0.7
81.5436 	EXP 	unnamed TextStim: text = 'SELF'
81.5436 	EXP 	unnamed TextStim: height = 0.7
81.5436 	EXP 	unnamed TextStim: height = 0.7
81.5436 	EXP 	unnamed TextStim: height = 0.7
81.5436 	EXP 	unnamed TextStim: text = 'clean'
81.5436 	EXP 	unnamed TextStim: autoDraw = True
83.5441 	DATA 	No keypress (maxWait exceeded)
83.5543 	EXP 	unnamed TextStim: autoDraw = True
85.0506 	EXP 	unnamed TextStim: height = 0.7
85.0506 	EXP 	unnamed TextStim: height = 0.7
85.0506 	EXP 	unnamed TextStim: height = 0.7
85.0506 	EXP 	unnamed TextStim: text = 'OBAMA'
85.0506 	EXP 	unnamed TextStim: height = 0.7
85.0506 	EXP 	unnamed TextStim: height = 0.7
85.0506 	EXP 	unnamed TextStim: height = 0.7
85.0506 	EXP 	unnamed TextStim: text = 'tough'
85.0506 	EXP 	unnamed TextStim: autoDraw = True
87.0509 	DATA 	No keypress (maxWait exceeded)
87.0618 	EXP 	unnamed TextStim: autoDraw = True
88.2512 	EXP 	unnamed TextStim: text = 'OBAMA'
88.2512 	EXP 	unnamed TextStim: height = 0.7
88.2512 	EXP 	unnamed TextStim: height = 0.7
88.2512 	EXP 	unnamed TextStim: height = 0.7
88.2512 	EXP 	unnamed TextStim: text = 'loud-mouthed'
88.2512 	EXP 	unnamed TextStim: autoDraw = True
90.2514 	DATA 	No keypress (maxWait exceeded)
90.2612 	EXP 	unnamed TextStim: autoDraw = True
91.6513 	EXP 	unnamed TextStim: text = 'OBAMA'
91.6513 	EXP 	unnamed TextStim: height = 0.7
91.6513 	EXP 	unnamed TextStim: height = 0.7
91.6513 	EXP 	unnamed TextStim: height = 0.7
91.6513 	EXP 	unnamed TextStim: text = 'cheerful'
91.6513 	EXP 	unnamed TextStim: autoDraw = True
93.6518 	DATA 	No keypress (maxWait exceeded)
93.6617 	EXP 	unnamed TextStim: autoDraw = True
97.8574 	EXP 	unnamed TextStim: height = 0.7
97.8574 	EXP 	unnamed TextStim: height = 0.7
97.8574 	EXP 	unnamed TextStim: height = 0.7
97.8574 	EXP 	unnamed TextStim: text = 'SELF'
97.8574 	EXP 	unnamed TextStim: height = 0.7
97.8574 	EXP 	unnamed TextStim: height = 0.7
97.8574 	EXP 	unnamed TextStim: height = 0.7
97.8574 	EXP 	unnamed TextStim: text = 'careless'
97.8574 	EXP 	unnamed TextStim: autoDraw = True
99.8577 	DATA 	No keypress (maxWait exceeded)
99.8674 	EXP 	unnamed TextStim: autoDraw = True
102.2522 	EXP 	unnamed TextStim: height = 0.7
102.2522 	EXP 	unnamed TextStim: height = 0.7
102.2522 	EXP 	unnamed TextStim: height = 0.7
102.2522 	EXP 	unnamed TextStim: text = 'OBAMA'
102.2522 	EXP 	unnamed TextStim: height = 0.7
102.2522 	EXP 	unnamed TextStim: height = 0.7
102.2522 	EXP 	unnamed TextStim: height = 0.7
102.2522 	EXP 	unnamed TextStim: text = 'wise'
102.2522 	EXP 	unnamed TextStim: autoDraw = True
104.2527 	DATA 	No keypress (maxWait exceeded)
104.2622 	EXP 	unnamed TextStim: autoDraw = True
108.0568 	EXP 	unnamed TextStim: height = 0.7
108.0568 	EXP 	unnamed TextStim: height = 0.7
108.0568 	EXP 	unnamed TextStim: height = 0.7
108.0568 	EXP 	unnamed TextStim: text = 'SELF'
108.0568 	EXP 	unnamed TextStim: height = 0.7
108.0568 	EXP 	unnamed TextStim: height = 0.7
108.0568 	EXP 	unnamed TextStim: height = 0.7
108.0568 	EXP 	unnamed TextStim: text = 'subtle'
108.0568 	EXP 	unnamed TextStim: autoDraw = True
110.0570 	DATA 	No keypress (maxWait exceeded)
110.0668 	EXP 	unnamed TextStim: autoDraw = True
111.0447 	EXP 	unnamed TextStim: height = 0.7
111.0447 	EXP 	unnamed TextStim: height = 0.7
111.0447 	EXP 	unnamed TextStim: height = 0.7
111.0447 	EXP 	unnamed TextStim: text = 'OBAMA'
111.0447 	EXP 	unnamed TextStim: height = 0.7
111.0447 	EXP 	unnamed TextStim: height = 0.7
111.0447 	EXP 	unnamed TextStim: height = 0.7
111.0447 	EXP 	unnamed TextStim: text = 'weak'
111.0447 	EXP 	unnamed TextStim: autoDraw = True
113.0449 	DATA 	No keypress (maxWait exceeded)
113.0544 	EXP 	unnamed TextStim: autoDraw = True
