9.4379 	WARNING 	ExperimentHandler created with no dataFileName parameter. No data will be saved in the event of a crash
9.4424 	WARNING 	User requested fullscreen with size [800 600], but screen is actually [1512, 982]. Using actual size
10.5391 	WARNING 	Couldn't measure a consistent frame rate!
  - Is your graphics card set to sync to vertical blank?
  - Are you running other processes on your computer?

10.5394 	EXP 	Created window1 = Window(allowGUI=True, allowStencil=False, autoLog=True, backendConf=UNKNOWN, backgroundFit=<method-wrapper '__getattribute__' of attributeSetter object at 0x16de3b760>, backgroundImage=<method-wrapper '__getattribute__' of attributeSetter object at 0x16de3b700>, bitsMode=UNKNOWN, blendMode='avg', bpc=(8, 8, 8), color=array([-1, -1, -1]), colorSpace='rgb', depthBits=8, fullscr=<method-wrapper '__getattribute__' of attributeSetter object at 0x16de3b550>, gamma=None, gammaErrorPolicy='raise', infoMsg=UNKNOWN, lms=UNKNOWN, monitor=<psychopy.monitors.calibTools.Monitor object at 0x16dbe3790>, multiSample=False, name='window1', numSamples=2, pos=[378.0, 245.5], screen=0, size=array([3024, 1964]), stencilBits=0, stereo=False, title='PsychoPy', units='deg', useFBO=False, useRetina=True, viewOri=0.0, viewPos=None, viewScale=None, waitBlanking=True, winType='pyglet')
10.5396 	EXP 	window1: mouseVisible = True
10.5396 	EXP 	window1: backgroundImage = None
10.5397 	EXP 	window1: backgroundFit = 'cover'
10.5402 	EXP 	window1: mouseVisible = True
10.5640 	EXP 	Created unnamed TextStim = TextStim(__class__=<class 'psychopy.visual.text.TextStim'>, alignHoriz=method-wrapper(...), alignText='center', alignVert=method-wrapper(...), anchorHoriz='center', anchorVert='center', antialias=True, autoDraw=False, autoLog=True, bold=True, color=array([1., 1., 1.]), colorSpace='rgb', contrast=1.0, depth=0, draggable=False, flipHoriz=False, flipVert=False, font='Geneva', fontFiles=[], height=0.5, italic=False, languageStyle='LTR', name='unnamed TextStim', opacity=1.0, ori=0.0, pos=array([0., 0.]), rgb=UNKNOWN, text='+', units='deg', win=Window(...), wrapWidth=15.0)
10.5642 	EXP 	window1: mouseVisible = True
10.5688 	EXP 	Created unnamed TextStim = TextStim(__class__=<class 'psychopy.visual.text.TextStim'>, alignHoriz=method-wrapper(...), alignText='center', alignVert=method-wrapper(...), anchorHoriz='center', anchorVert='center', antialias=True, autoDraw=False, autoLog=True, bold=True, color=array([1., 1., 1.]), colorSpace='rgb', contrast=1.0, depth=0, draggable=False, flipHoriz=False, flipVert=False, font='Geneva', fontFiles=[], height=0.7, italic=False, languageStyle='LTR', name='unnamed TextStim', opacity=1.0, ori=0.0, pos=array([0. , 0.7]), rgb=UNKNOWN, text='Hello World', units='deg', win=Window(...), wrapWidth=15.0)
10.5688 	EXP 	window1: mouseVisible = True
10.5702 	EXP 	Created unnamed TextStim = TextStim(__class__=<class 'psychopy.visual.text.TextStim'>, alignHoriz=method-wrapper(...), alignText='center', alignVert=method-wrapper(...), anchorHoriz='center', anchorVert='center', antialias=True, autoDraw=False, autoLog=True, bold=True, color=array([1., 1., 1.]), colorSpace='rgb', contrast=1.0, depth=0, draggable=False, flipHoriz=False, flipVert=False, font='Geneva', fontFiles=[], height=0.7, italic=False, languageStyle='LTR', name='unnamed TextStim', opacity=1.0, ori=0.0, pos=array([ 0. , -0.7]), rgb=UNKNOWN, text='Hello World', units='deg', win=Window(...), wrapWidth=15.0)
10.5710 	EXP 	window1: mouseVisible = False
10.5981 	WARNING 	t of last frame was 59.18ms (=1/16)
10.5981 	EXP 	unnamed TextStim: height = 0.7
10.5981 	EXP 	unnamed TextStim: height = 0.7
10.5981 	EXP 	unnamed TextStim: height = 0.7
10.5981 	EXP 	unnamed TextStim: text = "\nIN THE FOLLOWING TASK, YOU WILL BE ASKED TO RATE ONE OF THREE TYPES OF JUDGMENTS FOR DIFFERENT WORDS:\n\nSELF: DOES THIS WORD DESCRIBE YOU?\nOBAMA: DOES THIS WORD DESCRIBE FORMER U.S. PRESIDENT BARACK OBAMA?\nUPPERCASE: IS THIS WORD PRINTED IN UPPERCASE LETTERS?\n\nFOR EACH ITEM, PLEASE RESPOND WITH YES [1] OR NO [2] ON YOUR RESPONSE BOX. PLEASE KEEP YOUR EYES ON THE CENTRAL FIXATION POINT DURING THE TASK. IF THE NEXT TRIAL COMES UP AND YOU HAVE NOT YET RESPONDED TO THE PREVIOUS TRIAL, THAT'S OKAY, JUST SKIP IT AND MOVE ONTO THE NEXT ONE. \n\nREADY?"
14.0715 	DATA 	Keypress: 1
14.0936 	WARNING 	t of last frame was 3495.46ms (=1/0)
14.0936 	EXP 	unnamed TextStim: height = 0.7
14.0936 	EXP 	unnamed TextStim: height = 0.7
14.0936 	EXP 	unnamed TextStim: height = 0.7
14.0936 	EXP 	unnamed TextStim: text = 'SELF'
14.0936 	EXP 	unnamed TextStim: height = 0.7
14.0936 	EXP 	unnamed TextStim: height = 0.7
14.0936 	EXP 	unnamed TextStim: height = 0.7
14.0936 	EXP 	unnamed TextStim: text = 'HESITANT'
16.5937 	DATA 	No keypress (maxWait exceeded)
16.6066 	WARNING 	t of last frame was 2513.06ms (=1/0)
16.6066 	EXP 	unnamed TextStim: autoDraw = True
16.6169 	EXP 	unnamed TextStim: autoDraw = False
16.6169 	EXP 	unnamed TextStim: height = 0.7
16.6169 	EXP 	unnamed TextStim: height = 0.7
16.6169 	EXP 	unnamed TextStim: height = 0.7
16.6169 	EXP 	unnamed TextStim: text = ''
16.6169 	EXP 	unnamed TextStim: height = 0.7
16.6169 	EXP 	unnamed TextStim: height = 0.7
16.6169 	EXP 	unnamed TextStim: height = 0.7
16.6169 	EXP 	unnamed TextStim: text = ''
16.8841 	DATA 	Keypress: 1
16.8867 	WARNING 	t of last frame was 269.77ms (=1/3)
16.8867 	EXP 	unnamed TextStim: autoDraw = True
19.0793 	WARNING 	Multiple dropped frames have occurred - I'll stop bothering you about them!
19.0793 	EXP 	unnamed TextStim: autoDraw = False
19.0793 	EXP 	unnamed TextStim: height = 0.7
19.0793 	EXP 	unnamed TextStim: height = 0.7
19.0793 	EXP 	unnamed TextStim: height = 0.7
19.0793 	EXP 	unnamed TextStim: text = 'SELF'
19.0793 	EXP 	unnamed TextStim: height = 0.7
19.0793 	EXP 	unnamed TextStim: height = 0.7
19.0793 	EXP 	unnamed TextStim: height = 0.7
19.0793 	EXP 	unnamed TextStim: text = 'IRRESPONSIBLE'
19.7953 	DATA 	Keypress: 2
19.7975 	EXP 	unnamed TextStim: autoDraw = True
21.5434 	EXP 	unnamed TextStim: autoDraw = False
21.5434 	EXP 	unnamed TextStim: height = 0.7
21.5434 	EXP 	unnamed TextStim: height = 0.7
21.5434 	EXP 	unnamed TextStim: height = 0.7
21.5434 	EXP 	unnamed TextStim: text = 'UPPERCASE'
21.5434 	EXP 	unnamed TextStim: height = 0.7
21.5434 	EXP 	unnamed TextStim: height = 0.7
21.5434 	EXP 	unnamed TextStim: height = 0.7
21.5434 	EXP 	unnamed TextStim: text = 'RATIONAL'
22.8221 	DATA 	Keypress: 1
22.8330 	EXP 	unnamed TextStim: autoDraw = True
24.0038 	EXP 	unnamed TextStim: autoDraw = False
24.0038 	EXP 	unnamed TextStim: height = 0.7
24.0038 	EXP 	unnamed TextStim: height = 0.7
24.0038 	EXP 	unnamed TextStim: height = 0.7
24.0038 	EXP 	unnamed TextStim: text = 'SELF'
24.0038 	EXP 	unnamed TextStim: height = 0.7
24.0038 	EXP 	unnamed TextStim: height = 0.7
24.0038 	EXP 	unnamed TextStim: height = 0.7
24.0038 	EXP 	unnamed TextStim: text = 'TRUTHFUL'
24.6940 	DATA 	Keypress: 2
24.6961 	EXP 	unnamed TextStim: autoDraw = True
26.4671 	EXP 	unnamed TextStim: autoDraw = False
26.4671 	EXP 	unnamed TextStim: height = 0.7
26.4671 	EXP 	unnamed TextStim: height = 0.7
26.4671 	EXP 	unnamed TextStim: height = 0.7
26.4671 	EXP 	unnamed TextStim: text = ''
26.4671 	EXP 	unnamed TextStim: height = 0.7
26.4671 	EXP 	unnamed TextStim: height = 0.7
26.4671 	EXP 	unnamed TextStim: height = 0.7
26.4671 	EXP 	unnamed TextStim: text = ''
28.9673 	DATA 	No keypress (maxWait exceeded)
28.9767 	EXP 	unnamed TextStim: autoDraw = True
28.9861 	EXP 	unnamed TextStim: autoDraw = False
28.9861 	EXP 	unnamed TextStim: height = 0.7
28.9861 	EXP 	unnamed TextStim: height = 0.7
28.9861 	EXP 	unnamed TextStim: height = 0.7
28.9861 	EXP 	unnamed TextStim: text = 'OBAMA'
28.9861 	EXP 	unnamed TextStim: height = 0.7
28.9861 	EXP 	unnamed TextStim: height = 0.7
28.9861 	EXP 	unnamed TextStim: height = 0.7
28.9861 	EXP 	unnamed TextStim: text = 'UNAPPRECIATIVE'
29.7536 	DATA 	Keypress: 1
29.7562 	EXP 	unnamed TextStim: autoDraw = True
31.4465 	EXP 	unnamed TextStim: autoDraw = False
31.4465 	EXP 	unnamed TextStim: height = 0.7
31.4465 	EXP 	unnamed TextStim: height = 0.7
31.4465 	EXP 	unnamed TextStim: height = 0.7
31.4465 	EXP 	unnamed TextStim: text = 'SELF'
31.4465 	EXP 	unnamed TextStim: height = 0.7
31.4465 	EXP 	unnamed TextStim: height = 0.7
31.4465 	EXP 	unnamed TextStim: height = 0.7
31.4465 	EXP 	unnamed TextStim: text = 'SUAVE'
32.6110 	DATA 	Keypress: 1
32.6132 	EXP 	unnamed TextStim: autoDraw = True
33.4908 	DATA 	Keypress: escape
33.9060 	EXP 	unnamed TextStim: autoDraw = False
33.9060 	EXP 	unnamed TextStim: height = 0.7
33.9060 	EXP 	unnamed TextStim: height = 0.7
33.9060 	EXP 	unnamed TextStim: height = 0.7
33.9060 	EXP 	unnamed TextStim: text = ''
33.9060 	EXP 	unnamed TextStim: height = 0.7
33.9060 	EXP 	unnamed TextStim: height = 0.7
33.9060 	EXP 	unnamed TextStim: height = 0.7
33.9060 	EXP 	unnamed TextStim: text = ''
34.7831 	DATA 	Keypress: escape
35.0201 	EXP 	window1: mouseVisible = True
