11.7447 	WARNING 	ExperimentHandler created with no dataFileName parameter. No data will be saved in the event of a crash
11.7562 	WARNING 	Requested an unavailable screen number - using first available.
11.7574 	WARNING 	User requested fullscreen with size [800 600], but screen is actually [1512, 982]. Using actual size
12.8742 	WARNING 	Couldn't measure a consistent frame rate!
  - Is your graphics card set to sync to vertical blank?
  - Are you running other processes on your computer?

12.8746 	EXP 	Created window1 = Window(allowGUI=True, allowStencil=False, autoLog=True, backendConf=UNKNOWN, backgroundFit=<method-wrapper '__getattribute__' of attributeSetter object at 0x7f99c142b310>, backgroundImage=<method-wrapper '__getattribute__' of attributeSetter object at 0x7f99c142b2b0>, bitsMode=UNKNOWN, blendMode='avg', bpc=(8, 8, 8), color=array([-1, -1, -1]), colorSpace='rgb', depthBits=8, fullscr=<method-wrapper '__getattribute__' of attributeSetter object at 0x7f99c142b100>, gamma=None, gammaErrorPolicy='raise', infoMsg=UNKNOWN, lms=UNKNOWN, monitor=<psychopy.monitors.calibTools.Monitor object at 0x7f99b13dfb50>, multiSample=False, name='window1', numSamples=2, pos=[378.0, 245.5], screen=1, size=array([3024, 1964]), stencilBits=0, stereo=False, title='PsychoPy', units='deg', useFBO=False, useRetina=True, viewOri=0.0, viewPos=None, viewScale=None, waitBlanking=True, winType='pyglet')
12.8746 	EXP 	window1: backgroundImage = None
12.8746 	EXP 	window1: backgroundFit = 'cover'
12.8751 	EXP 	window1: mouseVisible = <method-wrapper '__getattribute__' of attributeSetter object at 0x7f99c142b430>
12.8995 	EXP 	Created unnamed TextStim = TextStim(__class__=<class 'psychopy.visual.text.TextStim'>, alignHoriz=method-wrapper(...), alignText='center', alignVert=method-wrapper(...), anchorHoriz='center', anchorVert='center', antialias=True, autoDraw=False, autoLog=True, bold=True, color=array([1., 1., 1.]), colorSpace='rgb', contrast=1.0, depth=0, draggable=False, flipHoriz=False, flipVert=False, font='Geneva', fontFiles=[], height=0.5, italic=False, languageStyle='LTR', name='unnamed TextStim', opacity=1.0, ori=0.0, pos=array([0., 0.]), rgb=UNKNOWN, text='+', units='deg', win=Window(...), wrapWidth=15.0)
12.8996 	EXP 	window1: mouseVisible = <method-wrapper '__getattribute__' of attributeSetter object at 0x7f99c142b430>
12.9052 	EXP 	Created unnamed TextStim = TextStim(__class__=<class 'psychopy.visual.text.TextStim'>, alignHoriz=method-wrapper(...), alignText='center', alignVert=method-wrapper(...), anchorHoriz='center', anchorVert='center', antialias=True, autoDraw=False, autoLog=True, bold=True, color=array([1., 1., 1.]), colorSpace='rgb', contrast=1.0, depth=0, draggable=False, flipHoriz=False, flipVert=False, font='Geneva', fontFiles=[], height=0.4, italic=False, languageStyle='LTR', name='unnamed TextStim', opacity=1.0, ori=0.0, pos=array([0. , 0.7]), rgb=UNKNOWN, text='Hello World', units='deg', win=Window(...), wrapWidth=15.0)
12.9053 	EXP 	window1: mouseVisible = <method-wrapper '__getattribute__' of attributeSetter object at 0x7f99c142b430>
12.9104 	EXP 	Created unnamed TextStim = TextStim(__class__=<class 'psychopy.visual.text.TextStim'>, alignHoriz=method-wrapper(...), alignText='center', alignVert=method-wrapper(...), anchorHoriz='center', anchorVert='center', antialias=True, autoDraw=False, autoLog=True, bold=True, color=array([1., 1., 1.]), colorSpace='rgb', contrast=1.0, depth=0, draggable=False, flipHoriz=False, flipVert=False, font='Geneva', fontFiles=[], height=0.7, italic=False, languageStyle='LTR', name='unnamed TextStim', opacity=1.0, ori=0.0, pos=array([0. , 0.7]), rgb=UNKNOWN, text='Hello World', units='deg', win=Window(...), wrapWidth=15.0)
12.9105 	EXP 	window1: mouseVisible = <method-wrapper '__getattribute__' of attributeSetter object at 0x7f99c142b430>
12.9123 	EXP 	Created unnamed TextStim = TextStim(__class__=<class 'psychopy.visual.text.TextStim'>, alignHoriz=method-wrapper(...), alignText='center', alignVert=method-wrapper(...), anchorHoriz='center', anchorVert='center', antialias=True, autoDraw=False, autoLog=True, bold=True, color=array([1., 1., 1.]), colorSpace='rgb', contrast=1.0, depth=0, draggable=False, flipHoriz=False, flipVert=False, font='Geneva', fontFiles=[], height=0.7, italic=False, languageStyle='LTR', name='unnamed TextStim', opacity=1.0, ori=0.0, pos=array([ 0. , -0.7]), rgb=UNKNOWN, text='Hello World', units='deg', win=Window(...), wrapWidth=15.0)
12.9137 	EXP 	window1: mouseVisible = False
12.9475 	WARNING 	t of last frame was 73.36ms (=1/13)
12.9475 	EXP 	unnamed TextStim: height = 0.4
12.9475 	EXP 	unnamed TextStim: height = 0.4
12.9475 	EXP 	unnamed TextStim: height = 0.4
12.9475 	EXP 	unnamed TextStim: text = 'IN THE FOLLOWING TASK, YOU WILL BE ASKED TO RATE ONE OF THREE TYPES OF JUDGMENTS FOR DIFFERENT WORDS:\n\nSELF: DOES THIS WORD DESCRIBE YOU? \nOBAMA: DOES THIS WORD DESCRIBE FORMER U.S. PRESIDENT BARACK OBAMA?\nUPPERCASE: IS THIS WORD PRINTED IN UPPERCASE LETTERS?\n\nFOR EACH ITEM, PLEASE RESPOND WITH YES [left pointer finger] OR NO [right pointer finger].\nPLEASE KEEP YOUR EYES ON THE CENTRAL FIXATION POINT DURING THE TASK.\n\nIF THE NEXT TRIAL COMES UP AND YOU HAVE NOT YET RESPONDED TO THE PREVIOUS TRIAL,\nTHAT IS OKAY, JUST SKIP IT AND MOVE ONTO THE NEXT ONE.\n\nREADY?'
14.3572 	DATA 	Keypress: space
14.8856 	WARNING 	t of last frame was 1938.12ms (=1/0)
14.8856 	EXP 	unnamed TextStim: height = 0.7
14.8856 	EXP 	unnamed TextStim: height = 0.7
14.8856 	EXP 	unnamed TextStim: height = 0.7
14.8856 	EXP 	unnamed TextStim: text = 'SELF'
14.8856 	EXP 	unnamed TextStim: height = 0.7
14.8856 	EXP 	unnamed TextStim: height = 0.7
14.8856 	EXP 	unnamed TextStim: height = 0.7
14.8856 	EXP 	unnamed TextStim: text = 'stern'
14.8856 	EXP 	unnamed TextStim: autoDraw = True
16.8860 	DATA 	No keypress (maxWait exceeded)
16.8959 	WARNING 	t of last frame was 2010.28ms (=1/0)
16.8959 	EXP 	unnamed TextStim: autoDraw = True
17.6623 	DATA 	Keypress: j
17.6649 	WARNING 	t of last frame was 768.99ms (=1/1)
17.6649 	EXP 	unnamed TextStim: height = 0.7
17.6649 	EXP 	unnamed TextStim: height = 0.7
17.6649 	EXP 	unnamed TextStim: height = 0.7
17.6649 	EXP 	unnamed TextStim: text = 'UPPERCASE'
17.6649 	EXP 	unnamed TextStim: height = 0.7
17.6649 	EXP 	unnamed TextStim: height = 0.7
17.6649 	EXP 	unnamed TextStim: height = 0.7
17.6649 	EXP 	unnamed TextStim: text = 'good'
17.6649 	EXP 	unnamed TextStim: autoDraw = True
17.7982 	DATA 	Keypress: k
17.8019 	WARNING 	Multiple dropped frames have occurred - I'll stop bothering you about them!
17.8019 	EXP 	unnamed TextStim: autoDraw = True
21.3668 	DATA 	Keypress: k
21.3688 	DATA 	Keypress: j
21.3738 	DATA 	Keypress: j
21.3838 	DATA 	Keypress: escape
21.3980 	EXP 	unnamed TextStim: text = 'UPPERCASE'
21.3980 	EXP 	unnamed TextStim: height = 0.7
21.3980 	EXP 	unnamed TextStim: height = 0.7
21.3980 	EXP 	unnamed TextStim: height = 0.7
21.3980 	EXP 	unnamed TextStim: text = 'NOISY'
21.3980 	EXP 	unnamed TextStim: autoDraw = True
21.7746 	DATA 	Keypress: escape
21.8796 	EXP 	window1: mouseVisible = True
