17.4236 	WARNING 	ExperimentHandler created with no dataFileName parameter. No data will be saved in the event of a crash
17.4268 	WARNING 	User requested fullscreen with size [800 600], but screen is actually [1512, 982]. Using actual size
18.5114 	WARNING 	Couldn't measure a consistent frame rate!
  - Is your graphics card set to sync to vertical blank?
  - Are you running other processes on your computer?

18.5116 	EXP 	Created window1 = Window(allowGUI=True, allowStencil=False, autoLog=True, backendConf=UNKNOWN, backgroundFit=<method-wrapper '__getattribute__' of attributeSetter object at 0x17002b940>, backgroundImage=<method-wrapper '__getattribute__' of attributeSetter object at 0x17002b8e0>, bitsMode=UNKNOWN, blendMode='avg', bpc=(8, 8, 8), color=array([-1, -1, -1]), colorSpace='rgb', depthBits=8, fullscr=<method-wrapper '__getattribute__' of attributeSetter object at 0x17002b730>, gamma=None, gammaErrorPolicy='raise', infoMsg=UNKNOWN, lms=UNKNOWN, monitor=<psychopy.monitors.calibTools.Monitor object at 0x16fd8b970>, multiSample=False, name='window1', numSamples=2, pos=[378.0, 245.5], screen=0, size=array([3024, 1964]), stencilBits=0, stereo=False, title='PsychoPy', units='deg', useFBO=False, useRetina=True, viewOri=0.0, viewPos=None, viewScale=None, waitBlanking=True, winType='pyglet')
18.5117 	EXP 	window1: mouseVisible = True
18.5118 	EXP 	window1: backgroundImage = None
18.5118 	EXP 	window1: backgroundFit = 'cover'
18.5121 	EXP 	window1: mouseVisible = True
18.5331 	EXP 	Created unnamed TextStim = TextStim(__class__=<class 'psychopy.visual.text.TextStim'>, alignHoriz=method-wrapper(...), alignText='center', alignVert=method-wrapper(...), anchorHoriz='center', anchorVert='center', antialias=True, autoDraw=False, autoLog=True, bold=True, color=array([1., 1., 1.]), colorSpace='rgb', contrast=1.0, depth=0, draggable=False, flipHoriz=False, flipVert=False, font='Geneva', fontFiles=[], height=0.5, italic=False, languageStyle='LTR', name='unnamed TextStim', opacity=1.0, ori=0.0, pos=array([0., 0.]), rgb=UNKNOWN, text='+', units='deg', win=Window(...), wrapWidth=15.0)
18.5332 	EXP 	window1: mouseVisible = True
18.5374 	EXP 	Created unnamed TextStim = TextStim(__class__=<class 'psychopy.visual.text.TextStim'>, alignHoriz=method-wrapper(...), alignText='center', alignVert=method-wrapper(...), anchorHoriz='center', anchorVert='center', antialias=True, autoDraw=False, autoLog=True, bold=True, color=array([1., 1., 1.]), colorSpace='rgb', contrast=1.0, depth=0, draggable=False, flipHoriz=False, flipVert=False, font='Geneva', fontFiles=[], height=0.7, italic=False, languageStyle='LTR', name='unnamed TextStim', opacity=1.0, ori=0.0, pos=array([0. , 0.7]), rgb=UNKNOWN, text='Hello World', units='deg', win=Window(...), wrapWidth=15.0)
18.5375 	EXP 	window1: mouseVisible = True
18.5389 	EXP 	Created unnamed TextStim = TextStim(__class__=<class 'psychopy.visual.text.TextStim'>, alignHoriz=method-wrapper(...), alignText='center', alignVert=method-wrapper(...), anchorHoriz='center', anchorVert='center', antialias=True, autoDraw=False, autoLog=True, bold=True, color=array([1., 1., 1.]), colorSpace='rgb', contrast=1.0, depth=0, draggable=False, flipHoriz=False, flipVert=False, font='Geneva', fontFiles=[], height=0.7, italic=False, languageStyle='LTR', name='unnamed TextStim', opacity=1.0, ori=0.0, pos=array([ 0. , -0.7]), rgb=UNKNOWN, text='Hello World', units='deg', win=Window(...), wrapWidth=15.0)
18.5399 	EXP 	window1: mouseVisible = False
18.5656 	WARNING 	t of last frame was 54.31ms (=1/18)
18.5656 	EXP 	unnamed TextStim: height = 0.7
18.5656 	EXP 	unnamed TextStim: height = 0.7
18.5656 	EXP 	unnamed TextStim: height = 0.7
18.5656 	EXP 	unnamed TextStim: text = "\nIN THE FOLLOWING TASK, YOU WILL BE ASKED TO RATE ONE OF THREE TYPES OF JUDGMENTS FOR DIFFERENT WORDS:\n\nSELF: DOES THIS WORD DESCRIBE YOU?\nOBAMA: DOES THIS WORD DESCRIBE FORMER U.S. PRESIDENT BARACK OBAMA?\nUPPERCASE: IS THIS WORD PRINTED IN UPPERCASE LETTERS?\n\nFOR EACH ITEM, PLEASE RESPOND WITH YES [1] OR NO [2] ON YOUR RESPONSE BOX. PLEASE KEEP YOUR EYES ON THE CENTRAL FIXATION POINT DURING THE TASK. IF THE NEXT TRIAL COMES UP AND YOU HAVE NOT YET RESPONDED TO THE PREVIOUS TRIAL, THAT'S OKAY, JUST SKIP IT AND MOVE ONTO THE NEXT ONE. \n\nREADY?"
20.2627 	DATA 	Keypress: 1
20.2836 	WARNING 	t of last frame was 1718.07ms (=1/0)
20.2836 	EXP 	unnamed TextStim: height = 0.7
20.2836 	EXP 	unnamed TextStim: height = 0.7
20.2836 	EXP 	unnamed TextStim: height = 0.7
20.2836 	EXP 	unnamed TextStim: text = 'SELF'
20.2836 	EXP 	unnamed TextStim: height = 0.7
20.2836 	EXP 	unnamed TextStim: height = 0.7
20.2836 	EXP 	unnamed TextStim: height = 0.7
20.2836 	EXP 	unnamed TextStim: text = 'HESITANT'
22.0145 	DATA 	Keypress: 1
22.0270 	WARNING 	t of last frame was 1743.36ms (=1/0)
22.0270 	EXP 	unnamed TextStim: autoDraw = True
22.1289 	WARNING 	t of last frame was 101.87ms (=1/9)
22.1289 	EXP 	unnamed TextStim: autoDraw = False
22.1289 	EXP 	unnamed TextStim: height = 0.7
22.1289 	EXP 	unnamed TextStim: height = 0.7
22.1289 	EXP 	unnamed TextStim: height = 0.7
22.1289 	EXP 	unnamed TextStim: text = ''
22.1289 	EXP 	unnamed TextStim: height = 0.7
22.1289 	EXP 	unnamed TextStim: height = 0.7
22.1289 	EXP 	unnamed TextStim: height = 0.7
22.1289 	EXP 	unnamed TextStim: text = ''
24.6290 	DATA 	No keypress (maxWait exceeded)
24.6411 	EXP 	window1: mouseVisible = True
