7.6572 	WARNING 	ExperimentHandler created with no dataFileName parameter. No data will be saved in the event of a crash
7.6687 	WARNING 	Requested an unavailable screen number - using first available.
7.6698 	WARNING 	User requested fullscreen with size [800 600], but screen is actually [1512, 982]. Using actual size
8.7858 	WARNING 	Couldn't measure a consistent frame rate!
  - Is your graphics card set to sync to vertical blank?
  - Are you running other processes on your computer?

8.7862 	EXP 	Created window1 = Window(allowGUI=True, allowStencil=False, autoLog=True, backendConf=UNKNOWN, backgroundFit=<method-wrapper '__getattribute__' of attributeSetter object at 0x7f8459850070>, backgroundImage=<method-wrapper '__getattribute__' of attributeSetter object at 0x7f84593b2c10>, bitsMode=UNKNOWN, blendMode='avg', bpc=(8, 8, 8), color=array([-1, -1, -1]), colorSpace='rgb', depthBits=8, fullscr=<method-wrapper '__getattribute__' of attributeSetter object at 0x7f84593b2e20>, gamma=None, gammaErrorPolicy='raise', infoMsg=UNKNOWN, lms=UNKNOWN, monitor=<psychopy.monitors.calibTools.Monitor object at 0x7f84202de8b0>, multiSample=False, name='window1', numSamples=2, pos=[378.0, 245.5], screen=1, size=array([3024, 1964]), stencilBits=0, stereo=False, title='PsychoPy', units='deg', useFBO=False, useRetina=True, viewOri=0.0, viewPos=None, viewScale=None, waitBlanking=True, winType='pyglet')
8.7863 	EXP 	window1: backgroundImage = None
8.7863 	EXP 	window1: backgroundFit = 'cover'
8.7868 	EXP 	window1: mouseVisible = <method-wrapper '__getattribute__' of attributeSetter object at 0x7f84598501f0>
8.8139 	EXP 	Created unnamed TextStim = TextStim(__class__=<class 'psychopy.visual.text.TextStim'>, alignHoriz=method-wrapper(...), alignText='center', alignVert=method-wrapper(...), anchorHoriz='center', anchorVert='center', antialias=True, autoDraw=False, autoLog=True, bold=True, color=array([1., 1., 1.]), colorSpace='rgb', contrast=1.0, depth=0, draggable=False, flipHoriz=False, flipVert=False, font='Geneva', fontFiles=[], height=0.5, italic=False, languageStyle='LTR', name='unnamed TextStim', opacity=1.0, ori=0.0, pos=array([0., 0.]), rgb=UNKNOWN, text='+', units='deg', win=Window(...), wrapWidth=15.0)
8.8141 	EXP 	window1: mouseVisible = <method-wrapper '__getattribute__' of attributeSetter object at 0x7f84598501f0>
8.8201 	EXP 	Created unnamed TextStim = TextStim(__class__=<class 'psychopy.visual.text.TextStim'>, alignHoriz=method-wrapper(...), alignText='center', alignVert=method-wrapper(...), anchorHoriz='center', anchorVert='center', antialias=True, autoDraw=False, autoLog=True, bold=True, color=array([1., 1., 1.]), colorSpace='rgb', contrast=1.0, depth=0, draggable=False, flipHoriz=False, flipVert=False, font='Geneva', fontFiles=[], height=0.4, italic=False, languageStyle='LTR', name='unnamed TextStim', opacity=1.0, ori=0.0, pos=array([0. , 0.7]), rgb=UNKNOWN, text='Hello World', units='deg', win=Window(...), wrapWidth=15.0)
8.8202 	EXP 	window1: mouseVisible = <method-wrapper '__getattribute__' of attributeSetter object at 0x7f84598501f0>
8.8253 	EXP 	Created unnamed TextStim = TextStim(__class__=<class 'psychopy.visual.text.TextStim'>, alignHoriz=method-wrapper(...), alignText='center', alignVert=method-wrapper(...), anchorHoriz='center', anchorVert='center', antialias=True, autoDraw=False, autoLog=True, bold=True, color=array([1., 1., 1.]), colorSpace='rgb', contrast=1.0, depth=0, draggable=False, flipHoriz=False, flipVert=False, font='Geneva', fontFiles=[], height=0.7, italic=False, languageStyle='LTR', name='unnamed TextStim', opacity=1.0, ori=0.0, pos=array([0. , 0.7]), rgb=UNKNOWN, text='Hello World', units='deg', win=Window(...), wrapWidth=15.0)
8.8254 	EXP 	window1: mouseVisible = <method-wrapper '__getattribute__' of attributeSetter object at 0x7f84598501f0>
8.8272 	EXP 	Created unnamed TextStim = TextStim(__class__=<class 'psychopy.visual.text.TextStim'>, alignHoriz=method-wrapper(...), alignText='center', alignVert=method-wrapper(...), anchorHoriz='center', anchorVert='center', antialias=True, autoDraw=False, autoLog=True, bold=True, color=array([1., 1., 1.]), colorSpace='rgb', contrast=1.0, depth=0, draggable=False, flipHoriz=False, flipVert=False, font='Geneva', fontFiles=[], height=0.7, italic=False, languageStyle='LTR', name='unnamed TextStim', opacity=1.0, ori=0.0, pos=array([ 0. , -0.7]), rgb=UNKNOWN, text='Hello World', units='deg', win=Window(...), wrapWidth=15.0)
8.8284 	EXP 	window1: mouseVisible = False
8.8635 	WARNING 	t of last frame was 77.81ms (=1/12)
8.8635 	EXP 	unnamed TextStim: height = 0.4
8.8635 	EXP 	unnamed TextStim: height = 0.4
8.8635 	EXP 	unnamed TextStim: height = 0.4
8.8635 	EXP 	unnamed TextStim: text = 'IN THE FOLLOWING TASK, YOU WILL BE ASKED TO RATE ONE OF THREE TYPES OF JUDGMENTS FOR DIFFERENT WORDS:\n\nSELF: DOES THIS WORD DESCRIBE YOU? \nOBAMA: DOES THIS WORD DESCRIBE FORMER U.S. PRESIDENT BARACK OBAMA?\nUPPERCASE: IS THIS WORD PRINTED IN UPPERCASE LETTERS?\n\nFOR EACH ITEM, PLEASE RESPOND WITH YES [left pointer finger] OR NO [right pointer finger].\nPLEASE KEEP YOUR EYES ON THE CENTRAL FIXATION POINT DURING THE TASK.\n\nIF THE NEXT TRIAL COMES UP AND YOU HAVE NOT YET RESPONDED TO THE PREVIOUS TRIAL,\nTHAT IS OKAY, JUST SKIP IT AND MOVE ONTO THE NEXT ONE.\n\nREADY?'
9.4979 	DATA 	Keypress: space
10.0152 	WARNING 	t of last frame was 1151.69ms (=1/0)
10.0152 	EXP 	unnamed TextStim: height = 0.7
10.0152 	EXP 	unnamed TextStim: height = 0.7
10.0152 	EXP 	unnamed TextStim: height = 0.7
10.0152 	EXP 	unnamed TextStim: text = 'SELF'
10.0152 	EXP 	unnamed TextStim: height = 0.7
10.0152 	EXP 	unnamed TextStim: height = 0.7
10.0152 	EXP 	unnamed TextStim: height = 0.7
10.0152 	EXP 	unnamed TextStim: text = 'cruel'
10.0152 	EXP 	unnamed TextStim: autoDraw = True
12.0154 	DATA 	No keypress (maxWait exceeded)
12.0266 	WARNING 	t of last frame was 2011.33ms (=1/0)
12.0266 	EXP 	unnamed TextStim: autoDraw = True
12.8022 	WARNING 	t of last frame was 775.63ms (=1/1)
12.8022 	EXP 	unnamed TextStim: height = 0.7
12.8022 	EXP 	unnamed TextStim: height = 0.7
12.8022 	EXP 	unnamed TextStim: height = 0.7
12.8022 	EXP 	unnamed TextStim: text = 'UPPERCASE'
12.8022 	EXP 	unnamed TextStim: height = 0.7
12.8022 	EXP 	unnamed TextStim: height = 0.7
12.8022 	EXP 	unnamed TextStim: height = 0.7
12.8022 	EXP 	unnamed TextStim: text = 'SMUG'
12.8022 	EXP 	unnamed TextStim: autoDraw = True
14.8024 	DATA 	No keypress (maxWait exceeded)
14.8154 	WARNING 	Multiple dropped frames have occurred - I'll stop bothering you about them!
14.8154 	EXP 	unnamed TextStim: autoDraw = True
16.5091 	EXP 	unnamed TextStim: text = 'UPPERCASE'
16.5091 	EXP 	unnamed TextStim: height = 0.7
16.5091 	EXP 	unnamed TextStim: height = 0.7
16.5091 	EXP 	unnamed TextStim: height = 0.7
16.5091 	EXP 	unnamed TextStim: text = 'loyal'
16.5091 	EXP 	unnamed TextStim: autoDraw = True
18.5094 	DATA 	No keypress (maxWait exceeded)
18.5233 	EXP 	unnamed TextStim: autoDraw = True
20.2135 	EXP 	unnamed TextStim: height = 0.7
20.2135 	EXP 	unnamed TextStim: height = 0.7
20.2135 	EXP 	unnamed TextStim: height = 0.7
20.2135 	EXP 	unnamed TextStim: text = 'OBAMA'
20.2135 	EXP 	unnamed TextStim: height = 0.7
20.2135 	EXP 	unnamed TextStim: height = 0.7
20.2135 	EXP 	unnamed TextStim: height = 0.7
20.2135 	EXP 	unnamed TextStim: text = 'spiteful'
20.2135 	EXP 	unnamed TextStim: autoDraw = True
22.2137 	DATA 	No keypress (maxWait exceeded)
22.2247 	EXP 	unnamed TextStim: autoDraw = True
25.5161 	EXP 	unnamed TextStim: height = 0.7
25.5161 	EXP 	unnamed TextStim: height = 0.7
25.5161 	EXP 	unnamed TextStim: height = 0.7
25.5161 	EXP 	unnamed TextStim: text = 'SELF'
25.5161 	EXP 	unnamed TextStim: height = 0.7
25.5161 	EXP 	unnamed TextStim: height = 0.7
25.5161 	EXP 	unnamed TextStim: height = 0.7
25.5161 	EXP 	unnamed TextStim: text = 'careless'
25.5161 	EXP 	unnamed TextStim: autoDraw = True
27.5163 	DATA 	No keypress (maxWait exceeded)
27.5272 	EXP 	unnamed TextStim: autoDraw = True
27.9032 	EXP 	unnamed TextStim: height = 0.7
27.9032 	EXP 	unnamed TextStim: height = 0.7
27.9032 	EXP 	unnamed TextStim: height = 0.7
27.9032 	EXP 	unnamed TextStim: text = 'UPPERCASE'
27.9032 	EXP 	unnamed TextStim: height = 0.7
27.9032 	EXP 	unnamed TextStim: height = 0.7
27.9032 	EXP 	unnamed TextStim: height = 0.7
27.9032 	EXP 	unnamed TextStim: text = 'angry'
27.9032 	EXP 	unnamed TextStim: autoDraw = True
29.9034 	DATA 	No keypress (maxWait exceeded)
29.9140 	EXP 	unnamed TextStim: autoDraw = True
30.6025 	EXP 	unnamed TextStim: text = 'UPPERCASE'
30.6025 	EXP 	unnamed TextStim: height = 0.7
30.6025 	EXP 	unnamed TextStim: height = 0.7
30.6025 	EXP 	unnamed TextStim: height = 0.7
30.6025 	EXP 	unnamed TextStim: text = 'good'
30.6025 	EXP 	unnamed TextStim: autoDraw = True
32.6026 	DATA 	No keypress (maxWait exceeded)
32.6125 	EXP 	unnamed TextStim: autoDraw = True
32.7011 	EXP 	unnamed TextStim: text = 'UPPERCASE'
32.7011 	EXP 	unnamed TextStim: height = 0.7
32.7011 	EXP 	unnamed TextStim: height = 0.7
32.7011 	EXP 	unnamed TextStim: height = 0.7
32.7011 	EXP 	unnamed TextStim: text = 'NOISY'
32.7011 	EXP 	unnamed TextStim: autoDraw = True
34.7013 	DATA 	No keypress (maxWait exceeded)
34.7124 	EXP 	unnamed TextStim: autoDraw = True
36.8132 	EXP 	unnamed TextStim: text = 'UPPERCASE'
36.8132 	EXP 	unnamed TextStim: height = 0.7
36.8132 	EXP 	unnamed TextStim: height = 0.7
36.8132 	EXP 	unnamed TextStim: height = 0.7
36.8132 	EXP 	unnamed TextStim: text = 'candid'
36.8132 	EXP 	unnamed TextStim: autoDraw = True
38.8135 	DATA 	No keypress (maxWait exceeded)
38.8252 	EXP 	unnamed TextStim: autoDraw = True
40.4111 	EXP 	unnamed TextStim: height = 0.7
40.4111 	EXP 	unnamed TextStim: height = 0.7
40.4111 	EXP 	unnamed TextStim: height = 0.7
40.4111 	EXP 	unnamed TextStim: text = 'SELF'
40.4111 	EXP 	unnamed TextStim: height = 0.7
40.4111 	EXP 	unnamed TextStim: height = 0.7
40.4111 	EXP 	unnamed TextStim: height = 0.7
40.4111 	EXP 	unnamed TextStim: text = 'clean'
40.4111 	EXP 	unnamed TextStim: autoDraw = True
42.4115 	DATA 	No keypress (maxWait exceeded)
42.4221 	EXP 	unnamed TextStim: autoDraw = True
44.0103 	EXP 	unnamed TextStim: height = 0.7
44.0103 	EXP 	unnamed TextStim: height = 0.7
44.0103 	EXP 	unnamed TextStim: height = 0.7
44.0103 	EXP 	unnamed TextStim: text = 'OBAMA'
44.0103 	EXP 	unnamed TextStim: height = 0.7
44.0103 	EXP 	unnamed TextStim: height = 0.7
44.0103 	EXP 	unnamed TextStim: height = 0.7
44.0103 	EXP 	unnamed TextStim: text = 'quick'
44.0103 	EXP 	unnamed TextStim: autoDraw = True
46.0106 	DATA 	No keypress (maxWait exceeded)
46.0203 	EXP 	unnamed TextStim: autoDraw = True
50.1144 	EXP 	unnamed TextStim: height = 0.7
50.1144 	EXP 	unnamed TextStim: height = 0.7
50.1144 	EXP 	unnamed TextStim: height = 0.7
50.1144 	EXP 	unnamed TextStim: text = 'UPPERCASE'
50.1144 	EXP 	unnamed TextStim: height = 0.7
50.1144 	EXP 	unnamed TextStim: height = 0.7
50.1144 	EXP 	unnamed TextStim: height = 0.7
50.1144 	EXP 	unnamed TextStim: text = 'REFINED'
50.1144 	EXP 	unnamed TextStim: autoDraw = True
52.1149 	DATA 	No keypress (maxWait exceeded)
52.1263 	EXP 	unnamed TextStim: autoDraw = True
54.6117 	EXP 	unnamed TextStim: height = 0.7
54.6117 	EXP 	unnamed TextStim: height = 0.7
54.6117 	EXP 	unnamed TextStim: height = 0.7
54.6117 	EXP 	unnamed TextStim: text = 'SELF'
54.6117 	EXP 	unnamed TextStim: height = 0.7
54.6117 	EXP 	unnamed TextStim: height = 0.7
54.6117 	EXP 	unnamed TextStim: height = 0.7
54.6117 	EXP 	unnamed TextStim: text = 'lucky'
54.6117 	EXP 	unnamed TextStim: autoDraw = True
56.6119 	DATA 	No keypress (maxWait exceeded)
56.6220 	EXP 	unnamed TextStim: autoDraw = True
58.0098 	EXP 	unnamed TextStim: text = 'SELF'
58.0098 	EXP 	unnamed TextStim: height = 0.7
58.0098 	EXP 	unnamed TextStim: height = 0.7
58.0098 	EXP 	unnamed TextStim: height = 0.7
58.0098 	EXP 	unnamed TextStim: text = 'nice'
58.0098 	EXP 	unnamed TextStim: autoDraw = True
60.0100 	DATA 	No keypress (maxWait exceeded)
60.0206 	EXP 	unnamed TextStim: autoDraw = True
60.3030 	EXP 	unnamed TextStim: height = 0.7
60.3030 	EXP 	unnamed TextStim: height = 0.7
60.3030 	EXP 	unnamed TextStim: height = 0.7
60.3030 	EXP 	unnamed TextStim: text = 'OBAMA'
60.3030 	EXP 	unnamed TextStim: height = 0.7
60.3030 	EXP 	unnamed TextStim: height = 0.7
60.3030 	EXP 	unnamed TextStim: height = 0.7
60.3030 	EXP 	unnamed TextStim: text = 'tough'
60.3030 	EXP 	unnamed TextStim: autoDraw = True
62.3032 	DATA 	No keypress (maxWait exceeded)
62.3135 	EXP 	unnamed TextStim: autoDraw = True
65.1135 	EXP 	unnamed TextStim: height = 0.7
65.1135 	EXP 	unnamed TextStim: height = 0.7
65.1135 	EXP 	unnamed TextStim: height = 0.7
65.1135 	EXP 	unnamed TextStim: text = 'UPPERCASE'
65.1135 	EXP 	unnamed TextStim: height = 0.7
65.1135 	EXP 	unnamed TextStim: height = 0.7
65.1135 	EXP 	unnamed TextStim: height = 0.7
65.1135 	EXP 	unnamed TextStim: text = 'DIRECT'
65.1135 	EXP 	unnamed TextStim: autoDraw = True
67.1138 	DATA 	No keypress (maxWait exceeded)
67.1239 	EXP 	unnamed TextStim: autoDraw = True
68.6102 	EXP 	unnamed TextStim: text = 'UPPERCASE'
68.6102 	EXP 	unnamed TextStim: height = 0.7
68.6102 	EXP 	unnamed TextStim: height = 0.7
68.6102 	EXP 	unnamed TextStim: height = 0.7
68.6102 	EXP 	unnamed TextStim: text = 'blunt'
68.6102 	EXP 	unnamed TextStim: autoDraw = True
70.6105 	DATA 	No keypress (maxWait exceeded)
70.6219 	EXP 	unnamed TextStim: autoDraw = True
75.2159 	EXP 	unnamed TextStim: height = 0.7
75.2159 	EXP 	unnamed TextStim: height = 0.7
75.2159 	EXP 	unnamed TextStim: height = 0.7
75.2159 	EXP 	unnamed TextStim: text = 'SELF'
75.2159 	EXP 	unnamed TextStim: height = 0.7
75.2159 	EXP 	unnamed TextStim: height = 0.7
75.2159 	EXP 	unnamed TextStim: height = 0.7
75.2159 	EXP 	unnamed TextStim: text = 'stern'
75.2159 	EXP 	unnamed TextStim: autoDraw = True
77.2161 	DATA 	No keypress (maxWait exceeded)
77.2277 	EXP 	unnamed TextStim: autoDraw = True
77.6024 	EXP 	unnamed TextStim: height = 0.7
77.6024 	EXP 	unnamed TextStim: height = 0.7
77.6024 	EXP 	unnamed TextStim: height = 0.7
77.6024 	EXP 	unnamed TextStim: text = 'OBAMA'
77.6024 	EXP 	unnamed TextStim: height = 0.7
77.6024 	EXP 	unnamed TextStim: height = 0.7
77.6024 	EXP 	unnamed TextStim: height = 0.7
77.6024 	EXP 	unnamed TextStim: text = 'prideful'
77.6024 	EXP 	unnamed TextStim: autoDraw = True
79.6025 	DATA 	No keypress (maxWait exceeded)
79.6121 	EXP 	unnamed TextStim: autoDraw = True
80.3031 	EXP 	unnamed TextStim: height = 0.7
80.3031 	EXP 	unnamed TextStim: height = 0.7
80.3031 	EXP 	unnamed TextStim: height = 0.7
80.3031 	EXP 	unnamed TextStim: text = 'SELF'
80.3031 	EXP 	unnamed TextStim: height = 0.7
80.3031 	EXP 	unnamed TextStim: height = 0.7
80.3031 	EXP 	unnamed TextStim: height = 0.7
80.3031 	EXP 	unnamed TextStim: text = 'subtle'
80.3031 	EXP 	unnamed TextStim: autoDraw = True
82.3033 	DATA 	No keypress (maxWait exceeded)
82.3139 	EXP 	unnamed TextStim: autoDraw = True
83.8098 	EXP 	unnamed TextStim: height = 0.7
83.8098 	EXP 	unnamed TextStim: height = 0.7
83.8098 	EXP 	unnamed TextStim: height = 0.7
83.8098 	EXP 	unnamed TextStim: text = 'OBAMA'
83.8098 	EXP 	unnamed TextStim: height = 0.7
83.8098 	EXP 	unnamed TextStim: height = 0.7
83.8098 	EXP 	unnamed TextStim: height = 0.7
83.8098 	EXP 	unnamed TextStim: text = 'wise'
83.8098 	EXP 	unnamed TextStim: autoDraw = True
85.8100 	DATA 	No keypress (maxWait exceeded)
85.8199 	EXP 	unnamed TextStim: autoDraw = True
87.0025 	EXP 	unnamed TextStim: text = 'OBAMA'
87.0025 	EXP 	unnamed TextStim: height = 0.7
87.0025 	EXP 	unnamed TextStim: height = 0.7
87.0025 	EXP 	unnamed TextStim: height = 0.7
87.0025 	EXP 	unnamed TextStim: text = 'loud-mouthed'
87.0025 	EXP 	unnamed TextStim: autoDraw = True
89.0027 	DATA 	No keypress (maxWait exceeded)
89.0134 	EXP 	unnamed TextStim: autoDraw = True
90.4101 	EXP 	unnamed TextStim: text = 'OBAMA'
90.4101 	EXP 	unnamed TextStim: height = 0.7
90.4101 	EXP 	unnamed TextStim: height = 0.7
90.4101 	EXP 	unnamed TextStim: height = 0.7
90.4101 	EXP 	unnamed TextStim: text = 'cheerful'
90.4101 	EXP 	unnamed TextStim: autoDraw = True
92.4104 	DATA 	No keypress (maxWait exceeded)
92.4204 	EXP 	unnamed TextStim: autoDraw = True
96.6161 	EXP 	unnamed TextStim: height = 0.7
96.6161 	EXP 	unnamed TextStim: height = 0.7
96.6161 	EXP 	unnamed TextStim: height = 0.7
96.6161 	EXP 	unnamed TextStim: text = 'SELF'
96.6161 	EXP 	unnamed TextStim: height = 0.7
96.6161 	EXP 	unnamed TextStim: height = 0.7
96.6161 	EXP 	unnamed TextStim: height = 0.7
96.6161 	EXP 	unnamed TextStim: text = 'foolish'
96.6161 	EXP 	unnamed TextStim: autoDraw = True
98.6164 	DATA 	No keypress (maxWait exceeded)
98.6302 	EXP 	unnamed TextStim: autoDraw = True
101.0149 	EXP 	unnamed TextStim: height = 0.7
101.0149 	EXP 	unnamed TextStim: height = 0.7
101.0149 	EXP 	unnamed TextStim: height = 0.7
101.0149 	EXP 	unnamed TextStim: text = 'OBAMA'
101.0149 	EXP 	unnamed TextStim: height = 0.7
101.0149 	EXP 	unnamed TextStim: height = 0.7
101.0149 	EXP 	unnamed TextStim: height = 0.7
101.0149 	EXP 	unnamed TextStim: text = 'gentle'
101.0149 	EXP 	unnamed TextStim: autoDraw = True
103.0151 	DATA 	No keypress (maxWait exceeded)
103.0254 	EXP 	unnamed TextStim: autoDraw = True
106.8127 	EXP 	unnamed TextStim: height = 0.7
106.8127 	EXP 	unnamed TextStim: height = 0.7
106.8127 	EXP 	unnamed TextStim: height = 0.7
106.8127 	EXP 	unnamed TextStim: text = 'SELF'
106.8127 	EXP 	unnamed TextStim: height = 0.7
106.8127 	EXP 	unnamed TextStim: height = 0.7
106.8127 	EXP 	unnamed TextStim: height = 0.7
106.8127 	EXP 	unnamed TextStim: text = 'tactful'
106.8127 	EXP 	unnamed TextStim: autoDraw = True
108.8129 	DATA 	No keypress (maxWait exceeded)
108.8240 	EXP 	unnamed TextStim: autoDraw = True
109.8024 	EXP 	unnamed TextStim: height = 0.7
109.8024 	EXP 	unnamed TextStim: height = 0.7
109.8024 	EXP 	unnamed TextStim: height = 0.7
109.8024 	EXP 	unnamed TextStim: text = 'OBAMA'
109.8024 	EXP 	unnamed TextStim: height = 0.7
109.8024 	EXP 	unnamed TextStim: height = 0.7
109.8024 	EXP 	unnamed TextStim: height = 0.7
109.8024 	EXP 	unnamed TextStim: text = 'weak'
109.8024 	EXP 	unnamed TextStim: autoDraw = True
111.8026 	DATA 	No keypress (maxWait exceeded)
111.8125 	EXP 	unnamed TextStim: autoDraw = True
114.5311 	EXP 	window1: mouseVisible = True
