8.6381 	WARNING 	ExperimentHandler created with no dataFileName parameter. No data will be saved in the event of a crash
8.6480 	WARNING 	Requested an unavailable screen number - using first available.
8.6492 	WARNING 	User requested fullscreen with size [800 600], but screen is actually [1512, 982]. Using actual size
9.7530 	WARNING 	Couldn't measure a consistent frame rate!
  - Is your graphics card set to sync to vertical blank?
  - Are you running other processes on your computer?

9.7533 	EXP 	Created window1 = Window(allowGUI=True, allowStencil=False, autoLog=True, backendConf=UNKNOWN, backgroundFit=<method-wrapper '__getattribute__' of attributeSetter object at 0x7fe0417532b0>, backgroundImage=<method-wrapper '__getattribute__' of attributeSetter object at 0x7fe041753250>, bitsMode=UNKNOWN, blendMode='avg', bpc=(8, 8, 8), color=array([-1, -1, -1]), colorSpace='rgb', depthBits=8, fullscr=<method-wrapper '__getattribute__' of attributeSetter object at 0x7fe041753070>, gamma=None, gammaErrorPolicy='raise', infoMsg=UNKNOWN, lms=UNKNOWN, monitor=<psychopy.monitors.calibTools.Monitor object at 0x7fdff054fac0>, multiSample=False, name='window1', numSamples=2, pos=[378.0, 245.5], screen=1, size=array([3024, 1964]), stencilBits=0, stereo=False, title='PsychoPy', units='deg', useFBO=False, useRetina=True, viewOri=0.0, viewPos=None, viewScale=None, waitBlanking=True, winType='pyglet')
9.7533 	EXP 	window1: backgroundImage = None
9.7534 	EXP 	window1: backgroundFit = 'cover'
9.7538 	EXP 	window1: mouseVisible = <method-wrapper '__getattribute__' of attributeSetter object at 0x7fe0417533d0>
9.7792 	EXP 	Created unnamed TextStim = TextStim(__class__=<class 'psychopy.visual.text.TextStim'>, alignHoriz=method-wrapper(...), alignText='center', alignVert=method-wrapper(...), anchorHoriz='center', anchorVert='center', antialias=True, autoDraw=False, autoLog=True, bold=True, color=array([1., 1., 1.]), colorSpace='rgb', contrast=1.0, depth=0, draggable=False, flipHoriz=False, flipVert=False, font='Geneva', fontFiles=[], height=0.5, italic=False, languageStyle='LTR', name='unnamed TextStim', opacity=1.0, ori=0.0, pos=array([0., 0.]), rgb=UNKNOWN, text='+', units='deg', win=Window(...), wrapWidth=15.0)
9.7794 	EXP 	window1: mouseVisible = <method-wrapper '__getattribute__' of attributeSetter object at 0x7fe0417533d0>
9.7851 	EXP 	Created unnamed TextStim = TextStim(__class__=<class 'psychopy.visual.text.TextStim'>, alignHoriz=method-wrapper(...), alignText='center', alignVert=method-wrapper(...), anchorHoriz='center', anchorVert='center', antialias=True, autoDraw=False, autoLog=True, bold=True, color=array([1., 1., 1.]), colorSpace='rgb', contrast=1.0, depth=0, draggable=False, flipHoriz=False, flipVert=False, font='Geneva', fontFiles=[], height=0.4, italic=False, languageStyle='LTR', name='unnamed TextStim', opacity=1.0, ori=0.0, pos=array([0. , 0.7]), rgb=UNKNOWN, text='Hello World', units='deg', win=Window(...), wrapWidth=15.0)
9.7852 	EXP 	window1: mouseVisible = <method-wrapper '__getattribute__' of attributeSetter object at 0x7fe0417533d0>
9.7901 	EXP 	Created unnamed TextStim = TextStim(__class__=<class 'psychopy.visual.text.TextStim'>, alignHoriz=method-wrapper(...), alignText='center', alignVert=method-wrapper(...), anchorHoriz='center', anchorVert='center', antialias=True, autoDraw=False, autoLog=True, bold=True, color=array([1., 1., 1.]), colorSpace='rgb', contrast=1.0, depth=0, draggable=False, flipHoriz=False, flipVert=False, font='Geneva', fontFiles=[], height=0.7, italic=False, languageStyle='LTR', name='unnamed TextStim', opacity=1.0, ori=0.0, pos=array([0. , 0.7]), rgb=UNKNOWN, text='Hello World', units='deg', win=Window(...), wrapWidth=15.0)
9.7902 	EXP 	window1: mouseVisible = <method-wrapper '__getattribute__' of attributeSetter object at 0x7fe0417533d0>
9.7921 	EXP 	Created unnamed TextStim = TextStim(__class__=<class 'psychopy.visual.text.TextStim'>, alignHoriz=method-wrapper(...), alignText='center', alignVert=method-wrapper(...), anchorHoriz='center', anchorVert='center', antialias=True, autoDraw=False, autoLog=True, bold=True, color=array([1., 1., 1.]), colorSpace='rgb', contrast=1.0, depth=0, draggable=False, flipHoriz=False, flipVert=False, font='Geneva', fontFiles=[], height=0.7, italic=False, languageStyle='LTR', name='unnamed TextStim', opacity=1.0, ori=0.0, pos=array([ 0. , -0.7]), rgb=UNKNOWN, text='Hello World', units='deg', win=Window(...), wrapWidth=15.0)
9.7932 	EXP 	window1: mouseVisible = False
9.8274 	WARNING 	t of last frame was 74.52ms (=1/13)
9.8274 	EXP 	unnamed TextStim: height = 0.4
9.8274 	EXP 	unnamed TextStim: height = 0.4
9.8274 	EXP 	unnamed TextStim: height = 0.4
9.8274 	EXP 	unnamed TextStim: text = 'IN THE FOLLOWING TASK, YOU WILL BE ASKED TO RATE ONE OF THREE TYPES OF JUDGMENTS FOR DIFFERENT WORDS:\n\nSELF: DOES THIS WORD DESCRIBE YOU? \nOBAMA: DOES THIS WORD DESCRIBE FORMER U.S. PRESIDENT BARACK OBAMA?\nUPPERCASE: IS THIS WORD PRINTED IN UPPERCASE LETTERS?\n\nFOR EACH ITEM, PLEASE RESPOND WITH YES [left pointer finger] OR NO [right pointer finger].\nPLEASE KEEP YOUR EYES ON THE CENTRAL FIXATION POINT DURING THE TASK.\n\nIF THE NEXT TRIAL COMES UP AND YOU HAVE NOT YET RESPONDED TO THE PREVIOUS TRIAL,\nTHAT IS OKAY, JUST SKIP IT AND MOVE ONTO THE NEXT ONE.\n\nREADY?'
10.3574 	DATA 	Keypress: space
10.8687 	WARNING 	t of last frame was 1041.26ms (=1/0)
10.8687 	EXP 	unnamed TextStim: height = 0.7
10.8687 	EXP 	unnamed TextStim: height = 0.7
10.8687 	EXP 	unnamed TextStim: height = 0.7
10.8687 	EXP 	unnamed TextStim: text = 'SELF'
10.8687 	EXP 	unnamed TextStim: height = 0.7
10.8687 	EXP 	unnamed TextStim: height = 0.7
10.8687 	EXP 	unnamed TextStim: height = 0.7
10.8687 	EXP 	unnamed TextStim: text = 'nice'
10.8687 	EXP 	unnamed TextStim: autoDraw = True
12.8689 	DATA 	No keypress (maxWait exceeded)
12.8801 	WARNING 	t of last frame was 2011.48ms (=1/0)
12.8801 	EXP 	unnamed TextStim: autoDraw = True
13.6625 	WARNING 	t of last frame was 782.40ms (=1/1)
13.6625 	EXP 	unnamed TextStim: height = 0.7
13.6625 	EXP 	unnamed TextStim: height = 0.7
13.6625 	EXP 	unnamed TextStim: height = 0.7
13.6625 	EXP 	unnamed TextStim: text = 'UPPERCASE'
13.6625 	EXP 	unnamed TextStim: height = 0.7
13.6625 	EXP 	unnamed TextStim: height = 0.7
13.6625 	EXP 	unnamed TextStim: height = 0.7
13.6625 	EXP 	unnamed TextStim: text = 'noisy'
13.6625 	EXP 	unnamed TextStim: autoDraw = True
15.6628 	DATA 	No keypress (maxWait exceeded)
15.6768 	WARNING 	Multiple dropped frames have occurred - I'll stop bothering you about them!
15.6767 	EXP 	unnamed TextStim: autoDraw = True
17.3722 	EXP 	unnamed TextStim: text = 'UPPERCASE'
17.3722 	EXP 	unnamed TextStim: height = 0.7
17.3722 	EXP 	unnamed TextStim: height = 0.7
17.3722 	EXP 	unnamed TextStim: height = 0.7
17.3722 	EXP 	unnamed TextStim: text = 'smug'
17.3722 	EXP 	unnamed TextStim: autoDraw = True
19.3725 	DATA 	No keypress (maxWait exceeded)
19.3866 	EXP 	unnamed TextStim: autoDraw = True
21.0712 	EXP 	unnamed TextStim: height = 0.7
21.0712 	EXP 	unnamed TextStim: height = 0.7
21.0712 	EXP 	unnamed TextStim: height = 0.7
21.0712 	EXP 	unnamed TextStim: text = 'OBAMA'
21.0712 	EXP 	unnamed TextStim: height = 0.7
21.0712 	EXP 	unnamed TextStim: height = 0.7
21.0712 	EXP 	unnamed TextStim: height = 0.7
21.0712 	EXP 	unnamed TextStim: text = 'gentle'
21.0712 	EXP 	unnamed TextStim: autoDraw = True
23.0714 	DATA 	No keypress (maxWait exceeded)
23.0825 	EXP 	unnamed TextStim: autoDraw = True
26.3733 	EXP 	unnamed TextStim: height = 0.7
26.3733 	EXP 	unnamed TextStim: height = 0.7
26.3733 	EXP 	unnamed TextStim: height = 0.7
26.3733 	EXP 	unnamed TextStim: text = 'SELF'
26.3733 	EXP 	unnamed TextStim: height = 0.7
26.3733 	EXP 	unnamed TextStim: height = 0.7
26.3733 	EXP 	unnamed TextStim: height = 0.7
26.3733 	EXP 	unnamed TextStim: text = 'cruel'
26.3733 	EXP 	unnamed TextStim: autoDraw = True
28.3736 	DATA 	No keypress (maxWait exceeded)
28.3833 	EXP 	unnamed TextStim: autoDraw = True
28.7639 	EXP 	unnamed TextStim: height = 0.7
28.7639 	EXP 	unnamed TextStim: height = 0.7
28.7639 	EXP 	unnamed TextStim: height = 0.7
28.7639 	EXP 	unnamed TextStim: text = 'UPPERCASE'
28.7639 	EXP 	unnamed TextStim: height = 0.7
28.7639 	EXP 	unnamed TextStim: height = 0.7
28.7639 	EXP 	unnamed TextStim: height = 0.7
28.7639 	EXP 	unnamed TextStim: text = 'ANGRY'
28.7639 	EXP 	unnamed TextStim: autoDraw = True
30.7644 	DATA 	No keypress (maxWait exceeded)
30.7744 	EXP 	unnamed TextStim: autoDraw = True
31.4624 	EXP 	unnamed TextStim: text = 'UPPERCASE'
31.4624 	EXP 	unnamed TextStim: height = 0.7
31.4624 	EXP 	unnamed TextStim: height = 0.7
31.4624 	EXP 	unnamed TextStim: height = 0.7
31.4624 	EXP 	unnamed TextStim: text = 'loyal'
31.4624 	EXP 	unnamed TextStim: autoDraw = True
33.4626 	DATA 	No keypress (maxWait exceeded)
33.4729 	EXP 	unnamed TextStim: autoDraw = True
33.5606 	EXP 	unnamed TextStim: text = 'UPPERCASE'
33.5606 	EXP 	unnamed TextStim: height = 0.7
33.5606 	EXP 	unnamed TextStim: height = 0.7
33.5606 	EXP 	unnamed TextStim: height = 0.7
33.5606 	EXP 	unnamed TextStim: text = 'REFINED'
33.5606 	EXP 	unnamed TextStim: autoDraw = True
35.5608 	DATA 	No keypress (maxWait exceeded)
35.5736 	EXP 	unnamed TextStim: autoDraw = True
37.6722 	EXP 	unnamed TextStim: text = 'UPPERCASE'
37.6722 	EXP 	unnamed TextStim: height = 0.7
37.6722 	EXP 	unnamed TextStim: height = 0.7
37.6722 	EXP 	unnamed TextStim: height = 0.7
37.6722 	EXP 	unnamed TextStim: text = 'DIRECT'
37.6722 	EXP 	unnamed TextStim: autoDraw = True
39.6725 	DATA 	No keypress (maxWait exceeded)
39.6832 	EXP 	unnamed TextStim: autoDraw = True
41.2709 	EXP 	unnamed TextStim: height = 0.7
41.2709 	EXP 	unnamed TextStim: height = 0.7
41.2709 	EXP 	unnamed TextStim: height = 0.7
41.2709 	EXP 	unnamed TextStim: text = 'SELF'
41.2709 	EXP 	unnamed TextStim: height = 0.7
41.2709 	EXP 	unnamed TextStim: height = 0.7
41.2709 	EXP 	unnamed TextStim: height = 0.7
41.2709 	EXP 	unnamed TextStim: text = 'stern'
41.2709 	EXP 	unnamed TextStim: autoDraw = True
43.2711 	DATA 	No keypress (maxWait exceeded)
43.2811 	EXP 	unnamed TextStim: autoDraw = True
44.8682 	EXP 	unnamed TextStim: height = 0.7
44.8682 	EXP 	unnamed TextStim: height = 0.7
44.8682 	EXP 	unnamed TextStim: height = 0.7
44.8682 	EXP 	unnamed TextStim: text = 'OBAMA'
44.8682 	EXP 	unnamed TextStim: height = 0.7
44.8682 	EXP 	unnamed TextStim: height = 0.7
44.8682 	EXP 	unnamed TextStim: height = 0.7
44.8682 	EXP 	unnamed TextStim: text = 'quick'
44.8682 	EXP 	unnamed TextStim: autoDraw = True
46.8684 	DATA 	No keypress (maxWait exceeded)
46.8808 	EXP 	unnamed TextStim: autoDraw = True
50.9712 	EXP 	unnamed TextStim: height = 0.7
50.9712 	EXP 	unnamed TextStim: height = 0.7
50.9712 	EXP 	unnamed TextStim: height = 0.7
50.9712 	EXP 	unnamed TextStim: text = 'UPPERCASE'
50.9712 	EXP 	unnamed TextStim: height = 0.7
50.9712 	EXP 	unnamed TextStim: height = 0.7
50.9712 	EXP 	unnamed TextStim: height = 0.7
50.9712 	EXP 	unnamed TextStim: text = 'blunt'
50.9712 	EXP 	unnamed TextStim: autoDraw = True
52.9717 	DATA 	No keypress (maxWait exceeded)
52.9815 	EXP 	unnamed TextStim: autoDraw = True
55.4711 	EXP 	unnamed TextStim: height = 0.7
55.4711 	EXP 	unnamed TextStim: height = 0.7
55.4711 	EXP 	unnamed TextStim: height = 0.7
55.4711 	EXP 	unnamed TextStim: text = 'SELF'
55.4711 	EXP 	unnamed TextStim: height = 0.7
55.4711 	EXP 	unnamed TextStim: height = 0.7
55.4711 	EXP 	unnamed TextStim: height = 0.7
55.4711 	EXP 	unnamed TextStim: text = 'careless'
55.4711 	EXP 	unnamed TextStim: autoDraw = True
57.4714 	DATA 	No keypress (maxWait exceeded)
57.4807 	EXP 	unnamed TextStim: autoDraw = True
58.8683 	EXP 	unnamed TextStim: text = 'SELF'
58.8683 	EXP 	unnamed TextStim: height = 0.7
58.8683 	EXP 	unnamed TextStim: height = 0.7
58.8683 	EXP 	unnamed TextStim: height = 0.7
58.8683 	EXP 	unnamed TextStim: text = 'tactful'
58.8683 	EXP 	unnamed TextStim: autoDraw = True
60.8685 	DATA 	No keypress (maxWait exceeded)
60.8784 	EXP 	unnamed TextStim: autoDraw = True
61.1624 	EXP 	unnamed TextStim: height = 0.7
61.1624 	EXP 	unnamed TextStim: height = 0.7
61.1624 	EXP 	unnamed TextStim: height = 0.7
61.1624 	EXP 	unnamed TextStim: text = 'OBAMA'
61.1624 	EXP 	unnamed TextStim: height = 0.7
61.1624 	EXP 	unnamed TextStim: height = 0.7
61.1624 	EXP 	unnamed TextStim: height = 0.7
61.1624 	EXP 	unnamed TextStim: text = 'tough'
61.1624 	EXP 	unnamed TextStim: autoDraw = True
63.1626 	DATA 	No keypress (maxWait exceeded)
63.1726 	EXP 	unnamed TextStim: autoDraw = True
65.9688 	EXP 	unnamed TextStim: height = 0.7
65.9688 	EXP 	unnamed TextStim: height = 0.7
65.9688 	EXP 	unnamed TextStim: height = 0.7
65.9688 	EXP 	unnamed TextStim: text = 'UPPERCASE'
65.9688 	EXP 	unnamed TextStim: height = 0.7
65.9688 	EXP 	unnamed TextStim: height = 0.7
65.9688 	EXP 	unnamed TextStim: height = 0.7
65.9688 	EXP 	unnamed TextStim: text = 'good'
65.9688 	EXP 	unnamed TextStim: autoDraw = True
67.9690 	DATA 	No keypress (maxWait exceeded)
67.9810 	EXP 	unnamed TextStim: autoDraw = True
69.4692 	EXP 	unnamed TextStim: text = 'UPPERCASE'
69.4692 	EXP 	unnamed TextStim: height = 0.7
69.4692 	EXP 	unnamed TextStim: height = 0.7
69.4692 	EXP 	unnamed TextStim: height = 0.7
69.4692 	EXP 	unnamed TextStim: text = 'CANDID'
69.4692 	EXP 	unnamed TextStim: autoDraw = True
71.4694 	DATA 	No keypress (maxWait exceeded)
71.4796 	EXP 	unnamed TextStim: autoDraw = True
76.0739 	EXP 	unnamed TextStim: height = 0.7
76.0739 	EXP 	unnamed TextStim: height = 0.7
76.0739 	EXP 	unnamed TextStim: height = 0.7
76.0739 	EXP 	unnamed TextStim: text = 'SELF'
76.0739 	EXP 	unnamed TextStim: height = 0.7
76.0739 	EXP 	unnamed TextStim: height = 0.7
76.0739 	EXP 	unnamed TextStim: height = 0.7
76.0739 	EXP 	unnamed TextStim: text = 'subtle'
76.0739 	EXP 	unnamed TextStim: autoDraw = True
78.0741 	DATA 	No keypress (maxWait exceeded)
78.0852 	EXP 	unnamed TextStim: autoDraw = True
78.4616 	EXP 	unnamed TextStim: height = 0.7
78.4616 	EXP 	unnamed TextStim: height = 0.7
78.4616 	EXP 	unnamed TextStim: height = 0.7
78.4616 	EXP 	unnamed TextStim: text = 'OBAMA'
78.4616 	EXP 	unnamed TextStim: height = 0.7
78.4616 	EXP 	unnamed TextStim: height = 0.7
78.4616 	EXP 	unnamed TextStim: height = 0.7
78.4616 	EXP 	unnamed TextStim: text = 'cheerful'
78.4616 	EXP 	unnamed TextStim: autoDraw = True
80.4617 	DATA 	No keypress (maxWait exceeded)
80.4706 	EXP 	unnamed TextStim: autoDraw = True
81.1616 	EXP 	unnamed TextStim: height = 0.7
81.1616 	EXP 	unnamed TextStim: height = 0.7
81.1616 	EXP 	unnamed TextStim: height = 0.7
81.1616 	EXP 	unnamed TextStim: text = 'SELF'
81.1616 	EXP 	unnamed TextStim: height = 0.7
81.1616 	EXP 	unnamed TextStim: height = 0.7
81.1616 	EXP 	unnamed TextStim: height = 0.7
81.1616 	EXP 	unnamed TextStim: text = 'lucky'
81.1616 	EXP 	unnamed TextStim: autoDraw = True
83.1621 	DATA 	No keypress (maxWait exceeded)
83.1719 	EXP 	unnamed TextStim: autoDraw = True
84.6675 	EXP 	unnamed TextStim: height = 0.7
84.6675 	EXP 	unnamed TextStim: height = 0.7
84.6675 	EXP 	unnamed TextStim: height = 0.7
84.6675 	EXP 	unnamed TextStim: text = 'OBAMA'
84.6675 	EXP 	unnamed TextStim: height = 0.7
84.6675 	EXP 	unnamed TextStim: height = 0.7
84.6675 	EXP 	unnamed TextStim: height = 0.7
84.6675 	EXP 	unnamed TextStim: text = 'loud-mouthed'
84.6675 	EXP 	unnamed TextStim: autoDraw = True
86.6678 	DATA 	No keypress (maxWait exceeded)
86.6774 	EXP 	unnamed TextStim: autoDraw = True
87.8623 	EXP 	unnamed TextStim: text = 'OBAMA'
87.8623 	EXP 	unnamed TextStim: height = 0.7
87.8623 	EXP 	unnamed TextStim: height = 0.7
87.8623 	EXP 	unnamed TextStim: height = 0.7
87.8623 	EXP 	unnamed TextStim: text = 'spiteful'
87.8623 	EXP 	unnamed TextStim: autoDraw = True
89.8625 	DATA 	No keypress (maxWait exceeded)
89.8732 	EXP 	unnamed TextStim: autoDraw = True
91.2691 	EXP 	unnamed TextStim: text = 'OBAMA'
91.2691 	EXP 	unnamed TextStim: height = 0.7
91.2691 	EXP 	unnamed TextStim: height = 0.7
91.2691 	EXP 	unnamed TextStim: height = 0.7
91.2691 	EXP 	unnamed TextStim: text = 'weak'
91.2691 	EXP 	unnamed TextStim: autoDraw = True
93.2696 	DATA 	No keypress (maxWait exceeded)
93.2786 	EXP 	unnamed TextStim: autoDraw = True
97.4751 	EXP 	unnamed TextStim: height = 0.7
97.4751 	EXP 	unnamed TextStim: height = 0.7
97.4751 	EXP 	unnamed TextStim: height = 0.7
97.4751 	EXP 	unnamed TextStim: text = 'SELF'
97.4751 	EXP 	unnamed TextStim: height = 0.7
97.4751 	EXP 	unnamed TextStim: height = 0.7
97.4751 	EXP 	unnamed TextStim: height = 0.7
97.4751 	EXP 	unnamed TextStim: text = 'foolish'
97.4751 	EXP 	unnamed TextStim: autoDraw = True
99.4753 	DATA 	No keypress (maxWait exceeded)
99.4857 	EXP 	unnamed TextStim: autoDraw = True
101.8705 	EXP 	unnamed TextStim: height = 0.7
101.8705 	EXP 	unnamed TextStim: height = 0.7
101.8705 	EXP 	unnamed TextStim: height = 0.7
101.8705 	EXP 	unnamed TextStim: text = 'OBAMA'
101.8705 	EXP 	unnamed TextStim: height = 0.7
101.8705 	EXP 	unnamed TextStim: height = 0.7
101.8705 	EXP 	unnamed TextStim: height = 0.7
101.8705 	EXP 	unnamed TextStim: text = 'prideful'
101.8705 	EXP 	unnamed TextStim: autoDraw = True
103.8710 	DATA 	No keypress (maxWait exceeded)
103.8834 	EXP 	unnamed TextStim: autoDraw = True
107.6758 	EXP 	unnamed TextStim: height = 0.7
107.6758 	EXP 	unnamed TextStim: height = 0.7
107.6758 	EXP 	unnamed TextStim: height = 0.7
107.6758 	EXP 	unnamed TextStim: text = 'SELF'
107.6758 	EXP 	unnamed TextStim: height = 0.7
107.6758 	EXP 	unnamed TextStim: height = 0.7
107.6758 	EXP 	unnamed TextStim: height = 0.7
107.6758 	EXP 	unnamed TextStim: text = 'clean'
107.6758 	EXP 	unnamed TextStim: autoDraw = True
109.6760 	DATA 	No keypress (maxWait exceeded)
109.6863 	EXP 	unnamed TextStim: autoDraw = True
110.6618 	EXP 	unnamed TextStim: height = 0.7
110.6618 	EXP 	unnamed TextStim: height = 0.7
110.6618 	EXP 	unnamed TextStim: height = 0.7
110.6618 	EXP 	unnamed TextStim: text = 'OBAMA'
110.6618 	EXP 	unnamed TextStim: height = 0.7
110.6618 	EXP 	unnamed TextStim: height = 0.7
110.6618 	EXP 	unnamed TextStim: height = 0.7
110.6618 	EXP 	unnamed TextStim: text = 'wise'
110.6618 	EXP 	unnamed TextStim: autoDraw = True
112.6619 	DATA 	No keypress (maxWait exceeded)
112.6717 	EXP 	unnamed TextStim: autoDraw = True
